<?xml version="1.0" encoding="UTF-8" ?>
<testsuite errors="0" failures="1" hostname="localhost.localdomain" name="com.elitecore.test.audit.AuditTestCase" skipped="0" tests="3" time="0.888" timestamp="2015-03-16T08:37:17">
  <properties>
[...]
</properties>
  <testcase classname="com.elitecore.test.audit.AuditTestCase" name="testAuditSearch" time="0.535">
    <failure message="Search SystemAudit operation failed, reason: null" type="junit.framework.AssertionFailedError">junit.framework.AssertionFailedError: Search SystemAudit operation failed, reason: null
	at com.elitecore.test.audit.AuditTestCase.testAuditSearch(Unknown Source)
</failure>
  </testcase>
  <testcase classname="com.elitecore.test.audit.AuditTestCase" name="testWSAuditSearch" time="0.173" />
  <testcase classname="com.elitecore.test.audit.AuditTestCase" name="testBaseTestCase" time="0.039" />
  <system-out><![CDATA[Load from properties file.
************* inside lookup - start *****************
************* inside lookup - start *****************
SearchWsAuditVO [wsAuditId=562, eventName=changeInventoryStatus, status=ERROR, responseMessage=Not able to change status , find details in response object. INV000j0042: Central Warehouse Inventory can not be changed to Reserved,Allocated,Delivered or Recovered, processedDate=2015-03-13 12:30:25.0, responseCode=err-211032]
SearchWsAuditVO [wsAuditId=561, eventName=changeInventoryStatus, status=ERROR, responseMessage=Not able to change status , find details in response object. INV000j0042: Inventory old status is invalid. Possible value is between 1 to 11, processedDate=2015-03-13 12:25:57.0, responseCode=err-211032]
SearchWsAuditVO [wsAuditId=545, eventName=markCPEAsFaultyWithOwnerChang, status=ERROR, responseMessage=Invalid Inventory Number or Inventory Number list should not be blank., processedDate=2015-03-05 11:57:16.0, responseCode=err-211010]
SearchWsAuditVO [wsAuditId=544, eventName=markCPEAsFaultyWithOwnerChang, status=ERROR, responseMessage=Invalid Inventory Number or Inventory Number list should not be blank., processedDate=2015-03-05 11:55:10.0, responseCode=err-211010]
SearchWsAuditVO [wsAuditId=543, eventName=markCPEAsFaultyWithOwnerChang, status=ERROR, responseMessage=Invalid Inventory Number or Inventory Number list should not be blank., processedDate=2015-03-05 11:53:04.0, responseCode=err-211010]
SearchWsAuditVO [wsAuditId=542, eventName=markCPEAsFaultyWithOwnerChang, status=ERROR, responseMessage=Not able to mark all CPEs As Faulty,Please try again later.yuu:Invalid Inventory Number
,cccc:Invalid Inventory Number
, processedDate=2015-03-05 11:51:13.0, responseCode=err-211046]
SearchWsAuditVO [wsAuditId=541, eventName=markCPEAsFaultyWithOwnerChang, status=ERROR, responseMessage=Not able to mark all CPEs As Faulty,Please try again later.yuu:Invalid Inventory Number
,cccc:Invalid Inventory Number
, processedDate=2015-03-05 11:40:19.0, responseCode=err-211046]
SearchWsAuditVO [wsAuditId=540, eventName=markCPEAsFaultyWithOwnerChang, status=ERROR, responseMessage=Invalid Inventory Number or Inventory Number list should not be blank., processedDate=2015-03-05 11:39:06.0, responseCode=err-211010]
SearchWsAuditVO [wsAuditId=539, eventName=markCPEAsFaultyWithOwnerChang, status=ERROR, responseMessage=Invalid Inventory Number or Inventory Number list should not be blank., processedDate=2015-03-05 11:38:52.0, responseCode=err-211010]
SearchWsAuditVO [wsAuditId=538, eventName=markCPEAsFaultyWithOwnerChang, status=ERROR, responseMessage=Not able to mark all CPEs As Faulty,Please try again later.ghgh:Invalid Inventory Number
,ghgh:Invalid Inventory Number
, processedDate=2015-03-05 11:37:43.0, responseCode=err-211046]
SearchWsAuditVO [wsAuditId=537, eventName=markCPEAsFaultyWithOwnerChang, status=ERROR, responseMessage=Not able to mark all CPEs As Faulty,Please try again later.ghgh:Invalid Inventory Number
, processedDate=2015-03-05 11:35:22.0, responseCode=err-211046]
SearchWsAuditVO [wsAuditId=536, eventName=markCPEAsFaultyWithOwnerChang, status=ERROR, responseMessage=Not able to mark all CPEs As Faulty,Please try again later.ghgh:Invalid Inventory Number
, processedDate=2015-03-05 11:34:33.0, responseCode=err-211046]
SearchWsAuditVO [wsAuditId=535, eventName=markCPEAsFaultyWithOwnerChang, status=ERROR, responseMessage=Not able to mark all CPEs As Faulty,Please try again later.ghgh:Invalid Inventory Number
, processedDate=2015-03-05 11:24:43.0, responseCode=err-211046]
SearchWsAuditVO [wsAuditId=534, eventName=markCPEAsFaultyWithOwnerChang, status=ERROR, responseMessage=Not able to mark all CPEs As Faulty,Please try again later.ghgh:Invalid Inventory Number
, processedDate=2015-03-05 11:14:34.0, responseCode=err-211046]
SearchWsAuditVO [wsAuditId=533, eventName=markCPEAsFaultyWithOwnerChang, status=ERROR, responseMessage=Not able to mark all CPEs As Faulty,Please try again later.ghgh:Invalid Inventory Number
, processedDate=2015-03-05 11:12:03.0, responseCode=err-211046]
SearchWsAuditVO [wsAuditId=532, eventName=markCPEAsFaultyWithOwnerChang, status=ERROR, responseMessage=Not able to mark all CPEs As Faulty,Please try again later.ghgjgj:Invalid Inventory Number
, processedDate=2015-03-05 11:11:17.0, responseCode=err-211046]
SearchWsAuditVO [wsAuditId=531, eventName=markCPEAsFaultyWithOwnerChang, status=ERROR, responseMessage=Invalid Inventory Number or Inventory Number list should not be blank., processedDate=2015-03-05 11:11:10.0, responseCode=err-211010]
SearchWsAuditVO [wsAuditId=530, eventName=markCPEAsFaultyWithOwnerChang, status=ERROR, responseMessage=Invalid Inventory Number or Inventory Number list should not be blank., processedDate=2015-03-05 11:10:59.0, responseCode=err-211010]
SearchWsAuditVO [wsAuditId=529, eventName=markCPEAsFaultyWithOwnerChang, status=ERROR, responseMessage=Not able to mark all CPEs As Faulty,Please try again later.ghjghj:Invalid Inventory Number
, processedDate=2015-03-05 11:10:50.0, responseCode=err-211046]
SearchWsAuditVO [wsAuditId=528, eventName=markCPEAsFaultyWithOwnerChang, status=ERROR, responseMessage=Not able to mark all CPEs As Faulty,Please try again later.ghjghj:Invalid Inventory Number
, processedDate=2015-03-05 10:59:43.0, responseCode=err-211046]
SearchWsAuditVO [wsAuditId=527, eventName=markCPEAsFaultyWithOwnerChang, status=ERROR, responseMessage=Not able to mark all CPEs As Faulty,Please try again later.ghjghj:Invalid Inventory Number
, processedDate=2015-03-05 10:57:03.0, responseCode=err-211046]
SearchWsAuditVO [wsAuditId=526, eventName=markCPEAsFaultyWithOwnerChang, status=ERROR, responseMessage=Not able to mark all CPEs As Faulty,Please try again later.ghjghj:Invalid Inventory Number
, processedDate=2015-03-05 10:54:16.0, responseCode=err-211046]
SearchWsAuditVO [wsAuditId=525, eventName=markCPEAsFaultyWithOwnerChang, status=ERROR, responseMessage=Not able to mark all CPEs As Faulty,Please try again later.ghjghj:Invalid Inventory Number
, processedDate=2015-03-05 10:51:27.0, responseCode=err-211046]
SearchWsAuditVO [wsAuditId=524, eventName=markCPEAsFaultyWithOwnerChang, status=ERROR, responseMessage=Invalid Inventory Number or Inventory Number list should not be blank., processedDate=2015-03-05 10:51:14.0, responseCode=err-211010]
SearchWsAuditVO [wsAuditId=523, eventName=markCPEAsFaultyWithOwnerChang, status=ERROR, responseMessage=Invalid Inventory Number or Inventory Number list should not be blank., processedDate=2015-03-05 10:49:12.0, responseCode=err-211010]
SearchWsAuditVO [wsAuditId=522, eventName=markCPEAsFaultyWithOwnerChang, status=ERROR, responseMessage=Invalid Inventory Number or Inventory Number list should not be blank., processedDate=2015-03-05 10:47:33.0, responseCode=err-211010]
SearchWsAuditVO [wsAuditId=521, eventName=markCPEAsFaultyWithOwnerChang, status=ERROR, responseMessage=Not able to mark all CPEs As Faulty,Please try again later.uuu:Invalid Inventory Number
, processedDate=2015-03-05 10:42:40.0, responseCode=err-211046]
SearchWsAuditVO [wsAuditId=520, eventName=markCPEAsFaultyWithOwnerChang, status=ERROR, responseMessage=Not able to mark all CPEs As Faulty,Please try again later.uuu:Invalid Inventory Number
, processedDate=2015-03-05 10:39:07.0, responseCode=err-211046]
SearchWsAuditVO [wsAuditId=519, eventName=markCPEAsFaultyWithOwnerChang, status=ERROR, responseMessage=Not able to mark all CPEs As Faulty,Please try again later.uuu:Invalid Inventory Number
, processedDate=2015-03-05 10:35:19.0, responseCode=err-211046]
SearchWsAuditVO [wsAuditId=518, eventName=markCPEAsFaultyWithOwnerChang, status=ERROR, responseMessage=Invalid Inventory Number or Inventory Number list should not be blank., processedDate=2015-03-05 10:32:50.0, responseCode=err-211010]
SearchWsAuditVO [wsAuditId=517, eventName=markCPEAsFaultyWithOwnerChang, status=ERROR, responseMessage=Invalid Inventory Number or Inventory Number list should not be blank., processedDate=2015-03-05 10:28:42.0, responseCode=err-211010]
SearchWsAuditVO [wsAuditId=516, eventName=markCPEAsFaultyWithOwnerChang, status=ERROR, responseMessage=Not able to mark all CPEs As Faulty,Please try again later.INV00kj0005:Status change not allowed from Faulty to Faulty
, processedDate=2015-03-05 10:27:59.0, responseCode=err-211046]
SearchWsAuditVO [wsAuditId=515, eventName=markCPEAsFaultyWithOwnerChang, status=ERROR, responseMessage=Invalid Inventory Number or Inventory Number list should not be blank., processedDate=2015-03-05 10:27:26.0, responseCode=err-211010]
SearchWsAuditVO [wsAuditId=514, eventName=markCPEAsFaultyWithOwnerChang, status=ERROR, responseMessage=Not able to mark all CPEs As Faulty,Please try again later.INV00kj0005:Status change not allowed from Faulty to Faulty
, processedDate=2015-03-05 10:26:58.0, responseCode=err-211046]
SearchWsAuditVO [wsAuditId=513, eventName=markCPEAsFaultyWithOwnerChang, status=ERROR, responseMessage=Not able to mark all CPEs As Faulty,Please try again later.INV00kj0005:Status change not allowed from Faulty to Faulty
, processedDate=2015-03-05 10:26:14.0, responseCode=err-211046]
SearchWsAuditVO [wsAuditId=512, eventName=markCPEAsFaultyWithOwnerChang, status=ERROR, responseMessage=Not able to mark all CPEs As Faulty,Please try again later.INV00kj0005:Status change not allowed from Faulty to Faulty
, processedDate=2015-03-05 10:26:07.0, responseCode=err-211046]
SearchWsAuditVO [wsAuditId=511, eventName=markCPEAsFaultyWithOwnerChang, status=ERROR, responseMessage=Not able to mark all CPEs As Faulty,Please try again later.hjhh:Invalid Inventory Number
, processedDate=2015-03-05 10:24:59.0, responseCode=err-211046]
SearchWsAuditVO [wsAuditId=510, eventName=markCPEAsFaultyWithOwnerChang, status=ERROR, responseMessage=Invalid Inventory Number or Inventory Number list should not be blank., processedDate=2015-03-05 10:24:49.0, responseCode=err-211010]
SearchWsAuditVO [wsAuditId=509, eventName=markCPEAsFaultyWithOwnerChang, status=ERROR, responseMessage=Not able to mark all CPEs As Faulty,Please try again later.INV0uy00002:Inventory TransferStatus is in progress, so can't change the Status
, processedDate=2015-03-05 10:24:37.0, responseCode=err-211046]
SearchWsAuditVO [wsAuditId=508, eventName=markCPEAsFaultyWithOwnerChang, status=ERROR, responseMessage=Not able to mark all CPEs As Faulty,Please try again later.INV0uy00002:Inventory TransferStatus is in progress, so can't change the Status
, processedDate=2015-03-05 10:24:18.0, responseCode=err-211046]
SearchWsAuditVO [wsAuditId=507, eventName=markCPEAsFaultyWithOwnerChang, status=ERROR, responseMessage=Not able to mark all CPEs As Faulty,Please try again later.INV0uy00002:Inventory TransferStatus is in progress, so can't change the Status
, processedDate=2015-03-05 10:23:30.0, responseCode=err-211046]
SearchWsAuditVO [wsAuditId=506, eventName=markCPEAsFaultyWithOwnerChang, status=ERROR, responseMessage=Invalid Warehouse Code, processedDate=2015-03-05 10:22:20.0, responseCode=err-211027]
SearchWsAuditVO [wsAuditId=505, eventName=markCPEAsFaultyWithOwnerChang, status=ERROR, responseMessage=Invalid Inventory Number or Inventory Number list should not be blank., processedDate=2015-03-05 10:22:03.0, responseCode=err-211010]
SearchWsAuditVO [wsAuditId=504, eventName=markCPEAsFaultyWithOwnerChang, status=ERROR, responseMessage=Invalid Warehouse Code, processedDate=2015-03-05 10:21:50.0, responseCode=err-211027]
SearchWsAuditVO [wsAuditId=503, eventName=markCPEAsFaultyWithOwnerChang, status=ERROR, responseMessage=Invalid Warehouse Code, processedDate=2015-03-05 10:21:44.0, responseCode=err-211027]
SearchWsAuditVO [wsAuditId=502, eventName=markCPEAsFaultyWithOwnerChang, status=SUCCESS, responseMessage=Success, processedDate=2015-03-05 10:21:00.0, responseCode=0]
SearchWsAuditVO [wsAuditId=501, eventName=markCPEAsFaultyWithOwnerChang, status=ERROR, responseMessage=Not able to mark all CPEs As Faulty,Please try again later.INV00yu0001:Inventory TransferStatus is in progress, so can't change the Status
, processedDate=2015-03-05 10:19:25.0, responseCode=err-211046]
SearchWsAuditVO [wsAuditId=482, eventName=BookCPEResource, status=ERROR, responseMessage=Some of Inventory not found in Available Status. Please try again later.INV000001003:Invalid Inventory Number
, processedDate=2015-03-03 14:58:27.0, responseCode=err-211037]
SearchWsAuditVO [wsAuditId=481, eventName=BookCPEResource, status=ERROR, responseMessage=Some of Inventory not found in Available Status. Please try again later.INV00000100:Invalid Inventory Number
, processedDate=2015-03-03 14:58:15.0, responseCode=err-211037]
SearchWsAuditVO [wsAuditId=468, eventName=changeInventoryStatus, status=ERROR, responseMessage=Not able to change status , find details in response object, processedDate=2015-02-05 14:50:50.0, responseCode=err-211032]
SearchWsAuditVO [wsAuditId=467, eventName=changeInventoryStatus, status=ERROR, responseMessage=Not able to change status , find details in response object, processedDate=2015-02-05 14:50:22.0, responseCode=err-211032]
SearchWsAuditVO [wsAuditId=466, eventName=changeInventoryStatus, status=SUCCESS, responseMessage=Success, processedDate=2015-02-05 14:49:47.0, responseCode=0]
SearchWsAuditVO [wsAuditId=465, eventName=changeInventoryStatus, status=SUCCESS, responseMessage=Success, processedDate=2015-02-05 14:43:08.0, responseCode=0]
SearchWsAuditVO [wsAuditId=464, eventName=changeInventoryStatus, status=SUCCESS, responseMessage=Success, processedDate=2015-02-05 14:43:05.0, responseCode=0]
SearchWsAuditVO [wsAuditId=463, eventName=changeInventoryStatus, status=ERROR, responseMessage=Not able to change status , find details in response object, processedDate=2015-02-05 14:42:59.0, responseCode=err-211032]
SearchWsAuditVO [wsAuditId=462, eventName=changeInventoryStatus, status=SUCCESS, responseMessage=Success, processedDate=2015-02-05 14:42:02.0, responseCode=0]
SearchWsAuditVO [wsAuditId=461, eventName=changeInventoryStatus, status=null, responseMessage=null, processedDate=2015-02-05 14:41:28.0, responseCode=null]
SearchWsAuditVO [wsAuditId=445, eventName=changeInventoryStatus, status=ERROR, responseMessage=Not able to change status , find details in response object, processedDate=2015-01-30 18:48:56.0, responseCode=err-211032]
SearchWsAuditVO [wsAuditId=444, eventName=changeInventoryStatus, status=ERROR, responseMessage=Not able to change status , find details in response object, processedDate=2015-01-30 18:48:48.0, responseCode=err-211032]
SearchWsAuditVO [wsAuditId=443, eventName=changeInventoryStatus, status=ERROR, responseMessage=Not able to change status , find details in response object, processedDate=2015-01-30 18:44:21.0, responseCode=err-211032]
SearchWsAuditVO [wsAuditId=442, eventName=changeInventoryStatus, status=null, responseMessage=null, processedDate=2015-01-30 18:43:12.0, responseCode=null]
SearchWsAuditVO [wsAuditId=441, eventName=changeInventoryStatus, status=null, responseMessage=null, processedDate=2015-01-30 18:25:37.0, responseCode=null]
SearchWsAuditVO [wsAuditId=426, eventName=changeInventoryStatus, status=ERROR, responseMessage=Not able to change status , find details in response object, processedDate=2015-01-12 18:24:36.0, responseCode=err-211032]
SearchWsAuditVO [wsAuditId=425, eventName=changeInventoryStatus, status=SUCCESS, responseMessage=Success, processedDate=2015-01-12 18:24:29.0, responseCode=0]
SearchWsAuditVO [wsAuditId=424, eventName=changeInventoryStatus, status=ERROR, responseMessage=Not able to change status , find details in response object, processedDate=2015-01-12 18:24:24.0, responseCode=err-211032]
SearchWsAuditVO [wsAuditId=423, eventName=changeInventoryStatus, status=ERROR, responseMessage=Not able to change status , find details in response object, processedDate=2015-01-12 18:24:13.0, responseCode=err-211032]
SearchWsAuditVO [wsAuditId=422, eventName=changeInventoryStatus, status=SUCCESS, responseMessage=Success, processedDate=2015-01-12 18:24:06.0, responseCode=0]
SearchWsAuditVO [wsAuditId=421, eventName=changeInventoryStatus, status=ERROR, responseMessage=Not able to change status , find details in response object, processedDate=2015-01-12 18:24:01.0, responseCode=err-211032]
SearchWsAuditVO [wsAuditId=420, eventName=changeInventoryStatus, status=SUCCESS, responseMessage=Success, processedDate=2015-01-12 18:23:49.0, responseCode=0]
SearchWsAuditVO [wsAuditId=419, eventName=changeInventoryStatus, status=null, responseMessage=null, processedDate=2015-01-12 18:15:59.0, responseCode=null]
SearchWsAuditVO [wsAuditId=418, eventName=changeInventoryStatus, status=null, responseMessage=null, processedDate=2015-01-12 18:15:39.0, responseCode=null]
SearchWsAuditVO [wsAuditId=417, eventName=changeInventoryStatus, status=ERROR, responseMessage=Not able to change status , find details in response object, processedDate=2015-01-12 18:15:34.0, responseCode=err-211032]
SearchWsAuditVO [wsAuditId=416, eventName=changeInventoryStatus, status=ERROR, responseMessage=Not able to change status , find details in response object, processedDate=2015-01-12 18:15:16.0, responseCode=err-211032]
SearchWsAuditVO [wsAuditId=415, eventName=changeInventoryStatus, status=ERROR, responseMessage=Not able to change status , find details in response object, processedDate=2015-01-12 18:14:20.0, responseCode=err-211032]
SearchWsAuditVO [wsAuditId=414, eventName=changeInventoryStatus, status=null, responseMessage=null, processedDate=2015-01-12 18:13:49.0, responseCode=null]
SearchWsAuditVO [wsAuditId=413, eventName=changeInventoryStatus, status=ERROR, responseMessage=Not able to change status , find details in response object, processedDate=2015-01-12 18:11:36.0, responseCode=err-211032]
SearchWsAuditVO [wsAuditId=412, eventName=changeInventoryStatus, status=ERROR, responseMessage=Not able to change status , find details in response object, processedDate=2015-01-12 18:09:32.0, responseCode=err-211032]
SearchWsAuditVO [wsAuditId=411, eventName=changeInventoryStatus, status=ERROR, responseMessage=Not able to change status , find details in response object, processedDate=2015-01-12 18:08:23.0, responseCode=err-211032]
SearchWsAuditVO [wsAuditId=410, eventName=changeInventoryStatus, status=ERROR, responseMessage=Not able to change status , find details in response object, processedDate=2015-01-12 18:07:25.0, responseCode=err-211032]
SearchWsAuditVO [wsAuditId=409, eventName=changeInventoryStatus, status=null, responseMessage=null, processedDate=2015-01-12 18:06:17.0, responseCode=null]
SearchWsAuditVO [wsAuditId=408, eventName=BookCPEResource, status=SUCCESS, responseMessage=Success, processedDate=2015-01-12 18:05:35.0, responseCode=0]
SearchWsAuditVO [wsAuditId=407, eventName=BookCPEResource, status=SUCCESS, responseMessage=Success, processedDate=2015-01-12 18:05:07.0, responseCode=0]
SearchWsAuditVO [wsAuditId=406, eventName=BookCPEResource, status=ERROR, responseMessage=Not able to allocate all inventories , please try later. Failed Inventories : INVMIG112, processedDate=2015-01-12 18:04:31.0, responseCode=err-211033]
SearchWsAuditVO [wsAuditId=405, eventName=BookCPEResource, status=SUCCESS, responseMessage=Success, processedDate=2015-01-12 18:04:29.0, responseCode=0]
SearchWsAuditVO [wsAuditId=404, eventName=BookCPEResource, status=ERROR, responseMessage=Not able to allocate all inventories , please try later. Failed Inventories : INVMIG112, processedDate=2015-01-12 18:01:32.0, responseCode=err-211033]
SearchWsAuditVO [wsAuditId=403, eventName=BookCPEResource, status=ERROR, responseMessage=Not able to allocate all inventories , please try later. Failed Inventories : INVMIG112, processedDate=2015-01-12 18:00:13.0, responseCode=err-211033]
SearchWsAuditVO [wsAuditId=402, eventName=BookCPEResource, status=ERROR, responseMessage=Not able to allocate all inventories , please try later. Failed Inventories : INVMIG112, processedDate=2015-01-12 17:59:10.0, responseCode=err-211033]
SearchWsAuditVO [wsAuditId=401, eventName=BookCPEResource, status=ERROR, responseMessage=Not able to allocate all inventories , please try later. Failed Inventories : INVMIG112, processedDate=2015-01-12 17:54:21.0, responseCode=err-211033]
SearchWsAuditVO [wsAuditId=395, eventName=BookCPEResource, status=ERROR, responseMessage=Some Internal error occurred, contact your system administrator., processedDate=2015-01-12 15:52:40.0, responseCode=err-111999]
SearchWsAuditVO [wsAuditId=394, eventName=BookCPEResource, status=ERROR, responseMessage=Some Internal error occurred, contact your system administrator., processedDate=2015-01-12 15:52:25.0, responseCode=err-111999]
SearchWsAuditVO [wsAuditId=393, eventName=BookCPEResource, status=ERROR, responseMessage=Not able to allocate all inventories , please try later. Failed Inventories : INVMIG112, processedDate=2015-01-12 15:44:31.0, responseCode=err-211033]
SearchWsAuditVO [wsAuditId=392, eventName=BookCPEResource, status=ERROR, responseMessage=Not able to allocate all inventories , please try later. Failed Inventories : INVMIG112, processedDate=2015-01-12 15:43:54.0, responseCode=err-211033]
SearchWsAuditVO [wsAuditId=391, eventName=BookCPEResource, status=ERROR, responseMessage=Not able to allocate all inventories , please try later. Failed Inventories : INVMIG119, processedDate=2015-01-12 15:41:57.0, responseCode=err-211033]
SearchWsAuditVO [wsAuditId=390, eventName=BookCPEResource, status=ERROR, responseMessage=Invalid value for isResourceRecoverable field, possible value is Yes or No., processedDate=2015-01-12 15:41:49.0, responseCode=err-211035]
SearchWsAuditVO [wsAuditId=389, eventName=BookCPEResource, status=ERROR, responseMessage=isResourceRecoverable should not be blank for operation type Allocate, processedDate=2015-01-12 15:39:33.0, responseCode=err-211035]
SearchWsAuditVO [wsAuditId=388, eventName=BookCPEResource, status=ERROR, responseMessage=isResourceRecoverable should not be blank for operation type Allocate, processedDate=2015-01-12 15:39:13.0, responseCode=err-211035]
SearchWsAuditVO [wsAuditId=387, eventName=BookCPEResource, status=ERROR, responseMessage=isResourceRecoverable should not be blank for operation type Allocate, processedDate=2015-01-12 15:39:03.0, responseCode=err-211034]
SearchWsAuditVO [wsAuditId=386, eventName=BookCPEResource, status=ERROR, responseMessage=Change Status for some inventories Success, find details in response object, processedDate=2015-01-12 15:38:13.0, responseCode=err-211031]
SearchWsAuditVO [wsAuditId=385, eventName=BookCPEResource, status=ERROR, responseMessage=Change Status for some inventories Success, find details in response object, processedDate=2015-01-12 15:36:37.0, responseCode=err-211031]
SearchWsAuditVO [wsAuditId=384, eventName=BookCPEResource, status=ERROR, responseMessage=Warehouse name should not be blank for operation type Reserve, processedDate=2015-01-12 15:36:33.0, responseCode=err-211000]
SearchWsAuditVO [wsAuditId=383, eventName=BookCPEResource, status=ERROR, responseMessage=Operation Type should not be as blank Possible value is Reserve or Allocate, processedDate=2015-01-12 15:34:55.0, responseCode=err-211009]
SearchWsAuditVO [wsAuditId=382, eventName=changeInventoryStatus, status=ERROR, responseMessage=Not able to change status , find details in response object, processedDate=2015-01-09 14:20:00.0, responseCode=err-211032]
SearchWsAuditVO [wsAuditId=381, eventName=checkCPEResource, status=SUCCESS, responseMessage=Success, processedDate=2015-01-09 14:19:48.0, responseCode=0]
SearchWsAuditVO [wsAuditId=363, eventName=BookCPEResource, status=ERROR, responseMessage=Required quantity is not available for reserve, Please try again with different quantity. Current available quantity is :1, processedDate=2014-12-12 16:39:08.0, responseCode=err-211014]
SearchWsAuditVO [wsAuditId=362, eventName=BookCPEResource, status=SUCCESS, responseMessage=Success, processedDate=2014-12-12 16:38:56.0, responseCode=0]
SearchWsAuditVO [wsAuditId=361, eventName=BookCPEResource, status=SUCCESS, responseMessage=Success, processedDate=2014-12-12 16:38:45.0, responseCode=0]
SearchWsAuditVO [wsAuditId=344, eventName=changeInventoryStatus, status=ERROR, responseMessage=Change Status for some inventories Success, find details in response object, processedDate=2014-12-10 16:42:44.0, responseCode=err-211026]
SearchWsAuditVO [wsAuditId=343, eventName=changeInventoryStatus, status=SUCCESS, responseMessage=Success, processedDate=2014-12-10 16:26:07.0, responseCode=0]
SearchWsAuditVO [wsAuditId=342, eventName=changeInventoryStatus, status=SUCCESS, responseMessage=Success, processedDate=2014-12-10 16:25:10.0, responseCode=0]
SearchWsAuditVO [wsAuditId=341, eventName=changeInventoryStatus, status=ERROR, responseMessage=Not able to change status , find details in response object, processedDate=2014-12-10 16:24:49.0, responseCode=err-211027]
SearchWsAuditVO [wsAuditId=335, eventName=BookCPEResource, status=SUCCESS, responseMessage=Success, processedDate=2014-12-04 16:58:05.0, responseCode=0]
SearchWsAuditVO [wsAuditId=334, eventName=BookCPEResource, status=ERROR, responseMessage=Inventory Number or SerialNumber should not be blank for operation type Allocate, processedDate=2014-12-04 16:57:29.0, responseCode=err-211024]
SearchWsAuditVO [wsAuditId=333, eventName=checkCPEResource, status=SUCCESS, responseMessage=Success, processedDate=2014-12-04 12:02:31.0, responseCode=0]
SearchWsAuditVO [wsAuditId=332, eventName=checkCPEResource, status=SUCCESS, responseMessage=Success, processedDate=2014-12-04 12:02:17.0, responseCode=0]
SearchWsAuditVO [wsAuditId=331, eventName=checkCPEResource, status=SUCCESS, responseMessage=No Resources Found, processedDate=2014-12-04 12:00:29.0, responseCode=0]
SearchWsAuditVO [wsAuditId=330, eventName=checkCPEResource, status=SUCCESS, responseMessage=Success, processedDate=2014-12-04 12:00:20.0, responseCode=0]
SearchWsAuditVO [wsAuditId=329, eventName=checkCPEResource, status=SUCCESS, responseMessage=Success, processedDate=2014-12-04 12:00:20.0, responseCode=0]
SearchWsAuditVO [wsAuditId=328, eventName=checkCPEResource, status=SUCCESS, responseMessage=Success, processedDate=2014-12-04 12:00:19.0, responseCode=0]
SearchWsAuditVO [wsAuditId=327, eventName=checkCPEResource, status=SUCCESS, responseMessage=Success, processedDate=2014-12-04 12:00:06.0, responseCode=0]
SearchWsAuditVO [wsAuditId=326, eventName=checkCPEResource, status=SUCCESS, responseMessage=Success, processedDate=2014-12-04 11:58:05.0, responseCode=0]
SearchWsAuditVO [wsAuditId=325, eventName=checkCPEResource, status=SUCCESS, responseMessage=No Resources Found, processedDate=2014-12-04 11:57:40.0, responseCode=0]
SearchWsAuditVO [wsAuditId=324, eventName=checkCPEResource, status=SUCCESS, responseMessage=Success, processedDate=2014-12-04 11:56:30.0, responseCode=0]
SearchWsAuditVO [wsAuditId=323, eventName=checkCPEResource, status=SUCCESS, responseMessage=Success, processedDate=2014-12-04 11:54:47.0, responseCode=0]
SearchWsAuditVO [wsAuditId=322, eventName=checkCPEResource, status=SUCCESS, responseMessage=No Resources Found, processedDate=2014-12-04 11:54:17.0, responseCode=0]
SearchWsAuditVO [wsAuditId=321, eventName=checkCPEResource, status=SUCCESS, responseMessage=Success, processedDate=2014-12-04 11:52:33.0, responseCode=0]
SearchWsAuditVO [wsAuditId=316, eventName=BookCPEResource, status=ERROR, responseMessage=Inventory Number or SerialNumber should not be blank for operation type Allocate, processedDate=2014-12-03 10:57:42.0, responseCode=err-211024]
SearchWsAuditVO [wsAuditId=315, eventName=BookCPEResource, status=ERROR, responseMessage=Invalid Resource ID, processedDate=2014-12-03 10:54:38.0, responseCode=err-211016]
SearchWsAuditVO [wsAuditId=314, eventName=BookCPEResource, status=ERROR, responseMessage=Required quantity is not available for reserve, Please try again with different quantity. Current available quantity is :0, processedDate=2014-12-03 10:54:24.0, responseCode=err-211014]
SearchWsAuditVO [wsAuditId=313, eventName=BookCPEResource, status=ERROR, responseMessage=Invalid Warehouse Name, processedDate=2014-12-03 10:54:20.0, responseCode=err-211002]
SearchWsAuditVO [wsAuditId=312, eventName=BookCPEResource, status=ERROR, responseMessage=Invalid noOfResource, Please provide numeric values for noOfResource, processedDate=2014-12-03 10:54:12.0, responseCode=err-211021]
SearchWsAuditVO [wsAuditId=311, eventName=BookCPEResource, status=ERROR, responseMessage=Order Line Item ID should not be blank for operation type Reserve, processedDate=2014-12-03 10:54:06.0, responseCode=err-211011]
SearchWsAuditVO [wsAuditId=310, eventName=BookCPEResource, status=ERROR, responseMessage=Warehouse name should not be blank for operation type Reserve, processedDate=2014-12-03 10:53:25.0, responseCode=err-211000]
SearchWsAuditVO [wsAuditId=309, eventName=BookCPEResource, status=ERROR, responseMessage=Not able to allocate all inventories , please try later. Failed Inventories : TA0000000006, processedDate=2014-12-03 10:51:26.0, responseCode=err-211025]
SearchWsAuditVO [wsAuditId=308, eventName=checkCPEResource, status=SUCCESS, responseMessage=Success, processedDate=2014-12-03 10:51:02.0, responseCode=0]
SearchWsAuditVO [wsAuditId=307, eventName=checkCPEResource, status=SUCCESS, responseMessage=No Resources Found, processedDate=2014-12-03 10:49:59.0, responseCode=0]
SearchWsAuditVO [wsAuditId=306, eventName=checkCPEResource, status=ERROR, responseMessage=Invalid Warehouse Name, processedDate=2014-12-03 10:49:52.0, responseCode=err-211002]
SearchWsAuditVO [wsAuditId=305, eventName=checkCPEResource, status=ERROR, responseMessage=Invalid Resource ID, processedDate=2014-12-03 10:49:36.0, responseCode=err-211016]
SearchWsAuditVO [wsAuditId=304, eventName=checkCPEResource, status=SUCCESS, responseMessage=No Resources Found, processedDate=2014-12-03 10:49:14.0, responseCode=0]
SearchWsAuditVO [wsAuditId=303, eventName=checkCPEResource, status=SUCCESS, responseMessage=No Resources Found, processedDate=2014-12-03 10:49:04.0, responseCode=0]
SearchWsAuditVO [wsAuditId=302, eventName=checkCPEResource, status=SUCCESS, responseMessage=No Resources Found, processedDate=2014-12-03 10:48:52.0, responseCode=0]
SearchWsAuditVO [wsAuditId=301, eventName=checkCPEResource, status=ERROR, responseMessage=ResourceId should not be blank, processedDate=2014-12-03 10:48:25.0, responseCode=err-211003]
Junit Start
]]></system-out>
  <system-err><![CDATA[log4j:WARN No appenders could be found for logger (org.jnp.interfaces.TimedSocketFactory).
log4j:WARN Please initialize the log4j system properly.
log4j:WARN See http://logging.apache.org/log4j/1.2/faq.html#noconfig for more info.
com.elitecore.cpe.bl.exception.AccessDeniedException: Invalid Userame / Password
	at com.elitecore.cpe.bl.facade.bss.user.BSSUserFacade.doLogin(BSSUserFacade.java:152)
	at sun.reflect.GeneratedMethodAccessor440.invoke(Unknown Source)
	at sun.reflect.DelegatingMethodAccessorImpl.invoke(DelegatingMethodAccessorImpl.java:25)
	at java.lang.reflect.Method.invoke(Method.java:597)
	at org.jboss.aop.joinpoint.MethodInvocation.invokeTarget(MethodInvocation.java:122)
	at org.jboss.aop.joinpoint.MethodInvocation.invokeNext(MethodInvocation.java:111)
	at org.jboss.ejb3.interceptors.container.ContainerMethodInvocationWrapper.invokeNext(ContainerMethodInvocationWrapper.java:72)
	at org.jboss.ejb3.interceptors.aop.InterceptorSequencer.invoke(InterceptorSequencer.java:76)
	at org.jboss.ejb3.interceptors.aop.InterceptorSequencer.aroundInvoke(InterceptorSequencer.java:62)
	at sun.reflect.GeneratedMethodAccessor365.invoke(Unknown Source)
	at sun.reflect.DelegatingMethodAccessorImpl.invoke(DelegatingMethodAccessorImpl.java:25)
	at java.lang.reflect.Method.invoke(Method.java:597)
	at org.jboss.aop.advice.PerJoinpointAdvice.invoke(PerJoinpointAdvice.java:174)
	at org.jboss.aop.joinpoint.MethodInvocation.invokeNext(MethodInvocation.java:102)
	at org.jboss.ejb3.interceptors.aop.InvocationContextInterceptor.fillMethod(InvocationContextInterceptor.java:74)
	at org.jboss.aop.advice.org.jboss.ejb3.interceptors.aop.InvocationContextInterceptor_z_fillMethod_1773080527.invoke(InvocationContextInterceptor_z_fillMethod_1773080527.java)
	at org.jboss.aop.joinpoint.MethodInvocation.invokeNext(MethodInvocation.java:102)
	at org.jboss.ejb3.interceptors.aop.InvocationContextInterceptor.setup(InvocationContextInterceptor.java:90)
	at org.jboss.aop.advice.org.jboss.ejb3.interceptors.aop.InvocationContextInterceptor_z_setup_1773080527.invoke(InvocationContextInterceptor_z_setup_1773080527.java)
	at org.jboss.aop.joinpoint.MethodInvocation.invokeNext(MethodInvocation.java:102)
	at org.jboss.ejb3.async.impl.interceptor.AsynchronousServerInterceptor.invoke(AsynchronousServerInterceptor.java:128)
	at org.jboss.aop.joinpoint.MethodInvocation.invokeNext(MethodInvocation.java:102)
	at org.jboss.ejb3.connectionmanager.CachedConnectionInterceptor.invoke(CachedConnectionInterceptor.java:62)
	at org.jboss.aop.joinpoint.MethodInvocation.invokeNext(MethodInvocation.java:102)
	at org.jboss.ejb3.entity.TransactionScopedEntityManagerInterceptor.invoke(TransactionScopedEntityManagerInterceptor.java:56)
	at org.jboss.aop.joinpoint.MethodInvocation.invokeNext(MethodInvocation.java:102)
	at org.jboss.ejb3.AllowedOperationsInterceptor.invoke(AllowedOperationsInterceptor.java:47)
	at org.jboss.aop.joinpoint.MethodInvocation.invokeNext(MethodInvocation.java:102)
	at org.jboss.ejb3.tx.NullInterceptor.invoke(NullInterceptor.java:42)
	at org.jboss.aop.joinpoint.MethodInvocation.invokeNext(MethodInvocation.java:102)
	at org.jboss.ejb3.stateless.StatelessInstanceInterceptor.invoke(StatelessInstanceInterceptor.java:68)
	at org.jboss.aop.joinpoint.MethodInvocation.invokeNext(MethodInvocation.java:102)
	at org.jboss.ejb3.core.context.SessionInvocationContextAdapter.proceed(SessionInvocationContextAdapter.java:95)
	at org.jboss.ejb3.tx2.impl.CMTTxInterceptor.invokeInCallerTx(CMTTxInterceptor.java:223)
	at org.jboss.ejb3.tx2.impl.CMTTxInterceptor.required(CMTTxInterceptor.java:353)
	at org.jboss.ejb3.tx2.impl.CMTTxInterceptor.invoke(CMTTxInterceptor.java:209)
	at org.jboss.ejb3.tx2.aop.CMTTxInterceptorWrapper.invoke(CMTTxInterceptorWrapper.java:52)
	at org.jboss.aop.joinpoint.MethodInvocation.invokeNext(MethodInvocation.java:102)
	at org.jboss.aspects.tx.TxPropagationInterceptor.invoke(TxPropagationInterceptor.java:76)
	at org.jboss.aop.joinpoint.MethodInvocation.invokeNext(MethodInvocation.java:102)
	at org.jboss.ejb3.tx.NullInterceptor.invoke(NullInterceptor.java:42)
	at org.jboss.aop.joinpoint.MethodInvocation.invokeNext(MethodInvocation.java:102)
	at org.jboss.ejb3.security.Ejb3AuthenticationInterceptorv2.invoke(Ejb3AuthenticationInterceptorv2.java:182)
	at org.jboss.aop.joinpoint.MethodInvocation.invokeNext(MethodInvocation.java:102)
	at org.jboss.ejb3.ENCPropagationInterceptor.invoke(ENCPropagationInterceptor.java:41)
	at org.jboss.aop.joinpoint.MethodInvocation.invokeNext(MethodInvocation.java:102)
	at org.jboss.ejb3.BlockContainerShutdownInterceptor.invoke(BlockContainerShutdownInterceptor.java:67)
	at org.jboss.aop.joinpoint.MethodInvocation.invokeNext(MethodInvocation.java:102)
	at org.jboss.ejb3.core.context.CurrentInvocationContextInterceptor.invoke(CurrentInvocationContextInterceptor.java:47)
	at org.jboss.aop.joinpoint.MethodInvocation.invokeNext(MethodInvocation.java:102)
	at org.jboss.aspects.currentinvocation.CurrentInvocationInterceptor.invoke(CurrentInvocationInterceptor.java:67)
	at org.jboss.aop.joinpoint.MethodInvocation.invokeNext(MethodInvocation.java:102)
	at org.jboss.ejb3.interceptor.EJB3TCCLInterceptor.invoke(EJB3TCCLInterceptor.java:86)
	at org.jboss.aop.joinpoint.MethodInvocation.invokeNext(MethodInvocation.java:102)
	at org.jboss.ejb3.session.SessionSpecContainer.invoke(SessionSpecContainer.java:333)
	at org.jboss.ejb3.session.SessionSpecContainer.invoke(SessionSpecContainer.java:390)
	at sun.reflect.GeneratedMethodAccessor802.invoke(Unknown Source)
	at sun.reflect.DelegatingMethodAccessorImpl.invoke(DelegatingMethodAccessorImpl.java:25)
	at java.lang.reflect.Method.invoke(Method.java:597)
	at org.jboss.ejb3.proxy.impl.handler.session.SessionLocalProxyInvocationHandler$LocalContainerInvocation.invokeTarget(SessionLocalProxyInvocationHandler.java:184)
	at org.jboss.aop.joinpoint.MethodInvocation.invokeNext(MethodInvocation.java:111)
	at org.jboss.ejb3.async.impl.interceptor.AsynchronousClientInterceptor.invoke(AsynchronousClientInterceptor.java:143)
	at org.jboss.aop.joinpoint.MethodInvocation.invokeNext(MethodInvocation.java:102)
	at org.jboss.ejb3.proxy.impl.handler.session.SessionLocalProxyInvocationHandler$LocalInvokableContextHandler.invoke(SessionLocalProxyInvocationHandler.java:159)
	at $Proxy212.invoke(Unknown Source)
	at org.jboss.ejb3.proxy.impl.handler.session.SessionProxyInvocationHandlerBase.invoke(SessionProxyInvocationHandlerBase.java:185)
	at $Proxy207.doLogin(Unknown Source)
	at com.elitecore.cpe.bl.controller.system.BSSUserAuthController.doLogin(BSSUserAuthController.java:35)
	at com.elitecore.cpe.bl.factory.system.user.UserFactory.doLogin(UserFactory.java:49)
	at com.elitecore.cpe.bl.factory.system.user.UserFactory.doLogin(UserFactory.java:57)
	at com.elitecore.cpe.bl.facade.system.user.UserFacade.doLogin(UserFacade.java:53)
	at sun.reflect.GeneratedMethodAccessor439.invoke(Unknown Source)
	at sun.reflect.DelegatingMethodAccessorImpl.invoke(DelegatingMethodAccessorImpl.java:25)
	at java.lang.reflect.Method.invoke(Method.java:597)
	at org.jboss.aop.joinpoint.MethodInvocation.invokeTarget(MethodInvocation.java:122)
	at org.jboss.aop.joinpoint.MethodInvocation.invokeNext(MethodInvocation.java:111)
	at org.jboss.ejb3.interceptors.container.ContainerMethodInvocationWrapper.invokeNext(ContainerMethodInvocationWrapper.java:72)
	at org.jboss.ejb3.interceptors.aop.InterceptorSequencer.invoke(InterceptorSequencer.java:76)
	at org.jboss.ejb3.interceptors.aop.InterceptorSequencer.aroundInvoke(InterceptorSequencer.java:62)
	at sun.reflect.GeneratedMethodAccessor365.invoke(Unknown Source)
	at sun.reflect.DelegatingMethodAccessorImpl.invoke(DelegatingMethodAccessorImpl.java:25)
	at java.lang.reflect.Method.invoke(Method.java:597)
	at org.jboss.aop.advice.PerJoinpointAdvice.invoke(PerJoinpointAdvice.java:174)
	at org.jboss.aop.joinpoint.MethodInvocation.invokeNext(MethodInvocation.java:102)
	at org.jboss.ejb3.interceptors.aop.InvocationContextInterceptor.fillMethod(InvocationContextInterceptor.java:74)
	at org.jboss.aop.advice.org.jboss.ejb3.interceptors.aop.InvocationContextInterceptor_z_fillMethod_1773080527.invoke(InvocationContextInterceptor_z_fillMethod_1773080527.java)
	at org.jboss.aop.joinpoint.MethodInvocation.invokeNext(MethodInvocation.java:102)
	at org.jboss.ejb3.interceptors.aop.InvocationContextInterceptor.setup(InvocationContextInterceptor.java:90)
	at org.jboss.aop.advice.org.jboss.ejb3.interceptors.aop.InvocationContextInterceptor_z_setup_1773080527.invoke(InvocationContextInterceptor_z_setup_1773080527.java)
	at org.jboss.aop.joinpoint.MethodInvocation.invokeNext(MethodInvocation.java:102)
	at org.jboss.ejb3.async.impl.interceptor.AsynchronousServerInterceptor.invoke(AsynchronousServerInterceptor.java:128)
	at org.jboss.aop.joinpoint.MethodInvocation.invokeNext(MethodInvocation.java:102)
	at org.jboss.ejb3.connectionmanager.CachedConnectionInterceptor.invoke(CachedConnectionInterceptor.java:62)
	at org.jboss.aop.joinpoint.MethodInvocation.invokeNext(MethodInvocation.java:102)
	at org.jboss.ejb3.entity.TransactionScopedEntityManagerInterceptor.invoke(TransactionScopedEntityManagerInterceptor.java:56)
	at org.jboss.aop.joinpoint.MethodInvocation.invokeNext(MethodInvocation.java:102)
	at org.jboss.ejb3.AllowedOperationsInterceptor.invoke(AllowedOperationsInterceptor.java:47)
	at org.jboss.aop.joinpoint.MethodInvocation.invokeNext(MethodInvocation.java:102)
	at org.jboss.ejb3.tx.NullInterceptor.invoke(NullInterceptor.java:42)
	at org.jboss.aop.joinpoint.MethodInvocation.invokeNext(MethodInvocation.java:102)
	at org.jboss.ejb3.stateless.StatelessInstanceInterceptor.invoke(StatelessInstanceInterceptor.java:68)
	at org.jboss.aop.joinpoint.MethodInvocation.invokeNext(MethodInvocation.java:102)
	at org.jboss.ejb3.core.context.SessionInvocationContextAdapter.proceed(SessionInvocationContextAdapter.java:95)
	at org.jboss.ejb3.tx2.impl.CMTTxInterceptor.invokeInOurTx(CMTTxInterceptor.java:247)
	at org.jboss.ejb3.tx2.impl.CMTTxInterceptor.required(CMTTxInterceptor.java:349)
	at org.jboss.ejb3.tx2.impl.CMTTxInterceptor.invoke(CMTTxInterceptor.java:209)
	at org.jboss.ejb3.tx2.aop.CMTTxInterceptorWrapper.invoke(CMTTxInterceptorWrapper.java:52)
	at org.jboss.aop.joinpoint.MethodInvocation.invokeNext(MethodInvocation.java:102)
	at org.jboss.aspects.tx.TxPropagationInterceptor.invoke(TxPropagationInterceptor.java:76)
	at org.jboss.aop.joinpoint.MethodInvocation.invokeNext(MethodInvocation.java:102)
	at org.jboss.ejb3.tx.NullInterceptor.invoke(NullInterceptor.java:42)
	at org.jboss.aop.joinpoint.MethodInvocation.invokeNext(MethodInvocation.java:102)
	at org.jboss.ejb3.security.Ejb3AuthenticationInterceptorv2.invoke(Ejb3AuthenticationInterceptorv2.java:182)
	at org.jboss.aop.joinpoint.MethodInvocation.invokeNext(MethodInvocation.java:102)
	at org.jboss.ejb3.ENCPropagationInterceptor.invoke(ENCPropagationInterceptor.java:41)
	at org.jboss.aop.joinpoint.MethodInvocation.invokeNext(MethodInvocation.java:102)
	at org.jboss.ejb3.BlockContainerShutdownInterceptor.invoke(BlockContainerShutdownInterceptor.java:67)
	at org.jboss.aop.joinpoint.MethodInvocation.invokeNext(MethodInvocation.java:102)
	at org.jboss.ejb3.core.context.CurrentInvocationContextInterceptor.invoke(CurrentInvocationContextInterceptor.java:47)
	at org.jboss.aop.joinpoint.MethodInvocation.invokeNext(MethodInvocation.java:102)
	at org.jboss.aspects.currentinvocation.CurrentInvocationInterceptor.invoke(CurrentInvocationInterceptor.java:67)
	at org.jboss.aop.joinpoint.MethodInvocation.invokeNext(MethodInvocation.java:102)
	at org.jboss.ejb3.interceptor.EJB3TCCLInterceptor.invoke(EJB3TCCLInterceptor.java:86)
	at org.jboss.aop.joinpoint.MethodInvocation.invokeNext(MethodInvocation.java:102)
	at org.jboss.ejb3.stateless.StatelessContainer.dynamicInvoke(StatelessContainer.java:392)
	at org.jboss.ejb3.session.InvokableContextClassProxyHack._dynamicInvoke(InvokableContextClassProxyHack.java:53)
	at org.jboss.aop.Dispatcher.invoke(Dispatcher.java:91)
	at org.jboss.aspects.remoting.AOPRemotingInvocationHandler.invoke(AOPRemotingInvocationHandler.java:82)
	at org.jboss.remoting.ServerInvoker.invoke(ServerInvoker.java:967)
	at org.jboss.remoting.transport.socket.ServerThread.completeInvocation(ServerThread.java:791)
	at org.jboss.remoting.transport.socket.ServerThread.processInvocation(ServerThread.java:744)
	at org.jboss.remoting.transport.socket.ServerThread.dorun(ServerThread.java:548)
	at org.jboss.remoting.transport.socket.ServerThread.run(ServerThread.java:234)
	at org.jboss.remoting.MicroRemoteClientInvoker.invoke(MicroRemoteClientInvoker.java:218)
	at org.jboss.remoting.Client.invoke(Client.java:2070)
	at org.jboss.remoting.Client.invoke(Client.java:879)
	at org.jboss.aspects.remoting.InvokeRemoteInterceptor.invoke(InvokeRemoteInterceptor.java:60)
	at org.jboss.aop.joinpoint.MethodInvocation.invokeNext(MethodInvocation.java:102)
	at org.jboss.aspects.tx.ClientTxPropagationInterceptor.invoke(ClientTxPropagationInterceptor.java:61)
	at org.jboss.aop.joinpoint.MethodInvocation.invokeNext(MethodInvocation.java:102)
	at org.jboss.ejb3.security.client.SecurityClientInterceptor.invoke(SecurityClientInterceptor.java:65)
	at org.jboss.aop.joinpoint.MethodInvocation.invokeNext(MethodInvocation.java:102)
	at org.jboss.ejb3.remoting.IsLocalInterceptor.invoke(IsLocalInterceptor.java:77)
	at org.jboss.aop.joinpoint.MethodInvocation.invokeNext(MethodInvocation.java:102)
	at org.jboss.ejb3.async.impl.interceptor.AsynchronousClientInterceptor.invoke(AsynchronousClientInterceptor.java:143)
	at org.jboss.aop.joinpoint.MethodInvocation.invokeNext(MethodInvocation.java:102)
	at org.jboss.aspects.remoting.PojiProxy.invoke(PojiProxy.java:62)
	at $Proxy8.invoke(Unknown Source)
	at org.jboss.ejb3.proxy.impl.handler.session.SessionProxyInvocationHandlerBase.invoke(SessionProxyInvocationHandlerBase.java:185)
	at $Proxy7.doLogin(Unknown Source)
	at com.elitecore.cpe.bl.delegates.system.user.UserBD.doLogin(Unknown Source)
	at com.elitecore.test.base.BaseTestCase.getBDSessionContext(Unknown Source)
	at com.elitecore.test.audit.AuditTestCase.setUp(Unknown Source)
	at junit.framework.TestCase.runBare(TestCase.java:139)
	at junit.framework.TestResult$1.protect(TestResult.java:122)
	at junit.framework.TestResult.runProtected(TestResult.java:142)
	at junit.framework.TestResult.run(TestResult.java:125)
	at junit.framework.TestCase.run(TestCase.java:129)
	at junit.framework.TestSuite.runTest(TestSuite.java:255)
	at junit.framework.TestSuite.run(TestSuite.java:250)
	at org.apache.tools.ant.taskdefs.optional.junit.JUnitTestRunner.run(JUnitTestRunner.java:532)
	at org.apache.tools.ant.taskdefs.optional.junit.JUnitTestRunner.launch(JUnitTestRunner.java:1179)
	at org.apache.tools.ant.taskdefs.optional.junit.JUnitTestRunner.main(JUnitTestRunner.java:1030)
	at org.jboss.aspects.remoting.InvokeRemoteInterceptor.invoke(InvokeRemoteInterceptor.java:72)
	at org.jboss.aop.joinpoint.MethodInvocation.invokeNext(MethodInvocation.java:102)
	at org.jboss.aspects.tx.ClientTxPropagationInterceptor.invoke(ClientTxPropagationInterceptor.java:61)
	at org.jboss.aop.joinpoint.MethodInvocation.invokeNext(MethodInvocation.java:102)
	at org.jboss.ejb3.security.client.SecurityClientInterceptor.invoke(SecurityClientInterceptor.java:65)
	at org.jboss.aop.joinpoint.MethodInvocation.invokeNext(MethodInvocation.java:102)
	at org.jboss.ejb3.remoting.IsLocalInterceptor.invoke(IsLocalInterceptor.java:77)
	at org.jboss.aop.joinpoint.MethodInvocation.invokeNext(MethodInvocation.java:102)
	at org.jboss.ejb3.async.impl.interceptor.AsynchronousClientInterceptor.invoke(AsynchronousClientInterceptor.java:143)
	at org.jboss.aop.joinpoint.MethodInvocation.invokeNext(MethodInvocation.java:102)
	at org.jboss.aspects.remoting.PojiProxy.invoke(PojiProxy.java:62)
	at $Proxy8.invoke(Unknown Source)
	at org.jboss.ejb3.proxy.impl.handler.session.SessionProxyInvocationHandlerBase.invoke(SessionProxyInvocationHandlerBase.java:185)
	at $Proxy7.doLogin(Unknown Source)
	at com.elitecore.cpe.bl.delegates.system.user.UserBD.doLogin(Unknown Source)
	at com.elitecore.test.base.BaseTestCase.getBDSessionContext(Unknown Source)
	at com.elitecore.test.audit.AuditTestCase.setUp(Unknown Source)
	at junit.framework.TestCase.runBare(TestCase.java:139)
	at junit.framework.TestResult$1.protect(TestResult.java:122)
	at junit.framework.TestResult.runProtected(TestResult.java:142)
	at junit.framework.TestResult.run(TestResult.java:125)
	at junit.framework.TestCase.run(TestCase.java:129)
	at junit.framework.TestSuite.runTest(TestSuite.java:255)
	at junit.framework.TestSuite.run(TestSuite.java:250)
	at org.apache.tools.ant.taskdefs.optional.junit.JUnitTestRunner.run(JUnitTestRunner.java:532)
	at org.apache.tools.ant.taskdefs.optional.junit.JUnitTestRunner.launch(JUnitTestRunner.java:1179)
	at org.apache.tools.ant.taskdefs.optional.junit.JUnitTestRunner.main(JUnitTestRunner.java:1030)
com.elitecore.cpe.bl.exception.SearchBLException: Search SystemAudit operation failed, reason: null
	at com.elitecore.cpe.bl.session.system.audit.SystemAuditSessionBean.searchSystemAuditCount(SystemAuditSessionBean.java:358)
	at sun.reflect.NativeMethodAccessorImpl.invoke0(Native Method)
	at sun.reflect.NativeMethodAccessorImpl.invoke(NativeMethodAccessorImpl.java:39)
	at sun.reflect.DelegatingMethodAccessorImpl.invoke(DelegatingMethodAccessorImpl.java:25)
	at java.lang.reflect.Method.invoke(Method.java:597)
	at org.jboss.aop.joinpoint.MethodInvocation.invokeTarget(MethodInvocation.java:122)
	at org.jboss.aop.joinpoint.MethodInvocation.invokeNext(MethodInvocation.java:111)
	at org.jboss.ejb3.interceptors.container.ContainerMethodInvocationWrapper.invokeNext(ContainerMethodInvocationWrapper.java:72)
	at org.jboss.ejb3.interceptors.aop.InterceptorSequencer.invoke(InterceptorSequencer.java:76)
	at org.jboss.ejb3.interceptors.aop.InterceptorSequencer.aroundInvoke(InterceptorSequencer.java:62)
	at sun.reflect.GeneratedMethodAccessor365.invoke(Unknown Source)
	at sun.reflect.DelegatingMethodAccessorImpl.invoke(DelegatingMethodAccessorImpl.java:25)
	at java.lang.reflect.Method.invoke(Method.java:597)
	at org.jboss.aop.advice.PerJoinpointAdvice.invoke(PerJoinpointAdvice.java:174)
	at org.jboss.aop.joinpoint.MethodInvocation.invokeNext(MethodInvocation.java:102)
	at org.jboss.ejb3.interceptors.aop.InvocationContextInterceptor.fillMethod(InvocationContextInterceptor.java:74)
	at org.jboss.aop.advice.org.jboss.ejb3.interceptors.aop.InvocationContextInterceptor_z_fillMethod_1773080527.invoke(InvocationContextInterceptor_z_fillMethod_1773080527.java)
	at org.jboss.aop.joinpoint.MethodInvocation.invokeNext(MethodInvocation.java:102)
	at org.jboss.ejb3.interceptors.aop.InvocationContextInterceptor.setup(InvocationContextInterceptor.java:90)
	at org.jboss.aop.advice.org.jboss.ejb3.interceptors.aop.InvocationContextInterceptor_z_setup_1773080527.invoke(InvocationContextInterceptor_z_setup_1773080527.java)
	at org.jboss.aop.joinpoint.MethodInvocation.invokeNext(MethodInvocation.java:102)
	at org.jboss.ejb3.async.impl.interceptor.AsynchronousServerInterceptor.invoke(AsynchronousServerInterceptor.java:128)
	at org.jboss.aop.joinpoint.MethodInvocation.invokeNext(MethodInvocation.java:102)
	at org.jboss.ejb3.connectionmanager.CachedConnectionInterceptor.invoke(CachedConnectionInterceptor.java:62)
	at org.jboss.aop.joinpoint.MethodInvocation.invokeNext(MethodInvocation.java:102)
	at org.jboss.ejb3.entity.TransactionScopedEntityManagerInterceptor.invoke(TransactionScopedEntityManagerInterceptor.java:56)
	at org.jboss.aop.joinpoint.MethodInvocation.invokeNext(MethodInvocation.java:102)
	at org.jboss.ejb3.AllowedOperationsInterceptor.invoke(AllowedOperationsInterceptor.java:47)
	at org.jboss.aop.joinpoint.MethodInvocation.invokeNext(MethodInvocation.java:102)
	at org.jboss.ejb3.tx.NullInterceptor.invoke(NullInterceptor.java:42)
	at org.jboss.aop.joinpoint.MethodInvocation.invokeNext(MethodInvocation.java:102)
	at org.jboss.ejb3.stateless.StatelessInstanceInterceptor.invoke(StatelessInstanceInterceptor.java:68)
	at org.jboss.aop.joinpoint.MethodInvocation.invokeNext(MethodInvocation.java:102)
	at org.jboss.ejb3.core.context.SessionInvocationContextAdapter.proceed(SessionInvocationContextAdapter.java:95)
	at org.jboss.ejb3.tx2.impl.CMTTxInterceptor.invokeInCallerTx(CMTTxInterceptor.java:223)
	at org.jboss.ejb3.tx2.impl.CMTTxInterceptor.required(CMTTxInterceptor.java:353)
	at org.jboss.ejb3.tx2.impl.CMTTxInterceptor.invoke(CMTTxInterceptor.java:209)
	at org.jboss.ejb3.tx2.aop.CMTTxInterceptorWrapper.invoke(CMTTxInterceptorWrapper.java:52)
	at org.jboss.aop.joinpoint.MethodInvocation.invokeNext(MethodInvocation.java:102)
	at org.jboss.aspects.tx.TxPropagationInterceptor.invoke(TxPropagationInterceptor.java:76)
	at org.jboss.aop.joinpoint.MethodInvocation.invokeNext(MethodInvocation.java:102)
	at org.jboss.ejb3.tx.NullInterceptor.invoke(NullInterceptor.java:42)
	at org.jboss.aop.joinpoint.MethodInvocation.invokeNext(MethodInvocation.java:102)
	at org.jboss.ejb3.security.Ejb3AuthenticationInterceptorv2.invoke(Ejb3AuthenticationInterceptorv2.java:182)
	at org.jboss.aop.joinpoint.MethodInvocation.invokeNext(MethodInvocation.java:102)
	at org.jboss.ejb3.ENCPropagationInterceptor.invoke(ENCPropagationInterceptor.java:41)
	at org.jboss.aop.joinpoint.MethodInvocation.invokeNext(MethodInvocation.java:102)
	at org.jboss.ejb3.BlockContainerShutdownInterceptor.invoke(BlockContainerShutdownInterceptor.java:67)
	at org.jboss.aop.joinpoint.MethodInvocation.invokeNext(MethodInvocation.java:102)
	at org.jboss.ejb3.core.context.CurrentInvocationContextInterceptor.invoke(CurrentInvocationContextInterceptor.java:47)
	at org.jboss.aop.joinpoint.MethodInvocation.invokeNext(MethodInvocation.java:102)
	at org.jboss.aspects.currentinvocation.CurrentInvocationInterceptor.invoke(CurrentInvocationInterceptor.java:67)
	at org.jboss.aop.joinpoint.MethodInvocation.invokeNext(MethodInvocation.java:102)
	at org.jboss.ejb3.interceptor.EJB3TCCLInterceptor.invoke(EJB3TCCLInterceptor.java:86)
	at org.jboss.aop.joinpoint.MethodInvocation.invokeNext(MethodInvocation.java:102)
	at org.jboss.ejb3.session.SessionSpecContainer.invoke(SessionSpecContainer.java:333)
	at org.jboss.ejb3.session.SessionSpecContainer.invoke(SessionSpecContainer.java:390)
	at sun.reflect.GeneratedMethodAccessor802.invoke(Unknown Source)
	at sun.reflect.DelegatingMethodAccessorImpl.invoke(DelegatingMethodAccessorImpl.java:25)
	at java.lang.reflect.Method.invoke(Method.java:597)
	at org.jboss.ejb3.proxy.impl.handler.session.SessionLocalProxyInvocationHandler$LocalContainerInvocation.invokeTarget(SessionLocalProxyInvocationHandler.java:184)
	at org.jboss.aop.joinpoint.MethodInvocation.invokeNext(MethodInvocation.java:111)
	at org.jboss.ejb3.async.impl.interceptor.AsynchronousClientInterceptor.invoke(AsynchronousClientInterceptor.java:143)
	at org.jboss.aop.joinpoint.MethodInvocation.invokeNext(MethodInvocation.java:102)
	at org.jboss.ejb3.proxy.impl.handler.session.SessionLocalProxyInvocationHandler$LocalInvokableContextHandler.invoke(SessionLocalProxyInvocationHandler.java:159)
	at $Proxy212.invoke(Unknown Source)
	at org.jboss.ejb3.proxy.impl.handler.session.SessionProxyInvocationHandlerBase.invoke(SessionProxyInvocationHandlerBase.java:185)
	at $Proxy208.searchSystemAuditCount(Unknown Source)
	at com.elitecore.cpe.bl.facade.system.audit.SystemAuditFacade.searchAudit(SystemAuditFacade.java:327)
	at sun.reflect.NativeMethodAccessorImpl.invoke0(Native Method)
	at sun.reflect.NativeMethodAccessorImpl.invoke(NativeMethodAccessorImpl.java:39)
	at sun.reflect.DelegatingMethodAccessorImpl.invoke(DelegatingMethodAccessorImpl.java:25)
	at java.lang.reflect.Method.invoke(Method.java:597)
	at org.jboss.aop.joinpoint.MethodInvocation.invokeTarget(MethodInvocation.java:122)
	at org.jboss.aop.joinpoint.MethodInvocation.invokeNext(MethodInvocation.java:111)
	at org.jboss.ejb3.interceptors.container.ContainerMethodInvocationWrapper.invokeNext(ContainerMethodInvocationWrapper.java:72)
	at org.jboss.ejb3.interceptors.aop.InterceptorSequencer.invoke(InterceptorSequencer.java:76)
	at org.jboss.ejb3.interceptors.aop.InterceptorSequencer.aroundInvoke(InterceptorSequencer.java:62)
	at sun.reflect.GeneratedMethodAccessor365.invoke(Unknown Source)
	at sun.reflect.DelegatingMethodAccessorImpl.invoke(DelegatingMethodAccessorImpl.java:25)
	at java.lang.reflect.Method.invoke(Method.java:597)
	at org.jboss.aop.advice.PerJoinpointAdvice.invoke(PerJoinpointAdvice.java:174)
	at org.jboss.aop.joinpoint.MethodInvocation.invokeNext(MethodInvocation.java:102)
	at org.jboss.ejb3.interceptors.aop.InvocationContextInterceptor.fillMethod(InvocationContextInterceptor.java:74)
	at org.jboss.aop.advice.org.jboss.ejb3.interceptors.aop.InvocationContextInterceptor_z_fillMethod_1773080527.invoke(InvocationContextInterceptor_z_fillMethod_1773080527.java)
	at org.jboss.aop.joinpoint.MethodInvocation.invokeNext(MethodInvocation.java:102)
	at org.jboss.ejb3.interceptors.aop.InvocationContextInterceptor.setup(InvocationContextInterceptor.java:90)
	at org.jboss.aop.advice.org.jboss.ejb3.interceptors.aop.InvocationContextInterceptor_z_setup_1773080527.invoke(InvocationContextInterceptor_z_setup_1773080527.java)
	at org.jboss.aop.joinpoint.MethodInvocation.invokeNext(MethodInvocation.java:102)
	at org.jboss.ejb3.async.impl.interceptor.AsynchronousServerInterceptor.invoke(AsynchronousServerInterceptor.java:128)
	at org.jboss.aop.joinpoint.MethodInvocation.invokeNext(MethodInvocation.java:102)
	at org.jboss.ejb3.connectionmanager.CachedConnectionInterceptor.invoke(CachedConnectionInterceptor.java:62)
	at org.jboss.aop.joinpoint.MethodInvocation.invokeNext(MethodInvocation.java:102)
	at org.jboss.ejb3.entity.TransactionScopedEntityManagerInterceptor.invoke(TransactionScopedEntityManagerInterceptor.java:56)
	at org.jboss.aop.joinpoint.MethodInvocation.invokeNext(MethodInvocation.java:102)
	at org.jboss.ejb3.AllowedOperationsInterceptor.invoke(AllowedOperationsInterceptor.java:47)
	at org.jboss.aop.joinpoint.MethodInvocation.invokeNext(MethodInvocation.java:102)
	at org.jboss.ejb3.tx.NullInterceptor.invoke(NullInterceptor.java:42)
	at org.jboss.aop.joinpoint.MethodInvocation.invokeNext(MethodInvocation.java:102)
	at org.jboss.ejb3.stateless.StatelessInstanceInterceptor.invoke(StatelessInstanceInterceptor.java:68)
	at org.jboss.aop.joinpoint.MethodInvocation.invokeNext(MethodInvocation.java:102)
	at org.jboss.ejb3.core.context.SessionInvocationContextAdapter.proceed(SessionInvocationContextAdapter.java:95)
	at org.jboss.ejb3.tx2.impl.CMTTxInterceptor.invokeInOurTx(CMTTxInterceptor.java:247)
	at org.jboss.ejb3.tx2.impl.CMTTxInterceptor.required(CMTTxInterceptor.java:349)
	at org.jboss.ejb3.tx2.impl.CMTTxInterceptor.invoke(CMTTxInterceptor.java:209)
	at org.jboss.ejb3.tx2.aop.CMTTxInterceptorWrapper.invoke(CMTTxInterceptorWrapper.java:52)
	at org.jboss.aop.joinpoint.MethodInvocation.invokeNext(MethodInvocation.java:102)
	at org.jboss.aspects.tx.TxPropagationInterceptor.invoke(TxPropagationInterceptor.java:76)
	at org.jboss.aop.joinpoint.MethodInvocation.invokeNext(MethodInvocation.java:102)
	at org.jboss.ejb3.tx.NullInterceptor.invoke(NullInterceptor.java:42)
	at org.jboss.aop.joinpoint.MethodInvocation.invokeNext(MethodInvocation.java:102)
	at org.jboss.ejb3.security.Ejb3AuthenticationInterceptorv2.invoke(Ejb3AuthenticationInterceptorv2.java:182)
	at org.jboss.aop.joinpoint.MethodInvocation.invokeNext(MethodInvocation.java:102)
	at org.jboss.ejb3.ENCPropagationInterceptor.invoke(ENCPropagationInterceptor.java:41)
	at org.jboss.aop.joinpoint.MethodInvocation.invokeNext(MethodInvocation.java:102)
	at org.jboss.ejb3.BlockContainerShutdownInterceptor.invoke(BlockContainerShutdownInterceptor.java:67)
	at org.jboss.aop.joinpoint.MethodInvocation.invokeNext(MethodInvocation.java:102)
	at org.jboss.ejb3.core.context.CurrentInvocationContextInterceptor.invoke(CurrentInvocationContextInterceptor.java:47)
	at org.jboss.aop.joinpoint.MethodInvocation.invokeNext(MethodInvocation.java:102)
	at org.jboss.aspects.currentinvocation.CurrentInvocationInterceptor.invoke(CurrentInvocationInterceptor.java:67)
	at org.jboss.aop.joinpoint.MethodInvocation.invokeNext(MethodInvocation.java:102)
	at org.jboss.ejb3.interceptor.EJB3TCCLInterceptor.invoke(EJB3TCCLInterceptor.java:86)
	at org.jboss.aop.joinpoint.MethodInvocation.invokeNext(MethodInvocation.java:102)
	at org.jboss.ejb3.stateless.StatelessContainer.dynamicInvoke(StatelessContainer.java:392)
	at org.jboss.ejb3.session.InvokableContextClassProxyHack._dynamicInvoke(InvokableContextClassProxyHack.java:53)
	at org.jboss.aop.Dispatcher.invoke(Dispatcher.java:91)
	at org.jboss.aspects.remoting.AOPRemotingInvocationHandler.invoke(AOPRemotingInvocationHandler.java:82)
	at org.jboss.remoting.ServerInvoker.invoke(ServerInvoker.java:967)
	at org.jboss.remoting.transport.socket.ServerThread.completeInvocation(ServerThread.java:791)
	at org.jboss.remoting.transport.socket.ServerThread.processInvocation(ServerThread.java:744)
	at org.jboss.remoting.transport.socket.ServerThread.dorun(ServerThread.java:548)
	at org.jboss.remoting.transport.socket.ServerThread.run(ServerThread.java:234)
Caused by: java.lang.NullPointerException
	at com.elitecore.cpe.bl.session.system.audit.SystemAuditSessionBean.searchSystemAuditCount(SystemAuditSessionBean.java:321)
	at sun.reflect.NativeMethodAccessorImpl.invoke0(Native Method)
	at sun.reflect.NativeMethodAccessorImpl.invoke(NativeMethodAccessorImpl.java:39)
	at sun.reflect.DelegatingMethodAccessorImpl.invoke(DelegatingMethodAccessorImpl.java:25)
	at java.lang.reflect.Method.invoke(Method.java:597)
	at org.jboss.aop.joinpoint.MethodInvocation.invokeTarget(MethodInvocation.java:122)
	at org.jboss.aop.joinpoint.MethodInvocation.invokeNext(MethodInvocation.java:111)
	at org.jboss.ejb3.interceptors.container.ContainerMethodInvocationWrapper.invokeNext(ContainerMethodInvocationWrapper.java:72)
	at org.jboss.ejb3.interceptors.aop.InterceptorSequencer.invoke(InterceptorSequencer.java:76)
	at org.jboss.ejb3.interceptors.aop.InterceptorSequencer.aroundInvoke(InterceptorSequencer.java:62)
	at sun.reflect.GeneratedMethodAccessor365.invoke(Unknown Source)
	at sun.reflect.DelegatingMethodAccessorImpl.invoke(DelegatingMethodAccessorImpl.java:25)
	at java.lang.reflect.Method.invoke(Method.java:597)
	at org.jboss.aop.advice.PerJoinpointAdvice.invoke(PerJoinpointAdvice.java:174)
	at org.jboss.aop.joinpoint.MethodInvocation.invokeNext(MethodInvocation.java:102)
	at org.jboss.ejb3.interceptors.aop.InvocationContextInterceptor.fillMethod(InvocationContextInterceptor.java:74)
	at org.jboss.aop.advice.org.jboss.ejb3.interceptors.aop.InvocationContextInterceptor_z_fillMethod_1773080527.invoke(InvocationContextInterceptor_z_fillMethod_1773080527.java)
	at org.jboss.aop.joinpoint.MethodInvocation.invokeNext(MethodInvocation.java:102)
	at org.jboss.ejb3.interceptors.aop.InvocationContextInterceptor.setup(InvocationContextInterceptor.java:90)
	at org.jboss.aop.advice.org.jboss.ejb3.interceptors.aop.InvocationContextInterceptor_z_setup_1773080527.invoke(InvocationContextInterceptor_z_setup_1773080527.java)
	at org.jboss.aop.joinpoint.MethodInvocation.invokeNext(MethodInvocation.java:102)
	at org.jboss.ejb3.async.impl.interceptor.AsynchronousServerInterceptor.invoke(AsynchronousServerInterceptor.java:128)
	at org.jboss.aop.joinpoint.MethodInvocation.invokeNext(MethodInvocation.java:102)
	at org.jboss.ejb3.connectionmanager.CachedConnectionInterceptor.invoke(CachedConnectionInterceptor.java:62)
	at org.jboss.aop.joinpoint.MethodInvocation.invokeNext(MethodInvocation.java:102)
	at org.jboss.ejb3.entity.TransactionScopedEntityManagerInterceptor.invoke(TransactionScopedEntityManagerInterceptor.java:56)
	at org.jboss.aop.joinpoint.MethodInvocation.invokeNext(MethodInvocation.java:102)
	at org.jboss.ejb3.AllowedOperationsInterceptor.invoke(AllowedOperationsInterceptor.java:47)
	at org.jboss.aop.joinpoint.MethodInvocation.invokeNext(MethodInvocation.java:102)
	at org.jboss.ejb3.tx.NullInterceptor.invoke(NullInterceptor.java:42)
	at org.jboss.aop.joinpoint.MethodInvocation.invokeNext(MethodInvocation.java:102)
	at org.jboss.ejb3.stateless.StatelessInstanceInterceptor.invoke(StatelessInstanceInterceptor.java:68)
	at org.jboss.aop.joinpoint.MethodInvocation.invokeNext(MethodInvocation.java:102)
	at org.jboss.ejb3.core.context.SessionInvocationContextAdapter.proceed(SessionInvocationContextAdapter.java:95)
	at org.jboss.ejb3.tx2.impl.CMTTxInterceptor.invokeInCallerTx(CMTTxInterceptor.java:223)
	at org.jboss.ejb3.tx2.impl.CMTTxInterceptor.required(CMTTxInterceptor.java:353)
	at org.jboss.ejb3.tx2.impl.CMTTxInterceptor.invoke(CMTTxInterceptor.java:209)
	at org.jboss.ejb3.tx2.aop.CMTTxInterceptorWrapper.invoke(CMTTxInterceptorWrapper.java:52)
	at org.jboss.aop.joinpoint.MethodInvocation.invokeNext(MethodInvocation.java:102)
	at org.jboss.aspects.tx.TxPropagationInterceptor.invoke(TxPropagationInterceptor.java:76)
	at org.jboss.aop.joinpoint.MethodInvocation.invokeNext(MethodInvocation.java:102)
	at org.jboss.ejb3.tx.NullInterceptor.invoke(NullInterceptor.java:42)
	at org.jboss.aop.joinpoint.MethodInvocation.invokeNext(MethodInvocation.java:102)
	at org.jboss.ejb3.security.Ejb3AuthenticationInterceptorv2.invoke(Ejb3AuthenticationInterceptorv2.java:182)
	at org.jboss.aop.joinpoint.MethodInvocation.invokeNext(MethodInvocation.java:102)
	at org.jboss.ejb3.ENCPropagationInterceptor.invoke(ENCPropagationInterceptor.java:41)
	at org.jboss.aop.joinpoint.MethodInvocation.invokeNext(MethodInvocation.java:102)
	at org.jboss.ejb3.BlockContainerShutdownInterceptor.invoke(BlockContainerShutdownInterceptor.java:67)
	at org.jboss.aop.joinpoint.MethodInvocation.invokeNext(MethodInvocation.java:102)
	at org.jboss.ejb3.core.context.CurrentInvocationContextInterceptor.invoke(CurrentInvocationContextInterceptor.java:47)
	at org.jboss.aop.joinpoint.MethodInvocation.invokeNext(MethodInvocation.java:102)
	at org.jboss.aspects.currentinvocation.CurrentInvocationInterceptor.invoke(CurrentInvocationInterceptor.java:67)
	at org.jboss.aop.joinpoint.MethodInvocation.invokeNext(MethodInvocation.java:102)
	at org.jboss.ejb3.interceptor.EJB3TCCLInterceptor.invoke(EJB3TCCLInterceptor.java:86)
	at org.jboss.aop.joinpoint.MethodInvocation.invokeNext(MethodInvocation.java:102)
	at org.jboss.ejb3.session.SessionSpecContainer.invoke(SessionSpecContainer.java:333)
	at org.jboss.ejb3.session.SessionSpecContainer.invoke(SessionSpecContainer.java:390)
	at sun.reflect.GeneratedMethodAccessor802.invoke(Unknown Source)
	at sun.reflect.DelegatingMethodAccessorImpl.invoke(DelegatingMethodAccessorImpl.java:25)
	at java.lang.reflect.Method.invoke(Method.java:597)
	at org.jboss.ejb3.proxy.impl.handler.session.SessionLocalProxyInvocationHandler$LocalContainerInvocation.invokeTarget(SessionLocalProxyInvocationHandler.java:184)
	at org.jboss.aop.joinpoint.MethodInvocation.invokeNext(MethodInvocation.java:111)
	at org.jboss.ejb3.async.impl.interceptor.AsynchronousClientInterceptor.invoke(AsynchronousClientInterceptor.java:143)
	at org.jboss.aop.joinpoint.MethodInvocation.invokeNext(MethodInvocation.java:102)
	at org.jboss.ejb3.proxy.impl.handler.session.SessionLocalProxyInvocationHandler$LocalInvokableContextHandler.invoke(SessionLocalProxyInvocationHandler.java:159)
	at $Proxy212.invoke(Unknown Source)
	at org.jboss.ejb3.proxy.impl.handler.session.SessionProxyInvocationHandlerBase.invoke(SessionProxyInvocationHandlerBase.java:185)
	at $Proxy208.searchSystemAuditCount(Unknown Source)
	at com.elitecore.cpe.bl.facade.system.audit.SystemAuditFacade.searchAudit(SystemAuditFacade.java:327)
	at sun.reflect.NativeMethodAccessorImpl.invoke0(Native Method)
	at sun.reflect.NativeMethodAccessorImpl.invoke(NativeMethodAccessorImpl.java:39)
	at sun.reflect.DelegatingMethodAccessorImpl.invoke(DelegatingMethodAccessorImpl.java:25)
	at java.lang.reflect.Method.invoke(Method.java:597)
	at org.jboss.aop.joinpoint.MethodInvocation.invokeTarget(MethodInvocation.java:122)
	at org.jboss.aop.joinpoint.MethodInvocation.invokeNext(MethodInvocation.java:111)
	at org.jboss.ejb3.interceptors.container.ContainerMethodInvocationWrapper.invokeNext(ContainerMethodInvocationWrapper.java:72)
	at org.jboss.ejb3.interceptors.aop.InterceptorSequencer.invoke(InterceptorSequencer.java:76)
	at org.jboss.ejb3.interceptors.aop.InterceptorSequencer.aroundInvoke(InterceptorSequencer.java:62)
	at sun.reflect.GeneratedMethodAccessor365.invoke(Unknown Source)
	at sun.reflect.DelegatingMethodAccessorImpl.invoke(DelegatingMethodAccessorImpl.java:25)
	at java.lang.reflect.Method.invoke(Method.java:597)
	at org.jboss.aop.advice.PerJoinpointAdvice.invoke(PerJoinpointAdvice.java:174)
	at org.jboss.aop.joinpoint.MethodInvocation.invokeNext(MethodInvocation.java:102)
	at org.jboss.ejb3.interceptors.aop.InvocationContextInterceptor.fillMethod(InvocationContextInterceptor.java:74)
	at org.jboss.aop.advice.org.jboss.ejb3.interceptors.aop.InvocationContextInterceptor_z_fillMethod_1773080527.invoke(InvocationContextInterceptor_z_fillMethod_1773080527.java)
	at org.jboss.aop.joinpoint.MethodInvocation.invokeNext(MethodInvocation.java:102)
	at org.jboss.ejb3.interceptors.aop.InvocationContextInterceptor.setup(InvocationContextInterceptor.java:90)
	at org.jboss.aop.advice.org.jboss.ejb3.interceptors.aop.InvocationContextInterceptor_z_setup_1773080527.invoke(InvocationContextInterceptor_z_setup_1773080527.java)
	at org.jboss.aop.joinpoint.MethodInvocation.invokeNext(MethodInvocation.java:102)
	at org.jboss.ejb3.async.impl.interceptor.AsynchronousServerInterceptor.invoke(AsynchronousServerInterceptor.java:128)
	at org.jboss.aop.joinpoint.MethodInvocation.invokeNext(MethodInvocation.java:102)
	at org.jboss.ejb3.connectionmanager.CachedConnectionInterceptor.invoke(CachedConnectionInterceptor.java:62)
	at org.jboss.aop.joinpoint.MethodInvocation.invokeNext(MethodInvocation.java:102)
	at org.jboss.ejb3.entity.TransactionScopedEntityManagerInterceptor.invoke(TransactionScopedEntityManagerInterceptor.java:56)
	at org.jboss.aop.joinpoint.MethodInvocation.invokeNext(MethodInvocation.java:102)
	at org.jboss.ejb3.AllowedOperationsInterceptor.invoke(AllowedOperationsInterceptor.java:47)
	at org.jboss.aop.joinpoint.MethodInvocation.invokeNext(MethodInvocation.java:102)
	at org.jboss.ejb3.tx.NullInterceptor.invoke(NullInterceptor.java:42)
	at org.jboss.aop.joinpoint.MethodInvocation.invokeNext(MethodInvocation.java:102)
	at org.jboss.ejb3.stateless.StatelessInstanceInterceptor.invoke(StatelessInstanceInterceptor.java:68)
	at org.jboss.aop.joinpoint.MethodInvocation.invokeNext(MethodInvocation.java:102)
	at org.jboss.ejb3.core.context.SessionInvocationContextAdapter.proceed(SessionInvocationContextAdapter.java:95)
	at org.jboss.ejb3.tx2.impl.CMTTxInterceptor.invokeInOurTx(CMTTxInterceptor.java:247)
	at org.jboss.ejb3.tx2.impl.CMTTxInterceptor.required(CMTTxInterceptor.java:349)
	at org.jboss.ejb3.tx2.impl.CMTTxInterceptor.invoke(CMTTxInterceptor.java:209)
	at org.jboss.ejb3.tx2.aop.CMTTxInterceptorWrapper.invoke(CMTTxInterceptorWrapper.java:52)
	at org.jboss.aop.joinpoint.MethodInvocation.invokeNext(MethodInvocation.java:102)
	at org.jboss.aspects.tx.TxPropagationInterceptor.invoke(TxPropagationInterceptor.java:76)
	at org.jboss.aop.joinpoint.MethodInvocation.invokeNext(MethodInvocation.java:102)
	at org.jboss.ejb3.tx.NullInterceptor.invoke(NullInterceptor.java:42)
	at org.jboss.aop.joinpoint.MethodInvocation.invokeNext(MethodInvocation.java:102)
	at org.jboss.ejb3.security.Ejb3AuthenticationInterceptorv2.invoke(Ejb3AuthenticationInterceptorv2.java:182)
	at org.jboss.aop.joinpoint.MethodInvocation.invokeNext(MethodInvocation.java:102)
	at org.jboss.ejb3.ENCPropagationInterceptor.invoke(ENCPropagationInterceptor.java:41)
	at org.jboss.aop.joinpoint.MethodInvocation.invokeNext(MethodInvocation.java:102)
	at org.jboss.ejb3.BlockContainerShutdownInterceptor.invoke(BlockContainerShutdownInterceptor.java:67)
	at org.jboss.aop.joinpoint.MethodInvocation.invokeNext(MethodInvocation.java:102)
	at org.jboss.ejb3.core.context.CurrentInvocationContextInterceptor.invoke(CurrentInvocationContextInterceptor.java:47)
	at org.jboss.aop.joinpoint.MethodInvocation.invokeNext(MethodInvocation.java:102)
	at org.jboss.aspects.currentinvocation.CurrentInvocationInterceptor.invoke(CurrentInvocationInterceptor.java:67)
	at org.jboss.aop.joinpoint.MethodInvocation.invokeNext(MethodInvocation.java:102)
	at org.jboss.ejb3.interceptor.EJB3TCCLInterceptor.invoke(EJB3TCCLInterceptor.java:86)
	at org.jboss.aop.joinpoint.MethodInvocation.invokeNext(MethodInvocation.java:102)
	at org.jboss.ejb3.stateless.StatelessContainer.dynamicInvoke(StatelessContainer.java:392)
	at org.jboss.ejb3.session.InvokableContextClassProxyHack._dynamicInvoke(InvokableContextClassProxyHack.java:53)
	at org.jboss.aop.Dispatcher.invoke(Dispatcher.java:91)
	at org.jboss.aspects.remoting.AOPRemotingInvocationHandler.invoke(AOPRemotingInvocationHandler.java:82)
	at org.jboss.remoting.ServerInvoker.invoke(ServerInvoker.java:967)
	at org.jboss.remoting.transport.socket.ServerThread.completeInvocation(ServerThread.java:791)
	at org.jboss.remoting.transport.socket.ServerThread.processInvocation(ServerThread.java:744)
	at org.jboss.remoting.transport.socket.ServerThread.dorun(ServerThread.java:548)
	at org.jboss.remoting.transport.socket.ServerThread.run(ServerThread.java:234)
	at org.jboss.remoting.MicroRemoteClientInvoker.invoke(MicroRemoteClientInvoker.java:218)
	at org.jboss.remoting.Client.invoke(Client.java:2070)
	at org.jboss.remoting.Client.invoke(Client.java:879)
	at org.jboss.aspects.remoting.InvokeRemoteInterceptor.invoke(InvokeRemoteInterceptor.java:60)
	at org.jboss.aop.joinpoint.MethodInvocation.invokeNext(MethodInvocation.java:102)
	at org.jboss.aspects.tx.ClientTxPropagationInterceptor.invoke(ClientTxPropagationInterceptor.java:61)
	at org.jboss.aop.joinpoint.MethodInvocation.invokeNext(MethodInvocation.java:102)
	at org.jboss.ejb3.security.client.SecurityClientInterceptor.invoke(SecurityClientInterceptor.java:65)
	at org.jboss.aop.joinpoint.MethodInvocation.invokeNext(MethodInvocation.java:102)
	at org.jboss.ejb3.remoting.IsLocalInterceptor.invoke(IsLocalInterceptor.java:77)
	at org.jboss.aop.joinpoint.MethodInvocation.invokeNext(MethodInvocation.java:102)
	at org.jboss.ejb3.async.impl.interceptor.AsynchronousClientInterceptor.invoke(AsynchronousClientInterceptor.java:143)
	at org.jboss.aop.joinpoint.MethodInvocation.invokeNext(MethodInvocation.java:102)
	at org.jboss.aspects.remoting.PojiProxy.invoke(PojiProxy.java:62)
	at $Proxy8.invoke(Unknown Source)
	at org.jboss.ejb3.proxy.impl.handler.session.SessionProxyInvocationHandlerBase.invoke(SessionProxyInvocationHandlerBase.java:185)
	at $Proxy11.searchAudit(Unknown Source)
	at com.elitecore.cpe.bl.delegates.system.audit.ConfigureAuditBD.searchAudit(Unknown Source)
	at com.elitecore.test.audit.AuditTestCase.testAuditSearch(Unknown Source)
	at sun.reflect.NativeMethodAccessorImpl.invoke0(Native Method)
	at sun.reflect.NativeMethodAccessorImpl.invoke(NativeMethodAccessorImpl.java:39)
	at sun.reflect.DelegatingMethodAccessorImpl.invoke(DelegatingMethodAccessorImpl.java:25)
	at java.lang.reflect.Method.invoke(Method.java:597)
	at junit.framework.TestCase.runTest(TestCase.java:176)
	at junit.framework.TestCase.runBare(TestCase.java:141)
	at junit.framework.TestResult$1.protect(TestResult.java:122)
	at junit.framework.TestResult.runProtected(TestResult.java:142)
	at junit.framework.TestResult.run(TestResult.java:125)
	at junit.framework.TestCase.run(TestCase.java:129)
	at junit.framework.TestSuite.runTest(TestSuite.java:255)
	at junit.framework.TestSuite.run(TestSuite.java:250)
	at org.apache.tools.ant.taskdefs.optional.junit.JUnitTestRunner.run(JUnitTestRunner.java:532)
	at org.apache.tools.ant.taskdefs.optional.junit.JUnitTestRunner.launch(JUnitTestRunner.java:1179)
	at org.apache.tools.ant.taskdefs.optional.junit.JUnitTestRunner.main(JUnitTestRunner.java:1030)
	at org.jboss.aspects.remoting.InvokeRemoteInterceptor.invoke(InvokeRemoteInterceptor.java:72)
	at org.jboss.aop.joinpoint.MethodInvocation.invokeNext(MethodInvocation.java:102)
	at org.jboss.aspects.tx.ClientTxPropagationInterceptor.invoke(ClientTxPropagationInterceptor.java:61)
	at org.jboss.aop.joinpoint.MethodInvocation.invokeNext(MethodInvocation.java:102)
	at org.jboss.ejb3.security.client.SecurityClientInterceptor.invoke(SecurityClientInterceptor.java:65)
	at org.jboss.aop.joinpoint.MethodInvocation.invokeNext(MethodInvocation.java:102)
	at org.jboss.ejb3.remoting.IsLocalInterceptor.invoke(IsLocalInterceptor.java:77)
	at org.jboss.aop.joinpoint.MethodInvocation.invokeNext(MethodInvocation.java:102)
	at org.jboss.ejb3.async.impl.interceptor.AsynchronousClientInterceptor.invoke(AsynchronousClientInterceptor.java:143)
	at org.jboss.aop.joinpoint.MethodInvocation.invokeNext(MethodInvocation.java:102)
	at org.jboss.aspects.remoting.PojiProxy.invoke(PojiProxy.java:62)
	at $Proxy8.invoke(Unknown Source)
	at org.jboss.ejb3.proxy.impl.handler.session.SessionProxyInvocationHandlerBase.invoke(SessionProxyInvocationHandlerBase.java:185)
	at $Proxy11.searchAudit(Unknown Source)
	at com.elitecore.cpe.bl.delegates.system.audit.ConfigureAuditBD.searchAudit(Unknown Source)
	at com.elitecore.test.audit.AuditTestCase.testAuditSearch(Unknown Source)
	at sun.reflect.NativeMethodAccessorImpl.invoke0(Native Method)
	at sun.reflect.NativeMethodAccessorImpl.invoke(NativeMethodAccessorImpl.java:39)
	at sun.reflect.DelegatingMethodAccessorImpl.invoke(DelegatingMethodAccessorImpl.java:25)
	at java.lang.reflect.Method.invoke(Method.java:597)
	at junit.framework.TestCase.runTest(TestCase.java:176)
	at junit.framework.TestCase.runBare(TestCase.java:141)
	at junit.framework.TestResult$1.protect(TestResult.java:122)
	at junit.framework.TestResult.runProtected(TestResult.java:142)
	at junit.framework.TestResult.run(TestResult.java:125)
	at junit.framework.TestCase.run(TestCase.java:129)
	at junit.framework.TestSuite.runTest(TestSuite.java:255)
	at junit.framework.TestSuite.run(TestSuite.java:250)
	at org.apache.tools.ant.taskdefs.optional.junit.JUnitTestRunner.run(JUnitTestRunner.java:532)
	at org.apache.tools.ant.taskdefs.optional.junit.JUnitTestRunner.launch(JUnitTestRunner.java:1179)
	at org.apache.tools.ant.taskdefs.optional.junit.JUnitTestRunner.main(JUnitTestRunner.java:1030)
com.elitecore.cpe.bl.exception.AccessDeniedException: Invalid Userame / Password
	at com.elitecore.cpe.bl.facade.bss.user.BSSUserFacade.doLogin(BSSUserFacade.java:152)
	at sun.reflect.GeneratedMethodAccessor440.invoke(Unknown Source)
	at sun.reflect.DelegatingMethodAccessorImpl.invoke(DelegatingMethodAccessorImpl.java:25)
	at java.lang.reflect.Method.invoke(Method.java:597)
	at org.jboss.aop.joinpoint.MethodInvocation.invokeTarget(MethodInvocation.java:122)
	at org.jboss.aop.joinpoint.MethodInvocation.invokeNext(MethodInvocation.java:111)
	at org.jboss.ejb3.interceptors.container.ContainerMethodInvocationWrapper.invokeNext(ContainerMethodInvocationWrapper.java:72)
	at org.jboss.ejb3.interceptors.aop.InterceptorSequencer.invoke(InterceptorSequencer.java:76)
	at org.jboss.ejb3.interceptors.aop.InterceptorSequencer.aroundInvoke(InterceptorSequencer.java:62)
	at sun.reflect.GeneratedMethodAccessor365.invoke(Unknown Source)
	at sun.reflect.DelegatingMethodAccessorImpl.invoke(DelegatingMethodAccessorImpl.java:25)
	at java.lang.reflect.Method.invoke(Method.java:597)
	at org.jboss.aop.advice.PerJoinpointAdvice.invoke(PerJoinpointAdvice.java:174)
	at org.jboss.aop.joinpoint.MethodInvocation.invokeNext(MethodInvocation.java:102)
	at org.jboss.ejb3.interceptors.aop.InvocationContextInterceptor.fillMethod(InvocationContextInterceptor.java:74)
	at org.jboss.aop.advice.org.jboss.ejb3.interceptors.aop.InvocationContextInterceptor_z_fillMethod_1773080527.invoke(InvocationContextInterceptor_z_fillMethod_1773080527.java)
	at org.jboss.aop.joinpoint.MethodInvocation.invokeNext(MethodInvocation.java:102)
	at org.jboss.ejb3.interceptors.aop.InvocationContextInterceptor.setup(InvocationContextInterceptor.java:90)
	at org.jboss.aop.advice.org.jboss.ejb3.interceptors.aop.InvocationContextInterceptor_z_setup_1773080527.invoke(InvocationContextInterceptor_z_setup_1773080527.java)
	at org.jboss.aop.joinpoint.MethodInvocation.invokeNext(MethodInvocation.java:102)
	at org.jboss.ejb3.async.impl.interceptor.AsynchronousServerInterceptor.invoke(AsynchronousServerInterceptor.java:128)
	at org.jboss.aop.joinpoint.MethodInvocation.invokeNext(MethodInvocation.java:102)
[...]
	at $Proxy8.invoke(Unknown Source)
	at org.jboss.ejb3.proxy.impl.handler.session.SessionProxyInvocationHandlerBase.invoke(SessionProxyInvocationHandlerBase.java:185)
	at $Proxy7.doLogin(Unknown Source)
	at com.elitecore.cpe.bl.delegates.system.user.UserBD.doLogin(Unknown Source)
	at com.elitecore.test.base.BaseTestCase.getBDSessionContext(Unknown Source)
	at com.elitecore.test.audit.AuditTestCase.setUp(Unknown Source)
	at junit.framework.TestCase.runBare(TestCase.java:139)
	at junit.framework.TestResult$1.protect(TestResult.java:122)
	at junit.framework.TestResult.runProtected(TestResult.java:142)
	at junit.framework.TestResult.run(TestResult.java:125)
	at junit.framework.TestCase.run(TestCase.java:129)
	at junit.framework.TestSuite.runTest(TestSuite.java:255)
	at junit.framework.TestSuite.run(TestSuite.java:250)
	at org.apache.tools.ant.taskdefs.optional.junit.JUnitTestRunner.run(JUnitTestRunner.java:532)
	at org.apache.tools.ant.taskdefs.optional.junit.JUnitTestRunner.launch(JUnitTestRunner.java:1179)
	at org.apache.tools.ant.taskdefs.optional.junit.JUnitTestRunner.main(JUnitTestRunner.java:1030)
	at org.jboss.aspects.remoting.InvokeRemoteInterceptor.invoke(InvokeRemoteInterceptor.java:72)
	at org.jboss.aop.joinpoint.MethodInvocation.invokeNext(MethodInvocation.java:102)
	at org.jboss.aspects.tx.ClientTxPropagationInterceptor.invoke(ClientTxPropagationInterceptor.java:61)
	at org.jboss.aop.joinpoint.MethodInvocation.invokeNext(MethodInvocation.java:102)
	at org.jboss.ejb3.security.client.SecurityClientInterceptor.invoke(SecurityClientInterceptor.java:65)
	at org.jboss.aop.joinpoint.MethodInvocation.invokeNext(MethodInvocation.java:102)
	at org.jboss.ejb3.remoting.IsLocalInterceptor.invoke(IsLocalInterceptor.java:77)
	at org.jboss.aop.joinpoint.MethodInvocation.invokeNext(MethodInvocation.java:102)
	at org.jboss.ejb3.async.impl.interceptor.AsynchronousClientInterceptor.invoke(AsynchronousClientInterceptor.java:143)
	at org.jboss.aop.joinpoint.MethodInvocation.invokeNext(MethodInvocation.java:102)
	at org.jboss.aspects.remoting.PojiProxy.invoke(PojiProxy.java:62)
	at $Proxy8.invoke(Unknown Source)
	at org.jboss.ejb3.proxy.impl.handler.session.SessionProxyInvocationHandlerBase.invoke(SessionProxyInvocationHandlerBase.java:185)
	at $Proxy7.doLogin(Unknown Source)
	at com.elitecore.cpe.bl.delegates.system.user.UserBD.doLogin(Unknown Source)
	at com.elitecore.test.base.BaseTestCase.getBDSessionContext(Unknown Source)
	at com.elitecore.test.audit.AuditTestCase.setUp(Unknown Source)
	at junit.framework.TestCase.runBare(TestCase.java:139)
	at junit.framework.TestResult$1.protect(TestResult.java:122)
	at junit.framework.TestResult.runProtected(TestResult.java:142)
	at junit.framework.TestResult.run(TestResult.java:125)
	at junit.framework.TestCase.run(TestCase.java:129)
	at junit.framework.TestSuite.runTest(TestSuite.java:255)
	at junit.framework.TestSuite.run(TestSuite.java:250)
	at org.apache.tools.ant.taskdefs.optional.junit.JUnitTestRunner.run(JUnitTestRunner.java:532)
	at org.apache.tools.ant.taskdefs.optional.junit.JUnitTestRunner.launch(JUnitTestRunner.java:1179)
	at org.apache.tools.ant.taskdefs.optional.junit.JUnitTestRunner.main(JUnitTestRunner.java:1030)
com.elitecore.cpe.bl.exception.AccessDeniedException: Invalid Userame / Password
	at com.elitecore.cpe.bl.facade.bss.user.BSSUserFacade.doLogin(BSSUserFacade.java:152)
	at sun.reflect.GeneratedMethodAccessor440.invoke(Unknown Source)
	at sun.reflect.DelegatingMethodAccessorImpl.invoke(DelegatingMethodAccessorImpl.java:25)
	at java.lang.reflect.Method.invoke(Method.java:597)
	at org.jboss.aop.joinpoint.MethodInvocation.invokeTarget(MethodInvocation.java:122)
	at org.jboss.aop.joinpoint.MethodInvocation.invokeNext(MethodInvocation.java:111)
	at org.jboss.ejb3.interceptors.container.ContainerMethodInvocationWrapper.invokeNext(ContainerMethodInvocationWrapper.java:72)
	at org.jboss.ejb3.interceptors.aop.InterceptorSequencer.invoke(InterceptorSequencer.java:76)
	at org.jboss.ejb3.interceptors.aop.InterceptorSequencer.aroundInvoke(InterceptorSequencer.java:62)
	at sun.reflect.GeneratedMethodAccessor365.invoke(Unknown Source)
	at sun.reflect.DelegatingMethodAccessorImpl.invoke(DelegatingMethodAccessorImpl.java:25)
	at java.lang.reflect.Method.invoke(Method.java:597)
	at org.jboss.aop.advice.PerJoinpointAdvice.invoke(PerJoinpointAdvice.java:174)
	at org.jboss.aop.joinpoint.MethodInvocation.invokeNext(MethodInvocation.java:102)
	at org.jboss.ejb3.interceptors.aop.InvocationContextInterceptor.fillMethod(InvocationContextInterceptor.java:74)
	at org.jboss.aop.advice.org.jboss.ejb3.interceptors.aop.InvocationContextInterceptor_z_fillMethod_1773080527.invoke(InvocationContextInterceptor_z_fillMethod_1773080527.java)
	at org.jboss.aop.joinpoint.MethodInvocation.invokeNext(MethodInvocation.java:102)
	at org.jboss.ejb3.interceptors.aop.InvocationContextInterceptor.setup(InvocationContextInterceptor.java:90)
	at org.jboss.aop.advice.org.jboss.ejb3.interceptors.aop.InvocationContextInterceptor_z_setup_1773080527.invoke(InvocationContextInterceptor_z_setup_1773080527.java)
	at org.jboss.aop.joinpoint.MethodInvocation.invokeNext(MethodInvocation.java:102)
	at org.jboss.ejb3.async.impl.interceptor.AsynchronousServerInterceptor.invoke(AsynchronousServerInterceptor.java:128)
	at org.jboss.aop.joinpoint.MethodInvocation.invokeNext(MethodInvocation.java:102)
	at org.jboss.ejb3.connectionmanager.CachedConnectionInterceptor.invoke(CachedConnectionInterceptor.java:62)
	at org.jboss.aop.joinpoint.MethodInvocation.invokeNext(MethodInvocation.java:102)
	at org.jboss.ejb3.entity.TransactionScopedEntityManagerInterceptor.invoke(TransactionScopedEntityManagerInterceptor.java:56)
	at org.jboss.aop.joinpoint.MethodInvocation.invokeNext(MethodInvocation.java:102)
	at org.jboss.ejb3.AllowedOperationsInterceptor.invoke(AllowedOperationsInterceptor.java:47)
	at org.jboss.aop.joinpoint.MethodInvocation.invokeNext(MethodInvocation.java:102)
	at org.jboss.ejb3.tx.NullInterceptor.invoke(NullInterceptor.java:42)
	at org.jboss.aop.joinpoint.MethodInvocation.invokeNext(MethodInvocation.java:102)
	at org.jboss.ejb3.stateless.StatelessInstanceInterceptor.invoke(StatelessInstanceInterceptor.java:68)
	at org.jboss.aop.joinpoint.MethodInvocation.invokeNext(MethodInvocation.java:102)
	at org.jboss.ejb3.core.context.SessionInvocationContextAdapter.proceed(SessionInvocationContextAdapter.java:95)
	at org.jboss.ejb3.tx2.impl.CMTTxInterceptor.invokeInCallerTx(CMTTxInterceptor.java:223)
	at org.jboss.ejb3.tx2.impl.CMTTxInterceptor.required(CMTTxInterceptor.java:353)
	at org.jboss.ejb3.tx2.impl.CMTTxInterceptor.invoke(CMTTxInterceptor.java:209)
	at org.jboss.ejb3.tx2.aop.CMTTxInterceptorWrapper.invoke(CMTTxInterceptorWrapper.java:52)
	at org.jboss.aop.joinpoint.MethodInvocation.invokeNext(MethodInvocation.java:102)
	at org.jboss.aspects.tx.TxPropagationInterceptor.invoke(TxPropagationInterceptor.java:76)
	at org.jboss.aop.joinpoint.MethodInvocation.invokeNext(MethodInvocation.java:102)
	at org.jboss.ejb3.tx.NullInterceptor.invoke(NullInterceptor.java:42)
	at org.jboss.aop.joinpoint.MethodInvocation.invokeNext(MethodInvocation.java:102)
	at org.jboss.ejb3.security.Ejb3AuthenticationInterceptorv2.invoke(Ejb3AuthenticationInterceptorv2.java:182)
	at org.jboss.aop.joinpoint.MethodInvocation.invokeNext(MethodInvocation.java:102)
	at org.jboss.ejb3.ENCPropagationInterceptor.invoke(ENCPropagationInterceptor.java:41)
	at org.jboss.aop.joinpoint.MethodInvocation.invokeNext(MethodInvocation.java:102)
	at org.jboss.ejb3.BlockContainerShutdownInterceptor.invoke(BlockContainerShutdownInterceptor.java:67)
	at org.jboss.aop.joinpoint.MethodInvocation.invokeNext(MethodInvocation.java:102)
	at org.jboss.ejb3.core.context.CurrentInvocationContextInterceptor.invoke(CurrentInvocationContextInterceptor.java:47)
	at org.jboss.aop.joinpoint.MethodInvocation.invokeNext(MethodInvocation.java:102)
	at org.jboss.aspects.currentinvocation.CurrentInvocationInterceptor.invoke(CurrentInvocationInterceptor.java:67)
	at org.jboss.aop.joinpoint.MethodInvocation.invokeNext(MethodInvocation.java:102)
	at org.jboss.ejb3.interceptor.EJB3TCCLInterceptor.invoke(EJB3TCCLInterceptor.java:86)
	at org.jboss.aop.joinpoint.MethodInvocation.invokeNext(MethodInvocation.java:102)
	at org.jboss.ejb3.session.SessionSpecContainer.invoke(SessionSpecContainer.java:333)
	at org.jboss.ejb3.session.SessionSpecContainer.invoke(SessionSpecContainer.java:390)
	at sun.reflect.GeneratedMethodAccessor802.invoke(Unknown Source)
	at sun.reflect.DelegatingMethodAccessorImpl.invoke(DelegatingMethodAccessorImpl.java:25)
	at java.lang.reflect.Method.invoke(Method.java:597)
	at org.jboss.ejb3.proxy.impl.handler.session.SessionLocalProxyInvocationHandler$LocalContainerInvocation.invokeTarget(SessionLocalProxyInvocationHandler.java:184)
	at org.jboss.aop.joinpoint.MethodInvocation.invokeNext(MethodInvocation.java:111)
	at org.jboss.ejb3.async.impl.interceptor.AsynchronousClientInterceptor.invoke(AsynchronousClientInterceptor.java:143)
	at org.jboss.aop.joinpoint.MethodInvocation.invokeNext(MethodInvocation.java:102)
	at org.jboss.ejb3.proxy.impl.handler.session.SessionLocalProxyInvocationHandler$LocalInvokableContextHandler.invoke(SessionLocalProxyInvocationHandler.java:159)
	at $Proxy212.invoke(Unknown Source)
	at org.jboss.ejb3.proxy.impl.handler.session.SessionProxyInvocationHandlerBase.invoke(SessionProxyInvocationHandlerBase.java:185)
	at $Proxy207.doLogin(Unknown Source)
	at com.elitecore.cpe.bl.controller.system.BSSUserAuthController.doLogin(BSSUserAuthController.java:35)
	at com.elitecore.cpe.bl.factory.system.user.UserFactory.doLogin(UserFactory.java:49)
	at com.elitecore.cpe.bl.factory.system.user.UserFactory.doLogin(UserFactory.java:57)
	at com.elitecore.cpe.bl.facade.system.user.UserFacade.doLogin(UserFacade.java:53)
	at sun.reflect.GeneratedMethodAccessor439.invoke(Unknown Source)
	at sun.reflect.DelegatingMethodAccessorImpl.invoke(DelegatingMethodAccessorImpl.java:25)
	at java.lang.reflect.Method.invoke(Method.java:597)
	at org.jboss.aop.joinpoint.MethodInvocation.invokeTarget(MethodInvocation.java:122)
	at org.jboss.aop.joinpoint.MethodInvocation.invokeNext(MethodInvocation.java:111)
	at org.jboss.ejb3.interceptors.container.ContainerMethodInvocationWrapper.invokeNext(ContainerMethodInvocationWrapper.java:72)
	at org.jboss.ejb3.interceptors.aop.InterceptorSequencer.invoke(InterceptorSequencer.java:76)
	at org.jboss.ejb3.interceptors.aop.InterceptorSequencer.aroundInvoke(InterceptorSequencer.java:62)
	at sun.reflect.GeneratedMethodAccessor365.invoke(Unknown Source)
	at sun.reflect.DelegatingMethodAccessorImpl.invoke(DelegatingMethodAccessorImpl.java:25)
	at java.lang.reflect.Method.invoke(Method.java:597)
	at org.jboss.aop.advice.PerJoinpointAdvice.invoke(PerJoinpointAdvice.java:174)
	at org.jboss.aop.joinpoint.MethodInvocation.invokeNext(MethodInvocation.java:102)
	at org.jboss.ejb3.interceptors.aop.InvocationContextInterceptor.fillMethod(InvocationContextInterceptor.java:74)
	at org.jboss.aop.advice.org.jboss.ejb3.interceptors.aop.InvocationContextInterceptor_z_fillMethod_1773080527.invoke(InvocationContextInterceptor_z_fillMethod_1773080527.java)
	at org.jboss.aop.joinpoint.MethodInvocation.invokeNext(MethodInvocation.java:102)
	at org.jboss.ejb3.interceptors.aop.InvocationContextInterceptor.setup(InvocationContextInterceptor.java:90)
	at org.jboss.aop.advice.org.jboss.ejb3.interceptors.aop.InvocationContextInterceptor_z_setup_1773080527.invoke(InvocationContextInterceptor_z_setup_1773080527.java)
	at org.jboss.aop.joinpoint.MethodInvocation.invokeNext(MethodInvocation.java:102)
	at org.jboss.ejb3.async.impl.interceptor.AsynchronousServerInterceptor.invoke(AsynchronousServerInterceptor.java:128)
	at org.jboss.aop.joinpoint.MethodInvocation.invokeNext(MethodInvocation.java:102)
	at org.jboss.ejb3.connectionmanager.CachedConnectionInterceptor.invoke(CachedConnectionInterceptor.java:62)
	at org.jboss.aop.joinpoint.MethodInvocation.invokeNext(MethodInvocation.java:102)
	at org.jboss.ejb3.entity.TransactionScopedEntityManagerInterceptor.invoke(TransactionScopedEntityManagerInterceptor.java:56)
	at org.jboss.aop.joinpoint.MethodInvocation.invokeNext(MethodInvocation.java:102)
	at org.jboss.ejb3.AllowedOperationsInterceptor.invoke(AllowedOperationsInterceptor.java:47)
	at org.jboss.aop.joinpoint.MethodInvocation.invokeNext(MethodInvocation.java:102)
	at org.jboss.ejb3.tx.NullInterceptor.invoke(NullInterceptor.java:42)
	at org.jboss.aop.joinpoint.MethodInvocation.invokeNext(MethodInvocation.java:102)
	at org.jboss.ejb3.stateless.StatelessInstanceInterceptor.invoke(StatelessInstanceInterceptor.java:68)
	at org.jboss.aop.joinpoint.MethodInvocation.invokeNext(MethodInvocation.java:102)
	at org.jboss.ejb3.core.context.SessionInvocationContextAdapter.proceed(SessionInvocationContextAdapter.java:95)
	at org.jboss.ejb3.tx2.impl.CMTTxInterceptor.invokeInOurTx(CMTTxInterceptor.java:247)
	at org.jboss.ejb3.tx2.impl.CMTTxInterceptor.required(CMTTxInterceptor.java:349)
	at org.jboss.ejb3.tx2.impl.CMTTxInterceptor.invoke(CMTTxInterceptor.java:209)
	at org.jboss.ejb3.tx2.aop.CMTTxInterceptorWrapper.invoke(CMTTxInterceptorWrapper.java:52)
	at org.jboss.aop.joinpoint.MethodInvocation.invokeNext(MethodInvocation.java:102)
	at org.jboss.aspects.tx.TxPropagationInterceptor.invoke(TxPropagationInterceptor.java:76)
	at org.jboss.aop.joinpoint.MethodInvocation.invokeNext(MethodInvocation.java:102)
	at org.jboss.ejb3.tx.NullInterceptor.invoke(NullInterceptor.java:42)
	at org.jboss.aop.joinpoint.MethodInvocation.invokeNext(MethodInvocation.java:102)
	at org.jboss.ejb3.security.Ejb3AuthenticationInterceptorv2.invoke(Ejb3AuthenticationInterceptorv2.java:182)
	at org.jboss.aop.joinpoint.MethodInvocation.invokeNext(MethodInvocation.java:102)
	at org.jboss.ejb3.ENCPropagationInterceptor.invoke(ENCPropagationInterceptor.java:41)
	at org.jboss.aop.joinpoint.MethodInvocation.invokeNext(MethodInvocation.java:102)
	at org.jboss.ejb3.BlockContainerShutdownInterceptor.invoke(BlockContainerShutdownInterceptor.java:67)
	at org.jboss.aop.joinpoint.MethodInvocation.invokeNext(MethodInvocation.java:102)
	at org.jboss.ejb3.core.context.CurrentInvocationContextInterceptor.invoke(CurrentInvocationContextInterceptor.java:47)
	at org.jboss.aop.joinpoint.MethodInvocation.invokeNext(MethodInvocation.java:102)
	at org.jboss.aspects.currentinvocation.CurrentInvocationInterceptor.invoke(CurrentInvocationInterceptor.java:67)
	at org.jboss.aop.joinpoint.MethodInvocation.invokeNext(MethodInvocation.java:102)
	at org.jboss.ejb3.interceptor.EJB3TCCLInterceptor.invoke(EJB3TCCLInterceptor.java:86)
	at org.jboss.aop.joinpoint.MethodInvocation.invokeNext(MethodInvocation.java:102)
	at org.jboss.ejb3.stateless.StatelessContainer.dynamicInvoke(StatelessContainer.java:392)
	at org.jboss.ejb3.session.InvokableContextClassProxyHack._dynamicInvoke(InvokableContextClassProxyHack.java:53)
	at org.jboss.aop.Dispatcher.invoke(Dispatcher.java:91)
	at org.jboss.aspects.remoting.AOPRemotingInvocationHandler.invoke(AOPRemotingInvocationHandler.java:82)
	at org.jboss.remoting.ServerInvoker.invoke(ServerInvoker.java:967)
	at org.jboss.remoting.transport.socket.ServerThread.completeInvocation(ServerThread.java:791)
	at org.jboss.remoting.transport.socket.ServerThread.processInvocation(ServerThread.java:744)
	at org.jboss.remoting.transport.socket.ServerThread.dorun(ServerThread.java:548)
	at org.jboss.remoting.transport.socket.ServerThread.run(ServerThread.java:234)
	at org.jboss.remoting.MicroRemoteClientInvoker.invoke(MicroRemoteClientInvoker.java:218)
	at org.jboss.remoting.Client.invoke(Client.java:2070)
	at org.jboss.remoting.Client.invoke(Client.java:879)
	at org.jboss.aspects.remoting.InvokeRemoteInterceptor.invoke(InvokeRemoteInterceptor.java:60)
	at org.jboss.aop.joinpoint.MethodInvocation.invokeNext(MethodInvocation.java:102)
	at org.jboss.aspects.tx.ClientTxPropagationInterceptor.invoke(ClientTxPropagationInterceptor.java:61)
	at org.jboss.aop.joinpoint.MethodInvocation.invokeNext(MethodInvocation.java:102)
	at org.jboss.ejb3.security.client.SecurityClientInterceptor.invoke(SecurityClientInterceptor.java:65)
	at org.jboss.aop.joinpoint.MethodInvocation.invokeNext(MethodInvocation.java:102)
	at org.jboss.ejb3.remoting.IsLocalInterceptor.invoke(IsLocalInterceptor.java:77)
	at org.jboss.aop.joinpoint.MethodInvocation.invokeNext(MethodInvocation.java:102)
	at org.jboss.ejb3.async.impl.interceptor.AsynchronousClientInterceptor.invoke(AsynchronousClientInterceptor.java:143)
	at org.jboss.aop.joinpoint.MethodInvocation.invokeNext(MethodInvocation.java:102)
	at org.jboss.aspects.remoting.PojiProxy.invoke(PojiProxy.java:62)
	at $Proxy8.invoke(Unknown Source)
	at org.jboss.ejb3.proxy.impl.handler.session.SessionProxyInvocationHandlerBase.invoke(SessionProxyInvocationHandlerBase.java:185)
	at $Proxy7.doLogin(Unknown Source)
	at com.elitecore.cpe.bl.delegates.system.user.UserBD.doLogin(Unknown Source)
	at com.elitecore.test.base.BaseTestCase.getBDSessionContext(Unknown Source)
	at com.elitecore.test.audit.AuditTestCase.setUp(Unknown Source)
	at junit.framework.TestCase.runBare(TestCase.java:139)
	at junit.framework.TestResult$1.protect(TestResult.java:122)
	at junit.framework.TestResult.runProtected(TestResult.java:142)
	at junit.framework.TestResult.run(TestResult.java:125)
	at junit.framework.TestCase.run(TestCase.java:129)
	at junit.framework.TestSuite.runTest(TestSuite.java:255)
	at junit.framework.TestSuite.run(TestSuite.java:250)
	at org.apache.tools.ant.taskdefs.optional.junit.JUnitTestRunner.run(JUnitTestRunner.java:532)
	at org.apache.tools.ant.taskdefs.optional.junit.JUnitTestRunner.launch(JUnitTestRunner.java:1179)
	at org.apache.tools.ant.taskdefs.optional.junit.JUnitTestRunner.main(JUnitTestRunner.java:1030)
	at org.jboss.aspects.remoting.InvokeRemoteInterceptor.invoke(InvokeRemoteInterceptor.java:72)
	at org.jboss.aop.joinpoint.MethodInvocation.invokeNext(MethodInvocation.java:102)
	at org.jboss.aspects.tx.ClientTxPropagationInterceptor.invoke(ClientTxPropagationInterceptor.java:61)
	at org.jboss.aop.joinpoint.MethodInvocation.invokeNext(MethodInvocation.java:102)
	at org.jboss.ejb3.security.client.SecurityClientInterceptor.invoke(SecurityClientInterceptor.java:65)
	at org.jboss.aop.joinpoint.MethodInvocation.invokeNext(MethodInvocation.java:102)
	at org.jboss.ejb3.remoting.IsLocalInterceptor.invoke(IsLocalInterceptor.java:77)
	at org.jboss.aop.joinpoint.MethodInvocation.invokeNext(MethodInvocation.java:102)
	at org.jboss.ejb3.async.impl.interceptor.AsynchronousClientInterceptor.invoke(AsynchronousClientInterceptor.java:143)
	at org.jboss.aop.joinpoint.MethodInvocation.invokeNext(MethodInvocation.java:102)
	at org.jboss.aspects.remoting.PojiProxy.invoke(PojiProxy.java:62)
	at $Proxy8.invoke(Unknown Source)
	at org.jboss.ejb3.proxy.impl.handler.session.SessionProxyInvocationHandlerBase.invoke(SessionProxyInvocationHandlerBase.java:185)
	at $Proxy7.doLogin(Unknown Source)
	at com.elitecore.cpe.bl.delegates.system.user.UserBD.doLogin(Unknown Source)
	at com.elitecore.test.base.BaseTestCase.getBDSessionContext(Unknown Source)
	at com.elitecore.test.audit.AuditTestCase.setUp(Unknown Source)
	at junit.framework.TestCase.runBare(TestCase.java:139)
	at junit.framework.TestResult$1.protect(TestResult.java:122)
	at junit.framework.TestResult.runProtected(TestResult.java:142)
	at junit.framework.TestResult.run(TestResult.java:125)
	at junit.framework.TestCase.run(TestCase.java:129)
	at junit.framework.TestSuite.runTest(TestSuite.java:255)
	at junit.framework.TestSuite.run(TestSuite.java:250)
	at org.apache.tools.ant.taskdefs.optional.junit.JUnitTestRunner.run(JUnitTestRunner.java:532)
	at org.apache.tools.ant.taskdefs.optional.junit.JUnitTestRunner.launch(JUnitTestRunner.java:1179)
	at org.apache.tools.ant.taskdefs.optional.junit.JUnitTestRunner.main(JUnitTestRunner.java:1030)
]]></system-err>
</testsuite>
