<?xml version="1.0" encoding="UTF-8" ?>
<testsuite errors="0" failures="0" hostname="localhost.localdomain" name="com.elitecore.test.inventorymgt.InventoryTestCase" skipped="0" tests="3" time="3.911" timestamp="2015-03-16T08:37:19">
  <properties>
[...]
</properties>
  <testcase classname="com.elitecore.test.inventorymgt.InventoryTestCase" name="testInventorySearch" time="3.662" />
  <testcase classname="com.elitecore.test.inventorymgt.InventoryTestCase" name="testInventoryBatchSearch" time="0.083" />
  <testcase classname="com.elitecore.test.inventorymgt.InventoryTestCase" name="testBaseTestCase" time="0.037" />
  <system-out><![CDATA[Load from properties file.
************* inside lookup - start *****************
************* inside lookup - start *****************
InventoryDetailVO [wareHouseName=DemoTest, warehouseId=323, batchId=BTC04554, inventoryId=INV00yu0001, status=Scrapped, distributorNumber=null, customerRefNumber=null, orderNumber=null, attribute={Serial Number=48-44-47-50gf}, transferStatus=WAITING, remark=null, resourceType=DemoTest, resourceSubType=DemoTest, createdby=Admin Admin, updatedby=Admin Admin, createDate=2014-12-11 11:39:50.0, updatedDate=2015-02-05 12:25:49.0,subStatus=null]
InventoryDetailVO [wareHouseName=DemoTest, warehouseId=323, batchId=BTC04554, inventoryId=INV0uy00002, status=Allocated, distributorNumber=null, customerRefNumber=null, orderNumber=null, attribute={Serial Number=48-44-4f7-50}, transferStatus=WAITING, remark=null, resourceType=DemoTest, resourceSubType=DemoTest, createdby=Admin Admin, updatedby=Admin Admin, createDate=2014-12-11 11:39:50.0, updatedDate=2014-12-11 11:41:48.0,subStatus=null]
InventoryDetailVO [wareHouseName=DemoTest, warehouseId=323, batchId=BTC04554, inventoryId=INV000h003, status=Allocated, distributorNumber=null, customerRefNumber=null, orderNumber=null, attribute={Serial Number=48-gf44-47-50}, transferStatus=WAITING, remark=null, resourceType=DemoTest, resourceSubType=DemoTest, createdby=Admin Admin, updatedby=Admin Admin, createDate=2014-12-11 11:39:50.0, updatedDate=2014-12-31 11:09:18.0,subStatus=null]
InventoryDetailVO [wareHouseName=Central, warehouseId=21, batchId=BTC04554, inventoryId=INV000j004, status=Allocated, distributorNumber=null, customerRefNumber=null, orderNumber=null, attribute={Serial Number=48bhg-44-47-50}, transferStatus=WAITING, remark=null, resourceType=DemoTest, resourceSubType=DemoTest, createdby=Admin Admin, updatedby=Admin Admin, createDate=2014-12-11 11:39:50.0, updatedDate=2015-01-29 18:01:12.0,subStatus=null]
InventoryDetailVO [wareHouseName=WH Test, warehouseId=441, batchId=BTC04554, inventoryId=INV00kj0005, status=Faulty, distributorNumber=null, customerRefNumber=null, orderNumber=null, attribute={Serial Number=48gh-44-47-50}, transferStatus=null, remark=null, resourceType=DemoTest, resourceSubType=DemoTest, createdby=Admin Admin, updatedby=Admin Admin, createDate=2014-12-11 11:39:50.0, updatedDate=2015-03-05 10:20:59.0,subStatus=New]
InventoryDetailVO [wareHouseName=Central, warehouseId=21, batchId=BT0000077, inventoryId=INV00yu00011, status=Faulty, distributorNumber=null, customerRefNumber=null, orderNumber=null, attribute={Serial Number=48-44-47-50gf}, transferStatus=null, remark=null, resourceType=DemoTest, resourceSubType=DemoTest, createdby=Admin Admin, updatedby=Admin Admin, createDate=2014-12-16 17:49:56.0, updatedDate=2015-02-16 10:29:57.0,subStatus=Stand-By]
InventoryDetailVO [wareHouseName=Central, warehouseId=21, batchId=BT0000077, inventoryId=INV0uy000021, status=Scrapped, distributorNumber=null, customerRefNumber=null, orderNumber=null, attribute={Serial Number=48-44-4f7-50}, transferStatus=null, remark=null, resourceType=DemoTest, resourceSubType=DemoTest, createdby=Admin Admin, updatedby=Admin Admin, createDate=2014-12-16 17:49:56.0, updatedDate=2015-02-16 10:31:06.0,subStatus=Stand-By]
InventoryDetailVO [wareHouseName=Central, warehouseId=21, batchId=BT0000077, inventoryId=INV000h0031, status=Faulty, distributorNumber=null, customerRefNumber=null, orderNumber=null, attribute={Serial Number=48-gf44-47-50}, transferStatus=null, remark=null, resourceType=DemoTest, resourceSubType=DemoTest, createdby=Admin Admin, updatedby=-, createDate=2014-12-16 17:49:56.0, updatedDate=null,subStatus=null]
InventoryDetailVO [wareHouseName=Central, warehouseId=21, batchId=BT0000077, inventoryId=INV000j0041, status=Faulty, distributorNumber=null, customerRefNumber=null, orderNumber=null, attribute={Serial Number=48bhg-44-47-50}, transferStatus=null, remark=null, resourceType=DemoTest, resourceSubType=DemoTest, createdby=Admin Admin, updatedby=Admin Admin, createDate=2014-12-16 17:49:56.0, updatedDate=2015-02-16 16:28:57.0,subStatus=Returned]
InventoryDetailVO [wareHouseName=Central, warehouseId=21, batchId=BT0000077, inventoryId=INV00kj00051, status=Faulty, distributorNumber=null, customerRefNumber=null, orderNumber=null, attribute={Serial Number=48gh-44-47-50}, transferStatus=null, remark=null, resourceType=DemoTest, resourceSubType=DemoTest, createdby=Admin Admin, updatedby=Admin Admin, createDate=2014-12-16 17:49:56.0, updatedDate=2015-02-16 11:27:53.0,subStatus=Accepted]
InventoryDetailVO [wareHouseName=Central, warehouseId=21, batchId=BT0000079, inventoryId=INV00yu00012, status=Faulty, distributorNumber=null, customerRefNumber=null, orderNumber=null, attribute={Serial Number=48-44-47-50gf}, transferStatus=null, remark=null, resourceType=DemoTest, resourceSubType=DemoTest, createdby=Admin Admin, updatedby=-, createDate=2014-12-17 19:05:13.0, updatedDate=null,subStatus=null]
InventoryDetailVO [wareHouseName=Central, warehouseId=21, batchId=BT0000079, inventoryId=INV0uy000022, status=Faulty, distributorNumber=null, customerRefNumber=null, orderNumber=null, attribute={Serial Number=48-44-4f7-50}, transferStatus=null, remark=null, resourceType=DemoTest, resourceSubType=DemoTest, createdby=Admin Admin, updatedby=-, createDate=2014-12-17 19:05:13.0, updatedDate=null,subStatus=null]
InventoryDetailVO [wareHouseName=Central, warehouseId=21, batchId=BT0000079, inventoryId=INV000h0032, status=Faulty, distributorNumber=null, customerRefNumber=null, orderNumber=null, attribute={Serial Number=48-gf44-47-50}, transferStatus=null, remark=null, resourceType=DemoTest, resourceSubType=DemoTest, createdby=Admin Admin, updatedby=Admin Admin, createDate=2014-12-17 19:05:13.0, updatedDate=2015-02-16 12:21:35.0,subStatus=New]
InventoryDetailVO [wareHouseName=Central, warehouseId=21, batchId=BT0000079, inventoryId=INV000j0042, status=Faulty, distributorNumber=null, customerRefNumber=null, orderNumber=null, attribute={Serial Number=48bhg-44-47-50}, transferStatus=null, remark=null, resourceType=DemoTest, resourceSubType=DemoTest, createdby=Admin Admin, updatedby=-, createDate=2014-12-17 19:05:13.0, updatedDate=null,subStatus=null]
InventoryDetailVO [wareHouseName=Central, warehouseId=21, batchId=BT0000079, inventoryId=INV00kj00052, status=Faulty, distributorNumber=null, customerRefNumber=null, orderNumber=null, attribute={Serial Number=48gh-44-47-50}, transferStatus=null, remark=null, resourceType=DemoTest, resourceSubType=DemoTest, createdby=Admin Admin, updatedby=-, createDate=2014-12-17 19:05:13.0, updatedDate=null,subStatus=null]
InventoryDetailVO [wareHouseName=Central, warehouseId=21, batchId=BT0000080, inventoryId=INV00yu00013, status=Faulty, distributorNumber=null, customerRefNumber=null, orderNumber=null, attribute={Serial Number=48-44-47-50gf}, transferStatus=WAITING, remark=null, resourceType=DemoTest, resourceSubType=DemoTest, createdby=Admin Admin, updatedby=-, createDate=2014-12-18 10:39:55.0, updatedDate=null,subStatus=null]
InventoryDetailVO [wareHouseName=Central, warehouseId=21, batchId=BT0000080, inventoryId=INV0uy000023, status=Faulty, distributorNumber=null, customerRefNumber=null, orderNumber=null, attribute={Serial Number=48-44-4f7-50}, transferStatus=null, remark=null, resourceType=DemoTest, resourceSubType=DemoTest, createdby=Admin Admin, updatedby=-, createDate=2014-12-18 10:39:55.0, updatedDate=null,subStatus=null]
InventoryDetailVO [wareHouseName=Central, warehouseId=21, batchId=BT0000080, inventoryId=INV000h0033, status=Faulty, distributorNumber=null, customerRefNumber=null, orderNumber=null, attribute={Serial Number=48-gf44-47-50}, transferStatus=null, remark=null, resourceType=DemoTest, resourceSubType=DemoTest, createdby=Admin Admin, updatedby=-, createDate=2014-12-18 10:39:55.0, updatedDate=null,subStatus=null]
InventoryDetailVO [wareHouseName=Central, warehouseId=21, batchId=BT0000080, inventoryId=INV000j0043, status=Faulty, distributorNumber=null, customerRefNumber=null, orderNumber=null, attribute={Serial Number=48bhg-44-47-50}, transferStatus=null, remark=null, resourceType=DemoTest, resourceSubType=DemoTest, createdby=Admin Admin, updatedby=Admin Admin, createDate=2014-12-18 10:39:55.0, updatedDate=2015-02-16 12:19:35.0,subStatus=Stand-By]
InventoryDetailVO [wareHouseName=Central, warehouseId=21, batchId=BT0000082, inventoryId=INVMIG0, status=Faulty, distributorNumber=null, customerRefNumber=null, orderNumber=null, attribute={Serial Number=48-44-47-500}, transferStatus=null, remark=null, resourceType=DemoTest, resourceSubType=DemoTest, createdby=Admin Admin, updatedby=Admin Admin, createDate=2014-12-18 17:19:59.0, updatedDate=2015-02-16 10:33:17.0,subStatus=Stand-By]
InventoryDetailVO [wareHouseName=Central, warehouseId=21, batchId=BT0000082, inventoryId=INVMIG1, status=Faulty, distributorNumber=null, customerRefNumber=null, orderNumber=null, attribute={Serial Number=48-44-47-501}, transferStatus=null, remark=null, resourceType=DemoTest, resourceSubType=DemoTest, createdby=Admin Admin, updatedby=Admin Admin, createDate=2014-12-18 17:19:59.0, updatedDate=2015-02-16 12:56:02.0,subStatus=Accepted]
InventoryDetailVO [wareHouseName=Central, warehouseId=21, batchId=BT0000082, inventoryId=INVMIG2, status=Faulty, distributorNumber=null, customerRefNumber=null, orderNumber=null, attribute={Serial Number=48-44-47-502}, transferStatus=null, remark=null, resourceType=DemoTest, resourceSubType=DemoTest, createdby=Admin Admin, updatedby=-, createDate=2014-12-18 17:19:59.0, updatedDate=null,subStatus=null]
InventoryDetailVO [wareHouseName=Central, warehouseId=21, batchId=BT0000082, inventoryId=INVMIG3, status=Faulty, distributorNumber=null, customerRefNumber=null, orderNumber=null, attribute={Serial Number=48-44-47-503}, transferStatus=null, remark=null, resourceType=DemoTest, resourceSubType=DemoTest, createdby=Admin Admin, updatedby=-, createDate=2014-12-18 17:19:59.0, updatedDate=null,subStatus=null]
InventoryDetailVO [wareHouseName=Central, warehouseId=21, batchId=BT0000082, inventoryId=INVMIG4, status=Faulty, distributorNumber=null, customerRefNumber=null, orderNumber=null, attribute={Serial Number=48-44-47-504}, transferStatus=null, remark=null, resourceType=DemoTest, resourceSubType=DemoTest, createdby=Admin Admin, updatedby=-, createDate=2014-12-18 17:19:59.0, updatedDate=null,subStatus=null]
InventoryDetailVO [wareHouseName=Central, warehouseId=21, batchId=BT0000082, inventoryId=INVMIG5, status=Faulty, distributorNumber=null, customerRefNumber=null, orderNumber=null, attribute={Serial Number=48-44-47-505}, transferStatus=null, remark=null, resourceType=DemoTest, resourceSubType=DemoTest, createdby=Admin Admin, updatedby=-, createDate=2014-12-18 17:19:59.0, updatedDate=null,subStatus=null]
InventoryDetailVO [wareHouseName=Central, warehouseId=21, batchId=BT0000082, inventoryId=INVMIG6, status=Faulty, distributorNumber=null, customerRefNumber=null, orderNumber=null, attribute={Serial Number=48-44-47-506}, transferStatus=null, remark=null, resourceType=DemoTest, resourceSubType=DemoTest, createdby=Admin Admin, updatedby=-, createDate=2014-12-18 17:19:59.0, updatedDate=null,subStatus=null]
InventoryDetailVO [wareHouseName=Central, warehouseId=21, batchId=BT0000082, inventoryId=INVMIG7, status=Retired, distributorNumber=null, customerRefNumber=null, orderNumber=null, attribute={Serial Number=48-44-47-507}, transferStatus=null, remark=null, resourceType=DemoTest, resourceSubType=DemoTest, createdby=Admin Admin, updatedby=Admin Admin, createDate=2014-12-18 17:19:59.0, updatedDate=2015-02-17 14:14:31.0,subStatus=New]
InventoryDetailVO [wareHouseName=Central, warehouseId=21, batchId=BT0000082, inventoryId=INVMIG8, status=Faulty, distributorNumber=null, customerRefNumber=null, orderNumber=null, attribute={Serial Number=48-44-47-508}, transferStatus=null, remark=null, resourceType=DemoTest, resourceSubType=DemoTest, createdby=Admin Admin, updatedby=-, createDate=2014-12-18 17:19:59.0, updatedDate=null,subStatus=null]
InventoryDetailVO [wareHouseName=Central, warehouseId=21, batchId=BT0000082, inventoryId=INVMIG9, status=Faulty, distributorNumber=null, customerRefNumber=null, orderNumber=null, attribute={Serial Number=48-44-47-509}, transferStatus=null, remark=null, resourceType=DemoTest, resourceSubType=DemoTest, createdby=Admin Admin, updatedby=-, createDate=2014-12-18 17:19:59.0, updatedDate=null,subStatus=null]
InventoryDetailVO [wareHouseName=Central, warehouseId=21, batchId=BT0000088, inventoryId=INVMIG10, status=Repaired, distributorNumber=null, customerRefNumber=null, orderNumber=null, attribute={Serial Number=48-44-47-500}, transferStatus=null, remark=null, resourceType=DemoTest, resourceSubType=DemoTest, createdby=Admin Admin, updatedby=Admin Admin, createDate=2014-12-18 17:34:52.0, updatedDate=2015-02-17 14:17:16.0,subStatus=New]
InventoryDetailVO [wareHouseName=Central, warehouseId=21, batchId=BT0000088, inventoryId=INVMIG11, status=Faulty, distributorNumber=null, customerRefNumber=null, orderNumber=null, attribute={Serial Number=48-44-47-501}, transferStatus=null, remark=null, resourceType=DemoTest, resourceSubType=DemoTest, createdby=Admin Admin, updatedby=-, createDate=2014-12-18 17:34:52.0, updatedDate=null,subStatus=null]
InventoryDetailVO [wareHouseName=Central, warehouseId=21, batchId=BT0000088, inventoryId=INVMIG12, status=Faulty, distributorNumber=null, customerRefNumber=null, orderNumber=null, attribute={Serial Number=48-44-47-502}, transferStatus=null, remark=null, resourceType=DemoTest, resourceSubType=DemoTest, createdby=Admin Admin, updatedby=-, createDate=2014-12-18 17:34:52.0, updatedDate=null,subStatus=null]
InventoryDetailVO [wareHouseName=Central, warehouseId=21, batchId=BT0000088, inventoryId=INVMIG13, status=Faulty, distributorNumber=null, customerRefNumber=null, orderNumber=null, attribute={Serial Number=48-44-47-503}, transferStatus=null, remark=null, resourceType=DemoTest, resourceSubType=DemoTest, createdby=Admin Admin, updatedby=-, createDate=2014-12-18 17:34:52.0, updatedDate=null,subStatus=null]
InventoryDetailVO [wareHouseName=Central, warehouseId=21, batchId=BT0000088, inventoryId=INVMIG14, status=Faulty, distributorNumber=null, customerRefNumber=null, orderNumber=null, attribute={Serial Number=48-44-47-504}, transferStatus=null, remark=null, resourceType=DemoTest, resourceSubType=DemoTest, createdby=Admin Admin, updatedby=-, createDate=2014-12-18 17:34:52.0, updatedDate=null,subStatus=null]
InventoryDetailVO [wareHouseName=Central, warehouseId=21, batchId=BT0000088, inventoryId=INVMIG15, status=Faulty, distributorNumber=null, customerRefNumber=null, orderNumber=null, attribute={Serial Number=48-44-47-505}, transferStatus=null, remark=null, resourceType=DemoTest, resourceSubType=DemoTest, createdby=Admin Admin, updatedby=-, createDate=2014-12-18 17:34:52.0, updatedDate=null,subStatus=null]
InventoryDetailVO [wareHouseName=Central, warehouseId=21, batchId=BT0000088, inventoryId=INVMIG16, status=Faulty, distributorNumber=null, customerRefNumber=null, orderNumber=null, attribute={Serial Number=48-44-47-506}, transferStatus=null, remark=null, resourceType=DemoTest, resourceSubType=DemoTest, createdby=Admin Admin, updatedby=-, createDate=2014-12-18 17:34:52.0, updatedDate=null,subStatus=null]
InventoryDetailVO [wareHouseName=Central, warehouseId=21, batchId=BT0000088, inventoryId=INVMIG17, status=Faulty, distributorNumber=null, customerRefNumber=null, orderNumber=null, attribute={Serial Number=48-44-47-507}, transferStatus=null, remark=null, resourceType=DemoTest, resourceSubType=DemoTest, createdby=Admin Admin, updatedby=-, createDate=2014-12-18 17:34:52.0, updatedDate=null,subStatus=null]
InventoryDetailVO [wareHouseName=Central, warehouseId=21, batchId=BT0000088, inventoryId=INVMIG18, status=Faulty, distributorNumber=null, customerRefNumber=null, orderNumber=null, attribute={Serial Number=48-44-47-508}, transferStatus=null, remark=null, resourceType=DemoTest, resourceSubType=DemoTest, createdby=Admin Admin, updatedby=-, createDate=2014-12-18 17:34:52.0, updatedDate=null,subStatus=null]
InventoryDetailVO [wareHouseName=Central, warehouseId=21, batchId=BT0000088, inventoryId=INVMIG19, status=Faulty, distributorNumber=null, customerRefNumber=null, orderNumber=null, attribute={Serial Number=48-44-47-509}, transferStatus=null, remark=null, resourceType=DemoTest, resourceSubType=DemoTest, createdby=Admin Admin, updatedby=-, createDate=2014-12-18 17:34:52.0, updatedDate=null,subStatus=null]
InventoryDetailVO [wareHouseName=Central, warehouseId=21, batchId=BT0000095, inventoryId=INVMIG40, status=Faulty, distributorNumber=null, customerRefNumber=null, orderNumber=null, attribute={Serial Number=48-44-47-500}, transferStatus=null, remark=null, resourceType=DemoTest, resourceSubType=DemoTest, createdby=Admin Admin, updatedby=-, createDate=2014-12-18 18:08:01.0, updatedDate=null,subStatus=null]
InventoryDetailVO [wareHouseName=Central, warehouseId=21, batchId=BT0000095, inventoryId=INVMIG41, status=Faulty, distributorNumber=null, customerRefNumber=null, orderNumber=null, attribute={Serial Number=48-44-47-501}, transferStatus=null, remark=null, resourceType=DemoTest, resourceSubType=DemoTest, createdby=Admin Admin, updatedby=-, createDate=2014-12-18 18:08:01.0, updatedDate=null,subStatus=null]
InventoryDetailVO [wareHouseName=Central, warehouseId=21, batchId=BT0000095, inventoryId=INVMIG42, status=Faulty, distributorNumber=null, customerRefNumber=null, orderNumber=null, attribute={Serial Number=48-44-47-502}, transferStatus=null, remark=null, resourceType=DemoTest, resourceSubType=DemoTest, createdby=Admin Admin, updatedby=-, createDate=2014-12-18 18:08:01.0, updatedDate=null,subStatus=null]
InventoryDetailVO [wareHouseName=Central, warehouseId=21, batchId=BT0000095, inventoryId=INVMIG43, status=Faulty, distributorNumber=null, customerRefNumber=null, orderNumber=null, attribute={Serial Number=48-44-47-503}, transferStatus=null, remark=null, resourceType=DemoTest, resourceSubType=DemoTest, createdby=Admin Admin, updatedby=-, createDate=2014-12-18 18:08:01.0, updatedDate=null,subStatus=null]
InventoryDetailVO [wareHouseName=Central, warehouseId=21, batchId=BT0000095, inventoryId=INVMIG44, status=Faulty, distributorNumber=null, customerRefNumber=null, orderNumber=null, attribute={Serial Number=48-44-47-504}, transferStatus=null, remark=null, resourceType=DemoTest, resourceSubType=DemoTest, createdby=Admin Admin, updatedby=-, createDate=2014-12-18 18:08:01.0, updatedDate=null,subStatus=null]
InventoryDetailVO [wareHouseName=Central, warehouseId=21, batchId=BT0000095, inventoryId=INVMIG45, status=Faulty, distributorNumber=null, customerRefNumber=null, orderNumber=null, attribute={Serial Number=48-44-47-505}, transferStatus=null, remark=null, resourceType=DemoTest, resourceSubType=DemoTest, createdby=Admin Admin, updatedby=-, createDate=2014-12-18 18:08:01.0, updatedDate=null,subStatus=null]
InventoryDetailVO [wareHouseName=Central, warehouseId=21, batchId=BT0000095, inventoryId=INVMIG46, status=Faulty, distributorNumber=null, customerRefNumber=null, orderNumber=null, attribute={Serial Number=48-44-47-506}, transferStatus=null, remark=null, resourceType=DemoTest, resourceSubType=DemoTest, createdby=Admin Admin, updatedby=-, createDate=2014-12-18 18:08:01.0, updatedDate=null,subStatus=null]
InventoryDetailVO [wareHouseName=Central, warehouseId=21, batchId=BT0000095, inventoryId=INVMIG47, status=Faulty, distributorNumber=null, customerRefNumber=null, orderNumber=null, attribute={Serial Number=48-44-47-507}, transferStatus=null, remark=null, resourceType=DemoTest, resourceSubType=DemoTest, createdby=Admin Admin, updatedby=-, createDate=2014-12-18 18:08:01.0, updatedDate=null,subStatus=null]
InventoryDetailVO [wareHouseName=Central, warehouseId=21, batchId=BT0000095, inventoryId=INVMIG48, status=Faulty, distributorNumber=null, customerRefNumber=null, orderNumber=null, attribute={Serial Number=48-44-47-508}, transferStatus=null, remark=null, resourceType=DemoTest, resourceSubType=DemoTest, createdby=Admin Admin, updatedby=-, createDate=2014-12-18 18:08:01.0, updatedDate=null,subStatus=null]
InventoryDetailVO [wareHouseName=Central, warehouseId=21, batchId=BT0000095, inventoryId=INVMIG49, status=Faulty, distributorNumber=null, customerRefNumber=null, orderNumber=null, attribute={Serial Number=48-44-47-509}, transferStatus=null, remark=null, resourceType=DemoTest, resourceSubType=DemoTest, createdby=Admin Admin, updatedby=-, createDate=2014-12-18 18:08:01.0, updatedDate=null,subStatus=null]
InventoryDetailVO [wareHouseName=Central, warehouseId=21, batchId=BT0000096, inventoryId=INVMIG50, status=Faulty, distributorNumber=null, customerRefNumber=null, orderNumber=null, attribute={Serial Number=48-44-47-500}, transferStatus=null, remark=null, resourceType=DemoTest, resourceSubType=DemoTest, createdby=Admin Admin, updatedby=-, createDate=2014-12-18 18:08:21.0, updatedDate=null,subStatus=null]
InventoryDetailVO [wareHouseName=Central, warehouseId=21, batchId=BT0000096, inventoryId=INVMIG51, status=Faulty, distributorNumber=null, customerRefNumber=null, orderNumber=null, attribute={Serial Number=48-44-47-501}, transferStatus=null, remark=null, resourceType=DemoTest, resourceSubType=DemoTest, createdby=Admin Admin, updatedby=-, createDate=2014-12-18 18:08:21.0, updatedDate=null,subStatus=null]
InventoryDetailVO [wareHouseName=Central, warehouseId=21, batchId=BT0000096, inventoryId=INVMIG52, status=Faulty, distributorNumber=null, customerRefNumber=null, orderNumber=null, attribute={Serial Number=48-44-47-502}, transferStatus=null, remark=null, resourceType=DemoTest, resourceSubType=DemoTest, createdby=Admin Admin, updatedby=-, createDate=2014-12-18 18:08:21.0, updatedDate=null,subStatus=null]
InventoryDetailVO [wareHouseName=Central, warehouseId=21, batchId=BT0000096, inventoryId=INVMIG53, status=Faulty, distributorNumber=null, customerRefNumber=null, orderNumber=null, attribute={Serial Number=48-44-47-503}, transferStatus=null, remark=null, resourceType=DemoTest, resourceSubType=DemoTest, createdby=Admin Admin, updatedby=-, createDate=2014-12-18 18:08:21.0, updatedDate=null,subStatus=null]
InventoryDetailVO [wareHouseName=Central, warehouseId=21, batchId=BT0000096, inventoryId=INVMIG54, status=Faulty, distributorNumber=null, customerRefNumber=null, orderNumber=null, attribute={Serial Number=48-44-47-504}, transferStatus=null, remark=null, resourceType=DemoTest, resourceSubType=DemoTest, createdby=Admin Admin, updatedby=-, createDate=2014-12-18 18:08:21.0, updatedDate=null,subStatus=null]
InventoryDetailVO [wareHouseName=Central, warehouseId=21, batchId=BT0000096, inventoryId=INVMIG55, status=Faulty, distributorNumber=null, customerRefNumber=null, orderNumber=null, attribute={Serial Number=48-44-47-505}, transferStatus=null, remark=null, resourceType=DemoTest, resourceSubType=DemoTest, createdby=Admin Admin, updatedby=-, createDate=2014-12-18 18:08:21.0, updatedDate=null,subStatus=null]
InventoryDetailVO [wareHouseName=Central, warehouseId=21, batchId=BT0000096, inventoryId=INVMIG56, status=Faulty, distributorNumber=null, customerRefNumber=null, orderNumber=null, attribute={Serial Number=48-44-47-506}, transferStatus=null, remark=null, resourceType=DemoTest, resourceSubType=DemoTest, createdby=Admin Admin, updatedby=-, createDate=2014-12-18 18:08:21.0, updatedDate=null,subStatus=null]
InventoryDetailVO [wareHouseName=Central, warehouseId=21, batchId=BT0000096, inventoryId=INVMIG57, status=Faulty, distributorNumber=null, customerRefNumber=null, orderNumber=null, attribute={Serial Number=48-44-47-507}, transferStatus=null, remark=null, resourceType=DemoTest, resourceSubType=DemoTest, createdby=Admin Admin, updatedby=-, createDate=2014-12-18 18:08:21.0, updatedDate=null,subStatus=null]
InventoryDetailVO [wareHouseName=Central, warehouseId=21, batchId=BT0000096, inventoryId=INVMIG58, status=Faulty, distributorNumber=null, customerRefNumber=null, orderNumber=null, attribute={Serial Number=48-44-47-508}, transferStatus=null, remark=null, resourceType=DemoTest, resourceSubType=DemoTest, createdby=Admin Admin, updatedby=-, createDate=2014-12-18 18:08:21.0, updatedDate=null,subStatus=null]
InventoryDetailVO [wareHouseName=Central, warehouseId=21, batchId=BT0000096, inventoryId=INVMIG59, status=Faulty, distributorNumber=null, customerRefNumber=null, orderNumber=null, attribute={Serial Number=48-44-47-509}, transferStatus=null, remark=null, resourceType=DemoTest, resourceSubType=DemoTest, createdby=Admin Admin, updatedby=-, createDate=2014-12-18 18:08:21.0, updatedDate=null,subStatus=null]
InventoryDetailVO [wareHouseName=Central, warehouseId=21, batchId=BT0000098, inventoryId=INVMIG60, status=Faulty, distributorNumber=null, customerRefNumber=null, orderNumber=null, attribute={Serial Number=48-44-47-500}, transferStatus=null, remark=null, resourceType=DemoTest, resourceSubType=DemoTest, createdby=Admin Admin, updatedby=-, createDate=2014-12-18 18:08:53.0, updatedDate=null,subStatus=null]
InventoryDetailVO [wareHouseName=Central, warehouseId=21, batchId=BT0000098, inventoryId=INVMIG61, status=Faulty, distributorNumber=null, customerRefNumber=null, orderNumber=null, attribute={Serial Number=48-44-47-501}, transferStatus=null, remark=null, resourceType=DemoTest, resourceSubType=DemoTest, createdby=Admin Admin, updatedby=-, createDate=2014-12-18 18:08:53.0, updatedDate=null,subStatus=null]
InventoryDetailVO [wareHouseName=Central, warehouseId=21, batchId=BT0000098, inventoryId=INVMIG62, status=Faulty, distributorNumber=null, customerRefNumber=null, orderNumber=null, attribute={Serial Number=48-44-47-502}, transferStatus=null, remark=null, resourceType=DemoTest, resourceSubType=DemoTest, createdby=Admin Admin, updatedby=-, createDate=2014-12-18 18:08:53.0, updatedDate=null,subStatus=null]
InventoryDetailVO [wareHouseName=Central, warehouseId=21, batchId=BT0000098, inventoryId=INVMIG63, status=Faulty, distributorNumber=null, customerRefNumber=null, orderNumber=null, attribute={Serial Number=48-44-47-503}, transferStatus=null, remark=null, resourceType=DemoTest, resourceSubType=DemoTest, createdby=Admin Admin, updatedby=-, createDate=2014-12-18 18:08:53.0, updatedDate=null,subStatus=null]
InventoryDetailVO [wareHouseName=Central, warehouseId=21, batchId=BT0000098, inventoryId=INVMIG64, status=Faulty, distributorNumber=null, customerRefNumber=null, orderNumber=null, attribute={Serial Number=48-44-47-504}, transferStatus=null, remark=null, resourceType=DemoTest, resourceSubType=DemoTest, createdby=Admin Admin, updatedby=-, createDate=2014-12-18 18:08:53.0, updatedDate=null,subStatus=null]
InventoryDetailVO [wareHouseName=Central, warehouseId=21, batchId=BT0000098, inventoryId=INVMIG65, status=Faulty, distributorNumber=null, customerRefNumber=null, orderNumber=null, attribute={Serial Number=48-44-47-505}, transferStatus=null, remark=null, resourceType=DemoTest, resourceSubType=DemoTest, createdby=Admin Admin, updatedby=-, createDate=2014-12-18 18:08:53.0, updatedDate=null,subStatus=null]
InventoryDetailVO [wareHouseName=Central, warehouseId=21, batchId=BT0000098, inventoryId=INVMIG66, status=Faulty, distributorNumber=null, customerRefNumber=null, orderNumber=null, attribute={Serial Number=48-44-47-506}, transferStatus=null, remark=null, resourceType=DemoTest, resourceSubType=DemoTest, createdby=Admin Admin, updatedby=-, createDate=2014-12-18 18:08:53.0, updatedDate=null,subStatus=null]
InventoryDetailVO [wareHouseName=Central, warehouseId=21, batchId=BT0000098, inventoryId=INVMIG67, status=Faulty, distributorNumber=null, customerRefNumber=null, orderNumber=null, attribute={Serial Number=48-44-47-507}, transferStatus=null, remark=null, resourceType=DemoTest, resourceSubType=DemoTest, createdby=Admin Admin, updatedby=-, createDate=2014-12-18 18:08:53.0, updatedDate=null,subStatus=null]
InventoryDetailVO [wareHouseName=Central, warehouseId=21, batchId=BT0000098, inventoryId=INVMIG68, status=Faulty, distributorNumber=null, customerRefNumber=null, orderNumber=null, attribute={Serial Number=48-44-47-508}, transferStatus=null, remark=null, resourceType=DemoTest, resourceSubType=DemoTest, createdby=Admin Admin, updatedby=-, createDate=2014-12-18 18:08:53.0, updatedDate=null,subStatus=null]
InventoryDetailVO [wareHouseName=Central, warehouseId=21, batchId=BT0000098, inventoryId=INVMIG69, status=Faulty, distributorNumber=null, customerRefNumber=null, orderNumber=null, attribute={Serial Number=48-44-47-509}, transferStatus=null, remark=null, resourceType=DemoTest, resourceSubType=DemoTest, createdby=Admin Admin, updatedby=-, createDate=2014-12-18 18:08:53.0, updatedDate=null,subStatus=null]
InventoryDetailVO [wareHouseName=Central, warehouseId=21, batchId=BT0000100, inventoryId=INVMIG70, status=Faulty, distributorNumber=null, customerRefNumber=null, orderNumber=null, attribute={Serial Number=48-44-47-500}, transferStatus=null, remark=null, resourceType=DemoTest, resourceSubType=DemoTest, createdby=Admin Admin, updatedby=-, createDate=2014-12-18 18:09:27.0, updatedDate=null,subStatus=null]
InventoryDetailVO [wareHouseName=Central, warehouseId=21, batchId=BT0000100, inventoryId=INVMIG71, status=Faulty, distributorNumber=null, customerRefNumber=null, orderNumber=null, attribute={Serial Number=48-44-47-501}, transferStatus=null, remark=null, resourceType=DemoTest, resourceSubType=DemoTest, createdby=Admin Admin, updatedby=-, createDate=2014-12-18 18:09:27.0, updatedDate=null,subStatus=null]
InventoryDetailVO [wareHouseName=Central, warehouseId=21, batchId=BT0000100, inventoryId=INVMIG72, status=Faulty, distributorNumber=null, customerRefNumber=null, orderNumber=null, attribute={Serial Number=48-44-47-502}, transferStatus=null, remark=null, resourceType=DemoTest, resourceSubType=DemoTest, createdby=Admin Admin, updatedby=-, createDate=2014-12-18 18:09:27.0, updatedDate=null,subStatus=null]
InventoryDetailVO [wareHouseName=Central, warehouseId=21, batchId=BT0000100, inventoryId=INVMIG73, status=Faulty, distributorNumber=null, customerRefNumber=null, orderNumber=null, attribute={Serial Number=48-44-47-503}, transferStatus=null, remark=null, resourceType=DemoTest, resourceSubType=DemoTest, createdby=Admin Admin, updatedby=-, createDate=2014-12-18 18:09:27.0, updatedDate=null,subStatus=null]
InventoryDetailVO [wareHouseName=Central, warehouseId=21, batchId=BT0000100, inventoryId=INVMIG74, status=Faulty, distributorNumber=null, customerRefNumber=null, orderNumber=null, attribute={Serial Number=48-44-47-504}, transferStatus=null, remark=null, resourceType=DemoTest, resourceSubType=DemoTest, createdby=Admin Admin, updatedby=-, createDate=2014-12-18 18:09:27.0, updatedDate=null,subStatus=null]
InventoryDetailVO [wareHouseName=Central, warehouseId=21, batchId=BT0000100, inventoryId=INVMIG75, status=Faulty, distributorNumber=null, customerRefNumber=null, orderNumber=null, attribute={Serial Number=48-44-47-505}, transferStatus=null, remark=null, resourceType=DemoTest, resourceSubType=DemoTest, createdby=Admin Admin, updatedby=-, createDate=2014-12-18 18:09:27.0, updatedDate=null,subStatus=null]
InventoryDetailVO [wareHouseName=Central, warehouseId=21, batchId=BT0000100, inventoryId=INVMIG76, status=Faulty, distributorNumber=null, customerRefNumber=null, orderNumber=null, attribute={Serial Number=48-44-47-506}, transferStatus=null, remark=null, resourceType=DemoTest, resourceSubType=DemoTest, createdby=Admin Admin, updatedby=-, createDate=2014-12-18 18:09:27.0, updatedDate=null,subStatus=null]
InventoryDetailVO [wareHouseName=Central, warehouseId=21, batchId=BT0000100, inventoryId=INVMIG77, status=Faulty, distributorNumber=null, customerRefNumber=null, orderNumber=null, attribute={Serial Number=48-44-47-507}, transferStatus=null, remark=null, resourceType=DemoTest, resourceSubType=DemoTest, createdby=Admin Admin, updatedby=-, createDate=2014-12-18 18:09:27.0, updatedDate=null,subStatus=null]
InventoryDetailVO [wareHouseName=Central, warehouseId=21, batchId=BT0000100, inventoryId=INVMIG78, status=Faulty, distributorNumber=null, customerRefNumber=null, orderNumber=null, attribute={Serial Number=48-44-47-508}, transferStatus=null, remark=null, resourceType=DemoTest, resourceSubType=DemoTest, createdby=Admin Admin, updatedby=-, createDate=2014-12-18 18:09:27.0, updatedDate=null,subStatus=null]
InventoryDetailVO [wareHouseName=Central, warehouseId=21, batchId=BT0000100, inventoryId=INVMIG79, status=Faulty, distributorNumber=null, customerRefNumber=null, orderNumber=null, attribute={Serial Number=48-44-47-509}, transferStatus=null, remark=null, resourceType=DemoTest, resourceSubType=DemoTest, createdby=Admin Admin, updatedby=-, createDate=2014-12-18 18:09:27.0, updatedDate=null,subStatus=null]
InventoryDetailVO [wareHouseName=DemoCodeWH, warehouseId=341, batchId=BT0000104, inventoryId=INVMIG90, status=Allocated, distributorNumber=null, customerRefNumber=null, orderNumber=null, attribute={Serial Number=48-44-47-500}, transferStatus=WAITING, remark=null, resourceType=DemoTest, resourceSubType=DemoTest, createdby=Admin Admin, updatedby=-, createDate=2014-12-19 12:04:07.0, updatedDate=null,subStatus=null]
InventoryDetailVO [wareHouseName=Central, warehouseId=21, batchId=BT0000104, inventoryId=INVMIG91, status=Allocated, distributorNumber=null, customerRefNumber=null, orderNumber=null, attribute={Serial Number=48-44-47-501}, transferStatus=null, remark=null, resourceType=DemoTest, resourceSubType=DemoTest, createdby=Admin Admin, updatedby=Admin Admin, createDate=2014-12-19 12:04:07.0, updatedDate=2015-02-13 17:04:55.0,subStatus=Refurnished]
InventoryDetailVO [wareHouseName=Central, warehouseId=21, batchId=BT0000104, inventoryId=INVMIG92, status=Allocated, distributorNumber=null, customerRefNumber=null, orderNumber=null, attribute={Serial Number=48-44-47-502}, transferStatus=null, remark=null, resourceType=DemoTest, resourceSubType=DemoTest, createdby=Admin Admin, updatedby=Admin Admin, createDate=2014-12-19 12:04:07.0, updatedDate=2015-02-13 17:05:26.0,subStatus=Refurnished]
InventoryDetailVO [wareHouseName=DemoTest, warehouseId=323, batchId=BT0000104, inventoryId=INVMIG93, status=Allocated, distributorNumber=null, customerRefNumber=null, orderNumber=null, attribute={Serial Number=48-44-47-503}, transferStatus=null, remark=null, resourceType=DemoTest, resourceSubType=DemoTest, createdby=Admin Admin, updatedby=-, createDate=2014-12-19 12:04:07.0, updatedDate=null,subStatus=Accepted]
InventoryDetailVO [wareHouseName=DemoTest, warehouseId=323, batchId=BT0000104, inventoryId=INVMIG94, status=Allocated, distributorNumber=null, customerRefNumber=null, orderNumber=null, attribute={Serial Number=48-44-47-504}, transferStatus=null, remark=null, resourceType=DemoTest, resourceSubType=DemoTest, createdby=Admin Admin, updatedby=Admin Admin, createDate=2014-12-19 12:04:07.0, updatedDate=2014-12-26 18:44:31.0,subStatus=Accepted]
InventoryDetailVO [wareHouseName=Central, warehouseId=21, batchId=BT0000104, inventoryId=INVMIG95, status=Allocated, distributorNumber=null, customerRefNumber=null, orderNumber=null, attribute={Serial Number=48-44-47-505}, transferStatus=REJECTED, remark=null, resourceType=DemoTest, resourceSubType=DemoTest, createdby=Admin Admin, updatedby=-, createDate=2014-12-19 12:04:07.0, updatedDate=null,subStatus=null]
InventoryDetailVO [wareHouseName=DemoTest, warehouseId=323, batchId=BT0000104, inventoryId=INVMIG96, status=Allocated, distributorNumber=null, customerRefNumber=null, orderNumber=null, attribute={Serial Number=48-44-47-506}, transferStatus=null, remark=null, resourceType=DemoTest, resourceSubType=DemoTest, createdby=Admin Admin, updatedby=-, createDate=2014-12-19 12:04:07.0, updatedDate=null,subStatus=Accepted]
InventoryDetailVO [wareHouseName=Central, warehouseId=21, batchId=BT0000104, inventoryId=INVMIG97, status=Allocated, distributorNumber=null, customerRefNumber=null, orderNumber=null, attribute={Serial Number=48-44-47-507}, transferStatus=REJECTED, remark=null, resourceType=DemoTest, resourceSubType=DemoTest, createdby=Admin Admin, updatedby=-, createDate=2014-12-19 12:04:07.0, updatedDate=null,subStatus=null]
InventoryDetailVO [wareHouseName=DemoTest, warehouseId=323, batchId=BT0000104, inventoryId=INVMIG98, status=Allocated, distributorNumber=null, customerRefNumber=null, orderNumber=null, attribute={Serial Number=48-44-47-508}, transferStatus=null, remark=null, resourceType=DemoTest, resourceSubType=DemoTest, createdby=Admin Admin, updatedby=-, createDate=2014-12-19 12:04:07.0, updatedDate=null,subStatus=Accepted]
InventoryDetailVO [wareHouseName=Central, warehouseId=21, batchId=BT0000104, inventoryId=INVMIG99, status=Allocated, distributorNumber=null, customerRefNumber=null, orderNumber=null, attribute={Serial Number=48-44-47-509}, transferStatus=null, remark=null, resourceType=DemoTest, resourceSubType=DemoTest, createdby=Admin Admin, updatedby=-, createDate=2014-12-19 12:04:07.0, updatedDate=null,subStatus=null]
InventoryDetailVO [wareHouseName=DemoTest, warehouseId=323, batchId=BT0000106, inventoryId=INVMIG110, status=Repaired, distributorNumber=null, customerRefNumber=null, orderNumber=null, attribute={Serial Number=48-44-47-500}, transferStatus=WAITING, remark=null, resourceType=DemoTest, resourceSubType=DemoTest, createdby=Admin Admin, updatedby=Admin Admin, createDate=2014-12-19 14:29:59.0, updatedDate=2015-02-13 15:37:40.0,subStatus=null]
InventoryDetailVO [wareHouseName=DemoTest, warehouseId=323, batchId=BT0000106, inventoryId=INVMIG111, status=Allocated, distributorNumber=null, customerRefNumber=null, orderNumber=null, attribute={Serial Number=48-44-47-501}, transferStatus=null, remark=null, resourceType=DemoTest, resourceSubType=DemoTest, createdby=Admin Admin, updatedby=Admin Admin, createDate=2014-12-19 14:29:59.0, updatedDate=2014-12-26 14:14:45.0,subStatus=null]
InventoryDetailVO [wareHouseName=DemoTest, warehouseId=323, batchId=BT0000106, inventoryId=INVMIG112, status=Allocated, distributorNumber=null, customerRefNumber=null, orderNumber=null, attribute={Serial Number=48-44-47-502}, transferStatus=null, remark=null, resourceType=DemoTest, resourceSubType=DemoTest, createdby=Admin Admin, updatedby=Admin Admin, createDate=2014-12-19 14:29:59.0, updatedDate=2015-01-12 18:04:29.0,subStatus=null]
InventoryDetailVO [wareHouseName=DemoTest, warehouseId=323, batchId=BT0000106, inventoryId=INVMIG113, status=Allocated, distributorNumber=null, customerRefNumber=null, orderNumber=null, attribute={Serial Number=48-44-47-503}, transferStatus=null, remark=null, resourceType=DemoTest, resourceSubType=DemoTest, createdby=Admin Admin, updatedby=Admin Admin, createDate=2014-12-19 14:29:59.0, updatedDate=2015-01-12 18:05:07.0,subStatus=null]
InventoryDetailVO [wareHouseName=DemoTest, warehouseId=323, batchId=BT0000106, inventoryId=INVMIG114, status=Allocated, distributorNumber=null, customerRefNumber=null, orderNumber=null, attribute={Serial Number=48-44-47-504}, transferStatus=null, remark=null, resourceType=DemoTest, resourceSubType=DemoTest, createdby=Admin Admin, updatedby=Admin Admin, createDate=2014-12-19 14:29:59.0, updatedDate=2015-01-12 18:24:29.0,subStatus=null]
InventoryDetailVO [wareHouseName=DemoTest, warehouseId=323, batchId=BT0000106, inventoryId=INVMIG115, status=Allocated, distributorNumber=null, customerRefNumber=null, orderNumber=null, attribute={Serial Number=48-44-47-505}, transferStatus=null, remark=null, resourceType=DemoTest, resourceSubType=DemoTest, createdby=Admin Admin, updatedby=Admin Admin, createDate=2014-12-19 14:29:59.0, updatedDate=2014-12-26 14:14:45.0,subStatus=null]
InventoryDetailVO [wareHouseName=DemoTest, warehouseId=323, batchId=BT0000106, inventoryId=INVMIG116, status=Allocated, distributorNumber=null, customerRefNumber=null, orderNumber=null, attribute={Serial Number=48-44-47-506}, transferStatus=null, remark=null, resourceType=DemoTest, resourceSubType=DemoTest, createdby=Admin Admin, updatedby=Admin Admin, createDate=2014-12-19 14:29:59.0, updatedDate=2014-12-26 14:14:45.0,subStatus=null]
InventoryDetailVO [wareHouseName=DemoTest, warehouseId=323, batchId=BT0000106, inventoryId=INVMIG117, status=Reserved, distributorNumber=null, customerRefNumber=null, orderNumber=null, attribute={Serial Number=48-44-47-507}, transferStatus=null, remark=null, resourceType=DemoTest, resourceSubType=DemoTest, createdby=Admin Admin, updatedby=Admin Admin, createDate=2014-12-19 14:29:59.0, updatedDate=2015-02-17 10:45:14.0,subStatus=null]
InventoryDetailVO [wareHouseName=DemoTest, warehouseId=323, batchId=BT0000106, inventoryId=INVMIG118, status=Allocated, distributorNumber=null, customerRefNumber=null, orderNumber=null, attribute={Serial Number=48-44-47-508}, transferStatus=null, remark=null, resourceType=DemoTest, resourceSubType=DemoTest, createdby=Admin Admin, updatedby=Admin Admin, createDate=2014-12-19 14:29:59.0, updatedDate=2014-12-26 14:14:45.0,subStatus=null]
InventoryDetailVO [wareHouseName=DemoTest, warehouseId=323, batchId=BT0000106, inventoryId=INVMIG119, status=Allocated, distributorNumber=null, customerRefNumber=null, orderNumber=null, attribute={Serial Number=48-44-47-509}, transferStatus=null, remark=null, resourceType=DemoTest, resourceSubType=DemoTest, createdby=Admin Admin, updatedby=Admin Admin, createDate=2014-12-19 14:29:59.0, updatedDate=2014-12-26 14:14:46.0,subStatus=null]
InventoryDetailVO [wareHouseName=DemoTest, warehouseId=323, batchId=BT0000108, inventoryId=INVMIG120, status=Allocated, distributorNumber=null, customerRefNumber=null, orderNumber=null, attribute={Serial Number=48-44-47-500}, transferStatus=WAITING, remark=null, resourceType=DemoTest, resourceSubType=DemoTest, createdby=Admin Admin, updatedby=-, createDate=2014-12-19 16:12:02.0, updatedDate=null,subStatus=null]
InventoryDetailVO [wareHouseName=DemoTest, warehouseId=323, batchId=BT0000108, inventoryId=INVMIG121, status=Allocated, distributorNumber=null, customerRefNumber=null, orderNumber=null, attribute={Serial Number=48-44-47-501}, transferStatus=null, remark=null, resourceType=DemoTest, resourceSubType=DemoTest, createdby=Admin Admin, updatedby=Admin Admin, createDate=2014-12-19 16:12:02.0, updatedDate=2015-02-02 11:01:28.0,subStatus=null]
InventoryDetailVO [wareHouseName=DemoCodeWH, warehouseId=341, batchId=BT0000108, inventoryId=INVMIG122, status=Allocated, distributorNumber=null, customerRefNumber=null, orderNumber=null, attribute={Serial Number=48-44-47-502}, transferStatus=WAITING, remark=null, resourceType=DemoTest, resourceSubType=DemoTest, createdby=Admin Admin, updatedby=-, createDate=2014-12-19 16:12:02.0, updatedDate=null,subStatus=null]
InventoryDetailVO [wareHouseName=DemoCodeWH, warehouseId=341, batchId=BT0000108, inventoryId=INVMIG123, status=Allocated, distributorNumber=null, customerRefNumber=null, orderNumber=null, attribute={Serial Number=48-44-47-503}, transferStatus=WAITING, remark=null, resourceType=DemoTest, resourceSubType=DemoTest, createdby=Admin Admin, updatedby=-, createDate=2014-12-19 16:12:02.0, updatedDate=null,subStatus=null]
InventoryDetailVO [wareHouseName=DemoCodeWH, warehouseId=341, batchId=BT0000108, inventoryId=INVMIG124, status=Allocated, distributorNumber=null, customerRefNumber=null, orderNumber=null, attribute={Serial Number=48-44-47-504}, transferStatus=WAITING, remark=null, resourceType=DemoTest, resourceSubType=DemoTest, createdby=Admin Admin, updatedby=-, createDate=2014-12-19 16:12:02.0, updatedDate=null,subStatus=null]
InventoryDetailVO [wareHouseName=DemoCodeWH, warehouseId=341, batchId=BT0000108, inventoryId=INVMIG125, status=Allocated, distributorNumber=null, customerRefNumber=null, orderNumber=null, attribute={Serial Number=48-44-47-505}, transferStatus=null, remark=null, resourceType=DemoTest, resourceSubType=DemoTest, createdby=Admin Admin, updatedby=-, createDate=2014-12-19 16:12:02.0, updatedDate=null,subStatus=null]
InventoryDetailVO [wareHouseName=DemoTest, warehouseId=323, batchId=BT0000108, inventoryId=INVMIG126, status=Allocated, distributorNumber=null, customerRefNumber=null, orderNumber=null, attribute={Serial Number=48-44-47-506}, transferStatus=WAITING, remark=null, resourceType=DemoTest, resourceSubType=DemoTest, createdby=Admin Admin, updatedby=-, createDate=2014-12-19 16:12:02.0, updatedDate=null,subStatus=null]
InventoryDetailVO [wareHouseName=DemoTest, warehouseId=323, batchId=BT0000108, inventoryId=INVMIG127, status=Allocated, distributorNumber=null, customerRefNumber=null, orderNumber=null, attribute={Serial Number=48-44-47-507}, transferStatus=WAITING, remark=null, resourceType=DemoTest, resourceSubType=DemoTest, createdby=Admin Admin, updatedby=-, createDate=2014-12-19 16:12:02.0, updatedDate=null,subStatus=null]
InventoryDetailVO [wareHouseName=DemoCodeWH, warehouseId=341, batchId=BT0000108, inventoryId=INVMIG128, status=Allocated, distributorNumber=null, customerRefNumber=null, orderNumber=null, attribute={Serial Number=48-44-47-508}, transferStatus=WAITING, remark=null, resourceType=DemoTest, resourceSubType=DemoTest, createdby=Admin Admin, updatedby=-, createDate=2014-12-19 16:12:02.0, updatedDate=null,subStatus=null]
InventoryDetailVO [wareHouseName=DemoCodeWH, warehouseId=341, batchId=BT0000108, inventoryId=INVMIG129, status=Allocated, distributorNumber=null, customerRefNumber=null, orderNumber=null, attribute={Serial Number=48-44-47-509}, transferStatus=null, remark=null, resourceType=DemoTest, resourceSubType=DemoTest, createdby=Admin Admin, updatedby=-, createDate=2014-12-19 16:12:02.0, updatedDate=null,subStatus=null]
InventoryDetailVO [wareHouseName=Central, warehouseId=21, batchId=BT0000109, inventoryId=INV001, status=Allocated, distributorNumber=null, customerRefNumber=null, orderNumber=null, attribute={Serial Number=48-44-47-50gf}, transferStatus=null, remark=null, resourceType=DemoTest, resourceSubType=DemoTest, createdby=Admin Admin, updatedby=-, createDate=2014-12-19 19:05:40.0, updatedDate=null,subStatus=null]
InventoryDetailVO [wareHouseName=Central, warehouseId=21, batchId=BT0000109, inventoryId=INV002, status=Allocated, distributorNumber=null, customerRefNumber=null, orderNumber=null, attribute={Serial Number=48-44-4f7-50}, transferStatus=null, remark=null, resourceType=DemoTest, resourceSubType=DemoTest, createdby=Admin Admin, updatedby=-, createDate=2014-12-19 19:05:40.0, updatedDate=null,subStatus=null]
InventoryDetailVO [wareHouseName=Central, warehouseId=21, batchId=BT0000109, inventoryId=INV003, status=Allocated, distributorNumber=null, customerRefNumber=null, orderNumber=null, attribute={Serial Number=48-gf44-47-50}, transferStatus=null, remark=null, resourceType=DemoTest, resourceSubType=DemoTest, createdby=Admin Admin, updatedby=-, createDate=2014-12-19 19:05:40.0, updatedDate=null,subStatus=null]
InventoryDetailVO [wareHouseName=Central, warehouseId=21, batchId=BT0000109, inventoryId=INV004, status=Allocated, distributorNumber=null, customerRefNumber=null, orderNumber=null, attribute={Serial Number=48bhg-44-47-50}, transferStatus=null, remark=null, resourceType=DemoTest, resourceSubType=DemoTest, createdby=Admin Admin, updatedby=-, createDate=2014-12-19 19:05:40.0, updatedDate=null,subStatus=null]
InventoryDetailVO [wareHouseName=Central, warehouseId=21, batchId=BT0000109, inventoryId=INV005, status=Allocated, distributorNumber=null, customerRefNumber=null, orderNumber=null, attribute={Serial Number=48gh-44-47-50}, transferStatus=null, remark=null, resourceType=DemoTest, resourceSubType=DemoTest, createdby=Admin Admin, updatedby=-, createDate=2014-12-19 19:05:40.0, updatedDate=null,subStatus=null]
InventoryDetailVO [wareHouseName=Central, warehouseId=21, batchId=BT0000110, inventoryId=EMA000000001, status=Reserved, distributorNumber=null, customerRefNumber=null, orderNumber=null, attribute={Serial Number=48-44-47-50}, transferStatus=null, remark=null, resourceType=DemoTest, resourceSubType=DemoTest, createdby=Admin Admin, updatedby=-, createDate=2014-12-31 12:35:28.0, updatedDate=null,subStatus=null]
InventoryDetailVO [wareHouseName=Central, warehouseId=21, batchId=BT0000110, inventoryId=EMA000000002, status=Reserved, distributorNumber=null, customerRefNumber=null, orderNumber=null, attribute={Serial Number=48-44-47-51}, transferStatus=null, remark=null, resourceType=DemoTest, resourceSubType=DemoTest, createdby=Admin Admin, updatedby=-, createDate=2014-12-31 12:35:28.0, updatedDate=null,subStatus=null]
InventoryDetailVO [wareHouseName=Central, warehouseId=21, batchId=BT0000110, inventoryId=EMA000000003, status=Reserved, distributorNumber=null, customerRefNumber=null, orderNumber=null, attribute={Serial Number=48-44-47-52}, transferStatus=null, remark=null, resourceType=DemoTest, resourceSubType=DemoTest, createdby=Admin Admin, updatedby=-, createDate=2014-12-31 12:35:28.0, updatedDate=null,subStatus=null]
InventoryDetailVO [wareHouseName=Central, warehouseId=21, batchId=BT0000110, inventoryId=EMA000000004, status=Reserved, distributorNumber=null, customerRefNumber=null, orderNumber=null, attribute={Serial Number=48-44-47-53}, transferStatus=null, remark=null, resourceType=DemoTest, resourceSubType=DemoTest, createdby=Admin Admin, updatedby=-, createDate=2014-12-31 12:35:28.0, updatedDate=null,subStatus=null]
InventoryDetailVO [wareHouseName=Central, warehouseId=21, batchId=BT0000110, inventoryId=EMA000000005, status=Reserved, distributorNumber=null, customerRefNumber=null, orderNumber=null, attribute={Serial Number=48-44-47-54}, transferStatus=null, remark=null, resourceType=DemoTest, resourceSubType=DemoTest, createdby=Admin Admin, updatedby=-, createDate=2014-12-31 12:35:28.0, updatedDate=null,subStatus=null]
InventoryDetailVO [wareHouseName=Central, warehouseId=21, batchId=BT0000111, inventoryId=EMA000000006, status=Reserved, distributorNumber=null, customerRefNumber=null, orderNumber=null, attribute={Serial Number=48-44-47-51}, transferStatus=null, remark=null, resourceType=DemoTest, resourceSubType=DemoTest, createdby=Admin Admin, updatedby=-, createDate=2014-12-31 12:37:14.0, updatedDate=null,subStatus=null]
InventoryDetailVO [wareHouseName=Central, warehouseId=21, batchId=BT0000111, inventoryId=EMA000000007, status=Reserved, distributorNumber=null, customerRefNumber=null, orderNumber=null, attribute={Serial Number=48-44-47-52}, transferStatus=null, remark=null, resourceType=DemoTest, resourceSubType=DemoTest, createdby=Admin Admin, updatedby=-, createDate=2014-12-31 12:37:14.0, updatedDate=null,subStatus=null]
InventoryDetailVO [wareHouseName=Central, warehouseId=21, batchId=BT0000111, inventoryId=EMA000000008, status=Reserved, distributorNumber=null, customerRefNumber=null, orderNumber=null, attribute={Serial Number=48-44-47-53}, transferStatus=null, remark=null, resourceType=DemoTest, resourceSubType=DemoTest, createdby=Admin Admin, updatedby=-, createDate=2014-12-31 12:37:14.0, updatedDate=null,subStatus=null]
InventoryDetailVO [wareHouseName=Central, warehouseId=21, batchId=BT0000111, inventoryId=EMA000000009, status=Reserved, distributorNumber=null, customerRefNumber=null, orderNumber=null, attribute={Serial Number=48-44-47-54}, transferStatus=null, remark=null, resourceType=DemoTest, resourceSubType=DemoTest, createdby=Admin Admin, updatedby=-, createDate=2014-12-31 12:37:14.0, updatedDate=null,subStatus=null]
InventoryDetailVO [wareHouseName=Central, warehouseId=21, batchId=BT0000116, inventoryId=INV00000100, status=Available, distributorNumber=null, customerRefNumber=null, orderNumber=null, attribute={Serial Number=TestValue1}, transferStatus=WAITING, remark=null, resourceType=DemoTest, resourceSubType=DemoTest, createdby=Admin Admin, updatedby=Admin Admin, createDate=2015-02-11 11:09:21.0, updatedDate=2015-02-16 10:30:22.0,subStatus=In-Transfer]
InventoryDetailVO [wareHouseName=Central, warehouseId=21, batchId=BT0000116, inventoryId=INV000001001, status=Available, distributorNumber=null, customerRefNumber=null, orderNumber=null, attribute={Serial Number=TestValue2}, transferStatus=WAITING, remark=null, resourceType=DemoTest, resourceSubType=DemoTest, createdby=Admin Admin, updatedby=-, createDate=2015-02-11 11:09:21.0, updatedDate=null,subStatus=In-Transfer]
InventoryDetailVO [wareHouseName=Central, warehouseId=21, batchId=BT0000116, inventoryId=INV000001002, status=Available, distributorNumber=null, customerRefNumber=null, orderNumber=null, attribute={Serial Number=TestValue3}, transferStatus=WAITING, remark=null, resourceType=DemoTest, resourceSubType=DemoTest, createdby=Admin Admin, updatedby=Admin Admin, createDate=2015-02-11 11:09:21.0, updatedDate=2015-02-13 15:17:53.0,subStatus=In-Transfer]
InventoryDetailVO [wareHouseName=DemoTest, warehouseId=323, batchId=BT0000116, inventoryId=INV000001003, status=Available, distributorNumber=null, customerRefNumber=null, orderNumber=null, attribute={Serial Number=TestValue4}, transferStatus=null, remark=null, resourceType=DemoTest, resourceSubType=DemoTest, createdby=Admin Admin, updatedby=-, createDate=2015-02-11 11:09:21.0, updatedDate=null,subStatus=Accepted]
InventoryDetailVO [wareHouseName=Central, warehouseId=21, batchId=BT0000116, inventoryId=INV000001004, status=Available, distributorNumber=null, customerRefNumber=null, orderNumber=null, attribute={Serial Number=TestValue5}, transferStatus=WAITING, remark=null, resourceType=DemoTest, resourceSubType=DemoTest, createdby=Admin Admin, updatedby=-, createDate=2015-02-11 11:09:21.0, updatedDate=null,subStatus=In-Transfer]
InventoryDetailVO [wareHouseName=Central, warehouseId=21, batchId=BT0000123, inventoryId=INV00000199, status=Reserved, distributorNumber=null, customerRefNumber=null, orderNumber=null, attribute={Serial Number=TestValue1}, transferStatus=null, remark=null, resourceType=DemoTest, resourceSubType=DemoTest, createdby=Admin Admin, updatedby=-, createDate=2015-02-11 12:33:53.0, updatedDate=null,subStatus=null]
InventoryDetailVO [wareHouseName=Central, warehouseId=21, batchId=BT0000123, inventoryId=INV00000200, status=Reserved, distributorNumber=null, customerRefNumber=null, orderNumber=null, attribute={Serial Number=TestValue2}, transferStatus=null, remark=null, resourceType=DemoTest, resourceSubType=DemoTest, createdby=Admin Admin, updatedby=-, createDate=2015-02-11 12:33:53.0, updatedDate=null,subStatus=null]
InventoryDetailVO [wareHouseName=Central, warehouseId=21, batchId=BT0000123, inventoryId=INV00000201, status=Reserved, distributorNumber=null, customerRefNumber=null, orderNumber=null, attribute={Serial Number=TestValue3}, transferStatus=null, remark=null, resourceType=DemoTest, resourceSubType=DemoTest, createdby=Admin Admin, updatedby=-, createDate=2015-02-11 12:33:53.0, updatedDate=null,subStatus=null]
InventoryDetailVO [wareHouseName=Central, warehouseId=21, batchId=BT0000123, inventoryId=INV00000202, status=Reserved, distributorNumber=null, customerRefNumber=null, orderNumber=null, attribute={Serial Number=TestValue4}, transferStatus=null, remark=null, resourceType=DemoTest, resourceSubType=DemoTest, createdby=Admin Admin, updatedby=-, createDate=2015-02-11 12:33:53.0, updatedDate=null,subStatus=null]
InventoryDetailVO [wareHouseName=Central, warehouseId=21, batchId=BT0000123, inventoryId=INV00000203, status=Reserved, distributorNumber=null, customerRefNumber=null, orderNumber=null, attribute={Serial Number=TestValue5}, transferStatus=null, remark=null, resourceType=DemoTest, resourceSubType=DemoTest, createdby=Admin Admin, updatedby=-, createDate=2015-02-11 12:33:53.0, updatedDate=null,subStatus=null]
InventoryDetailVO [wareHouseName=Central, warehouseId=21, batchId=BT0000124, inventoryId=EMA000000010, status=New, distributorNumber=null, customerRefNumber=null, orderNumber=null, attribute={Serial Number=TestValue1}, transferStatus=null, remark=null, resourceType=DemoTest, resourceSubType=DemoTest, createdby=Admin Admin, updatedby=-, createDate=2015-02-11 12:45:37.0, updatedDate=null,subStatus=null]
InventoryDetailVO [wareHouseName=Central, warehouseId=21, batchId=BT0000124, inventoryId=EMA000000011, status=New, distributorNumber=null, customerRefNumber=null, orderNumber=null, attribute={Serial Number=TestValue2}, transferStatus=null, remark=null, resourceType=DemoTest, resourceSubType=DemoTest, createdby=Admin Admin, updatedby=-, createDate=2015-02-11 12:45:37.0, updatedDate=null,subStatus=null]
InventoryDetailVO [wareHouseName=Central, warehouseId=21, batchId=BT0000124, inventoryId=EMA000000012, status=New, distributorNumber=null, customerRefNumber=null, orderNumber=null, attribute={Serial Number=TestValue3}, transferStatus=null, remark=null, resourceType=DemoTest, resourceSubType=DemoTest, createdby=Admin Admin, updatedby=-, createDate=2015-02-11 12:45:37.0, updatedDate=null,subStatus=null]
InventoryDetailVO [wareHouseName=Central, warehouseId=21, batchId=BT0000124, inventoryId=EMA000000013, status=Available, distributorNumber=null, customerRefNumber=null, orderNumber=null, attribute={Serial Number=TestValue4}, transferStatus=WAITING, remark=null, resourceType=DemoTest, resourceSubType=DemoTest, createdby=Admin Admin, updatedby=Admin Admin, createDate=2015-02-11 12:45:37.0, updatedDate=2015-02-13 16:54:53.0,subStatus=In-Transfer]
InventoryDetailVO [wareHouseName=Central, warehouseId=21, batchId=BT0000124, inventoryId=EMA000000014, status=New, distributorNumber=null, customerRefNumber=null, orderNumber=null, attribute={Serial Number=TestValue5}, transferStatus=null, remark=null, resourceType=DemoTest, resourceSubType=DemoTest, createdby=Admin Admin, updatedby=-, createDate=2015-02-11 12:45:37.0, updatedDate=null,subStatus=null]
InventoryDetailVO [wareHouseName=Central, warehouseId=21, batchId=BT0000125, inventoryId=INV000001881, status=Available, distributorNumber=null, customerRefNumber=null, orderNumber=null, attribute={Serial Number=TestValue1}, transferStatus=WAITING, remark=null, resourceType=DemoTest, resourceSubType=DemoTest, createdby=Admin Admin, updatedby=Admin Admin, createDate=2015-02-11 13:50:59.0, updatedDate=2015-02-13 17:10:10.0,subStatus=In-Transfer]
InventoryDetailVO [wareHouseName=Orange Shop, warehouseId=361, batchId=BT0000125, inventoryId=INV000001882, status=Available, distributorNumber=null, customerRefNumber=null, orderNumber=null, attribute={Serial Number=TestValue2}, transferStatus=null, remark=null, resourceType=DemoTest, resourceSubType=DemoTest, createdby=Admin Admin, updatedby=-, createDate=2015-02-11 13:50:59.0, updatedDate=null,subStatus=Accepted]
InventoryDetailVO [wareHouseName=Central, warehouseId=21, batchId=BT0000125, inventoryId=INV000001883, status=Faulty, distributorNumber=null, customerRefNumber=null, orderNumber=null, attribute={Serial Number=TestValue3}, transferStatus=null, remark=null, resourceType=DemoTest, resourceSubType=DemoTest, createdby=Admin Admin, updatedby=Admin Admin, createDate=2015-02-11 13:50:59.0, updatedDate=2015-02-16 17:18:33.0,subStatus=New]
InventoryDetailVO [wareHouseName=Central, warehouseId=21, batchId=BT0000125, inventoryId=INV000001884, status=Available, distributorNumber=null, customerRefNumber=null, orderNumber=null, attribute={Serial Number=TestValue4}, transferStatus=WAITING, remark=null, resourceType=DemoTest, resourceSubType=DemoTest, createdby=Admin Admin, updatedby=-, createDate=2015-02-11 13:50:59.0, updatedDate=null,subStatus=In-Transfer]
InventoryDetailVO [wareHouseName=Central, warehouseId=21, batchId=BT0000125, inventoryId=INV000001885, status=Available, distributorNumber=null, customerRefNumber=null, orderNumber=null, attribute={Serial Number=TestValue5}, transferStatus=WAITING, remark=null, resourceType=DemoTest, resourceSubType=DemoTest, createdby=Admin Admin, updatedby=-, createDate=2015-02-11 13:50:59.0, updatedDate=null,subStatus=In-Transfer]
InventoryDetailVO [wareHouseName=Central, warehouseId=21, batchId=BT0000125, inventoryId=INV000001886, status=Available, distributorNumber=null, customerRefNumber=null, orderNumber=null, attribute={Serial Number=TestValue1}, transferStatus=WAITING, remark=null, resourceType=DemoTest, resourceSubType=DemoTest, createdby=Admin Admin, updatedby=-, createDate=2015-02-11 13:50:59.0, updatedDate=null,subStatus=New]
InventoryDetailVO [wareHouseName=Central, warehouseId=21, batchId=BT0000125, inventoryId=INV000001888, status=Available, distributorNumber=null, customerRefNumber=null, orderNumber=null, attribute={Serial Number=TestValue3}, transferStatus=WAITING, remark=null, resourceType=DemoTest, resourceSubType=DemoTest, createdby=Admin Admin, updatedby=-, createDate=2015-02-11 13:50:59.0, updatedDate=null,subStatus=New]
InventoryDetailVO [wareHouseName=Central, warehouseId=21, batchId=BT0000125, inventoryId=INV000001889, status=Available, distributorNumber=null, customerRefNumber=null, orderNumber=null, attribute={Serial Number=TestValue4}, transferStatus=WAITING, remark=null, resourceType=DemoTest, resourceSubType=DemoTest, createdby=Admin Admin, updatedby=-, createDate=2015-02-11 13:50:59.0, updatedDate=null,subStatus=New]
InventoryDetailVO [wareHouseName=Central, warehouseId=21, batchId=BT0000125, inventoryId=INV000001890, status=Available, distributorNumber=null, customerRefNumber=null, orderNumber=null, attribute={Serial Number=TestValue5}, transferStatus=WAITING, remark=null, resourceType=DemoTest, resourceSubType=DemoTest, createdby=Admin Admin, updatedby=-, createDate=2015-02-11 13:50:59.0, updatedDate=null,subStatus=New]
InventoryDetailVO [wareHouseName=Central, warehouseId=21, batchId=BT0000125, inventoryId=INV000001891, status=Available, distributorNumber=null, customerRefNumber=null, orderNumber=null, attribute={Serial Number=TestValue1}, transferStatus=WAITING, remark=null, resourceType=DemoTest, resourceSubType=DemoTest, createdby=Admin Admin, updatedby=-, createDate=2015-02-11 13:50:59.0, updatedDate=null,subStatus=New]
InventoryDetailVO [wareHouseName=Central, warehouseId=21, batchId=BT0000125, inventoryId=INV000001893, status=Available, distributorNumber=null, customerRefNumber=null, orderNumber=null, attribute={Serial Number=TestValue3}, transferStatus=WAITING, remark=null, resourceType=DemoTest, resourceSubType=DemoTest, createdby=Admin Admin, updatedby=-, createDate=2015-02-11 13:50:59.0, updatedDate=null,subStatus=New]
InventoryDetailVO [wareHouseName=Central, warehouseId=21, batchId=BT0000125, inventoryId=INV000001895, status=Available, distributorNumber=null, customerRefNumber=null, orderNumber=null, attribute={Serial Number=TestValue5}, transferStatus=WAITING, remark=null, resourceType=DemoTest, resourceSubType=DemoTest, createdby=Admin Admin, updatedby=-, createDate=2015-02-11 13:50:59.0, updatedDate=null,subStatus=In-Transfer]
InventoryDetailVO [wareHouseName=Central, warehouseId=21, batchId=BT0000125, inventoryId=INV000001896, status=Available, distributorNumber=null, customerRefNumber=null, orderNumber=null, attribute={Serial Number=TestValue1}, transferStatus=WAITING, remark=null, resourceType=DemoTest, resourceSubType=DemoTest, createdby=Admin Admin, updatedby=-, createDate=2015-02-11 13:50:59.0, updatedDate=null,subStatus=In-Transfer]
InventoryDetailVO [wareHouseName=Central, warehouseId=21, batchId=BT0000125, inventoryId=INV000001897, status=Available, distributorNumber=null, customerRefNumber=null, orderNumber=null, attribute={Serial Number=TestValue2}, transferStatus=WAITING, remark=null, resourceType=DemoTest, resourceSubType=DemoTest, createdby=Admin Admin, updatedby=-, createDate=2015-02-11 13:50:59.0, updatedDate=null,subStatus=In-Transfer]
InventoryDetailVO [wareHouseName=Central, warehouseId=21, batchId=BT0000125, inventoryId=INV000001898, status=Available, distributorNumber=null, customerRefNumber=null, orderNumber=null, attribute={Serial Number=TestValue3}, transferStatus=WAITING, remark=null, resourceType=DemoTest, resourceSubType=DemoTest, createdby=Admin Admin, updatedby=-, createDate=2015-02-11 13:50:59.0, updatedDate=null,subStatus=In-Transfer]
InventoryDetailVO [wareHouseName=Central, warehouseId=21, batchId=BT0000125, inventoryId=INV000001899, status=Available, distributorNumber=null, customerRefNumber=null, orderNumber=null, attribute={Serial Number=TestValue4}, transferStatus=WAITING, remark=null, resourceType=DemoTest, resourceSubType=DemoTest, createdby=Admin Admin, updatedby=-, createDate=2015-02-11 13:50:59.0, updatedDate=null,subStatus=In-Transfer]
InventoryDetailVO [wareHouseName=Central, warehouseId=21, batchId=BT0000125, inventoryId=INV000001900, status=Available, distributorNumber=null, customerRefNumber=null, orderNumber=null, attribute={Serial Number=TestValue5}, transferStatus=WAITING, remark=null, resourceType=DemoTest, resourceSubType=DemoTest, createdby=Admin Admin, updatedby=-, createDate=2015-02-11 13:50:59.0, updatedDate=null,subStatus=In-Transfer]
InventoryDetailVO [wareHouseName=Central, warehouseId=21, batchId=BT0000125, inventoryId=INV000001901, status=Available, distributorNumber=null, customerRefNumber=null, orderNumber=null, attribute={Serial Number=TestValue1}, transferStatus=WAITING, remark=null, resourceType=DemoTest, resourceSubType=DemoTest, createdby=Admin Admin, updatedby=-, createDate=2015-02-11 13:50:59.0, updatedDate=null,subStatus=In-Transfer]
InventoryDetailVO [wareHouseName=Central, warehouseId=21, batchId=BT0000125, inventoryId=INV000001903, status=Available, distributorNumber=null, customerRefNumber=null, orderNumber=null, attribute={Serial Number=TestValue3}, transferStatus=WAITING, remark=null, resourceType=DemoTest, resourceSubType=DemoTest, createdby=Admin Admin, updatedby=-, createDate=2015-02-11 13:50:59.0, updatedDate=null,subStatus=In-Transfer]
InventoryDetailVO [wareHouseName=Central, warehouseId=21, batchId=BT0000125, inventoryId=INV000001905, status=Available, distributorNumber=null, customerRefNumber=null, orderNumber=null, attribute={Serial Number=TestValue1}, transferStatus=null, remark=null, resourceType=DemoTest, resourceSubType=DemoTest, createdby=Admin Admin, updatedby=-, createDate=2015-02-11 13:50:59.0, updatedDate=null,subStatus=New]
InventoryDetailVO [wareHouseName=Central, warehouseId=21, batchId=BT0000125, inventoryId=INV000001906, status=Available, distributorNumber=null, customerRefNumber=null, orderNumber=null, attribute={Serial Number=TestValue2}, transferStatus=null, remark=null, resourceType=DemoTest, resourceSubType=DemoTest, createdby=Admin Admin, updatedby=-, createDate=2015-02-11 13:50:59.0, updatedDate=null,subStatus=New]
InventoryDetailVO [wareHouseName=Central, warehouseId=21, batchId=BT0000125, inventoryId=INV000001908, status=Available, distributorNumber=null, customerRefNumber=null, orderNumber=null, attribute={Serial Number=TestValue4}, transferStatus=WAITING, remark=null, resourceType=DemoTest, resourceSubType=DemoTest, createdby=Admin Admin, updatedby=-, createDate=2015-02-11 13:50:59.0, updatedDate=null,subStatus=In-Transfer]
InventoryDetailVO [wareHouseName=Central, warehouseId=21, batchId=BT0000125, inventoryId=INV000001910, status=Available, distributorNumber=null, customerRefNumber=null, orderNumber=null, attribute={Serial Number=TestValue5}, transferStatus=null, remark=null, resourceType=DemoTest, resourceSubType=DemoTest, createdby=Admin Admin, updatedby=-, createDate=2015-02-11 13:50:59.0, updatedDate=null,subStatus=New]
InventoryDetailVO [wareHouseName=Central, warehouseId=21, batchId=BT0000126, inventoryId=INV000002001, status=Retired, distributorNumber=null, customerRefNumber=null, orderNumber=null, attribute={Serial Number=TestValue1}, transferStatus=null, remark=null, resourceType=DemoTest, resourceSubType=DemoTest, createdby=Admin Admin, updatedby=-, createDate=2015-02-11 16:52:33.0, updatedDate=null,subStatus=null]
InventoryDetailVO [wareHouseName=Central, warehouseId=21, batchId=BT0000126, inventoryId=INV000002002, status=Retired, distributorNumber=null, customerRefNumber=null, orderNumber=null, attribute={Serial Number=TestValue2}, transferStatus=null, remark=null, resourceType=DemoTest, resourceSubType=DemoTest, createdby=Admin Admin, updatedby=-, createDate=2015-02-11 16:52:33.0, updatedDate=null,subStatus=null]
InventoryDetailVO [wareHouseName=Central, warehouseId=21, batchId=BT0000126, inventoryId=INV000002003, status=Retired, distributorNumber=null, customerRefNumber=null, orderNumber=null, attribute={Serial Number=TestValue3}, transferStatus=null, remark=null, resourceType=DemoTest, resourceSubType=DemoTest, createdby=Admin Admin, updatedby=-, createDate=2015-02-11 16:52:33.0, updatedDate=null,subStatus=null]
InventoryDetailVO [wareHouseName=Central, warehouseId=21, batchId=BT0000126, inventoryId=INV000002004, status=Retired, distributorNumber=null, customerRefNumber=null, orderNumber=null, attribute={Serial Number=TestValue4}, transferStatus=null, remark=null, resourceType=DemoTest, resourceSubType=DemoTest, createdby=Admin Admin, updatedby=-, createDate=2015-02-11 16:52:33.0, updatedDate=null,subStatus=null]
InventoryDetailVO [wareHouseName=Central, warehouseId=21, batchId=BT0000126, inventoryId=INV000002005, status=Retired, distributorNumber=null, customerRefNumber=null, orderNumber=null, attribute={Serial Number=TestValue5}, transferStatus=null, remark=null, resourceType=DemoTest, resourceSubType=DemoTest, createdby=Admin Admin, updatedby=-, createDate=2015-02-11 16:52:33.0, updatedDate=null,subStatus=null]
InventoryDetailVO [wareHouseName=WHCode, warehouseId=342, batchId=BT0000130, inventoryId=INV00000200111, status=Available, distributorNumber=null, customerRefNumber=null, orderNumber=null, attribute={Serial Number=TestValue1}, transferStatus=null, remark=null, resourceType=DemoTest, resourceSubType=DemoTest, createdby=Admin Admin, updatedby=Admin Admin, createDate=2015-02-16 18:19:18.0, updatedDate=2015-02-17 18:12:51.0,subStatus=New]
InventoryDetailVO [wareHouseName=WHCode, warehouseId=342, batchId=BT0000130, inventoryId=INV00000200112, status=Faulty, distributorNumber=null, customerRefNumber=null, orderNumber=null, attribute={Serial Number=TestValue2}, transferStatus=null, remark=null, resourceType=DemoTest, resourceSubType=DemoTest, createdby=Admin Admin, updatedby=Admin Admin, createDate=2015-02-16 18:19:18.0, updatedDate=2015-02-17 18:15:36.0,subStatus=null]
InventoryDetailVO [wareHouseName=WHCode, warehouseId=342, batchId=BT0000130, inventoryId=INV00000200113, status=Reserved, distributorNumber=null, customerRefNumber=null, orderNumber=null, attribute={Serial Number=TestValue3}, transferStatus=null, remark=null, resourceType=DemoTest, resourceSubType=DemoTest, createdby=Admin Admin, updatedby=Admin Admin, createDate=2015-02-16 18:19:18.0, updatedDate=2015-02-17 16:28:47.0,subStatus=null]
InventoryDetailVO [wareHouseName=WHCode, warehouseId=342, batchId=BT0000130, inventoryId=INV00000200114, status=New, distributorNumber=null, customerRefNumber=null, orderNumber=null, attribute={Serial Number=TestValue4}, transferStatus=null, remark=null, resourceType=DemoTest, resourceSubType=DemoTest, createdby=Admin Admin, updatedby=-, createDate=2015-02-16 18:19:18.0, updatedDate=null,subStatus=null]
InventoryDetailVO [wareHouseName=WHCode, warehouseId=342, batchId=BT0000130, inventoryId=INV00000200115, status=New, distributorNumber=null, customerRefNumber=null, orderNumber=null, attribute={Serial Number=TestValue5}, transferStatus=null, remark=null, resourceType=DemoTest, resourceSubType=DemoTest, createdby=Admin Admin, updatedby=-, createDate=2015-02-16 18:19:18.0, updatedDate=null,subStatus=null]
InventoryDetailVO [wareHouseName=WHCode, warehouseId=342, batchId=BT0000131, inventoryId=INV00000200116, status=Available, distributorNumber=null, customerRefNumber=null, orderNumber=null, attribute={Serial Number=TestValue1}, transferStatus=null, remark=null, resourceType=DemoTest, resourceSubType=DemoTest, createdby=Admin Admin, updatedby=-, createDate=2015-02-16 18:33:10.0, updatedDate=null,subStatus=New]
InventoryDetailVO [wareHouseName=WHCode, warehouseId=342, batchId=BT0000131, inventoryId=INV00000200117, status=Available, distributorNumber=null, customerRefNumber=null, orderNumber=null, attribute={Serial Number=TestValue2}, transferStatus=null, remark=null, resourceType=DemoTest, resourceSubType=DemoTest, createdby=Admin Admin, updatedby=-, createDate=2015-02-16 18:33:10.0, updatedDate=null,subStatus=New]
InventoryDetailVO [wareHouseName=WHCode, warehouseId=342, batchId=BT0000131, inventoryId=INV00000200118, status=Available, distributorNumber=null, customerRefNumber=null, orderNumber=null, attribute={Serial Number=TestValue3}, transferStatus=null, remark=null, resourceType=DemoTest, resourceSubType=DemoTest, createdby=Admin Admin, updatedby=-, createDate=2015-02-16 18:33:10.0, updatedDate=null,subStatus=New]
InventoryDetailVO [wareHouseName=WHCode, warehouseId=342, batchId=BT0000131, inventoryId=INV00000200119, status=Available, distributorNumber=null, customerRefNumber=null, orderNumber=null, attribute={Serial Number=TestValue4}, transferStatus=null, remark=null, resourceType=DemoTest, resourceSubType=DemoTest, createdby=Admin Admin, updatedby=-, createDate=2015-02-16 18:33:10.0, updatedDate=null,subStatus=New]
InventoryDetailVO [wareHouseName=WHCode, warehouseId=342, batchId=BT0000131, inventoryId=INV00000200120, status=Faulty, distributorNumber=null, customerRefNumber=null, orderNumber=null, attribute={Serial Number=TestValue5}, transferStatus=null, remark=null, resourceType=DemoTest, resourceSubType=DemoTest, createdby=Admin Admin, updatedby=Admin Admin, createDate=2015-02-16 18:33:10.0, updatedDate=2015-02-17 18:17:31.0,subStatus=Refurnished]
InventoryDetailVO [wareHouseName=WHCode, warehouseId=342, batchId=BT0000132, inventoryId=INV00000200121, status=Available, distributorNumber=null, customerRefNumber=null, orderNumber=null, attribute={Serial Number=TestValue1}, transferStatus=null, remark=null, resourceType=DemoTest, resourceSubType=DemoTest, createdby=Admin Admin, updatedby=-, createDate=2015-02-16 19:11:24.0, updatedDate=null,subStatus=New]
InventoryDetailVO [wareHouseName=WHCode, warehouseId=342, batchId=BT0000132, inventoryId=INV00000200122, status=Available, distributorNumber=null, customerRefNumber=null, orderNumber=null, attribute={Serial Number=TestValue2}, transferStatus=null, remark=null, resourceType=DemoTest, resourceSubType=DemoTest, createdby=Admin Admin, updatedby=-, createDate=2015-02-16 19:11:24.0, updatedDate=null,subStatus=New]
InventoryDetailVO [wareHouseName=WHCode, warehouseId=342, batchId=BT0000132, inventoryId=INV00000200123, status=Available, distributorNumber=null, customerRefNumber=null, orderNumber=null, attribute={Serial Number=TestValue3}, transferStatus=null, remark=null, resourceType=DemoTest, resourceSubType=DemoTest, createdby=Admin Admin, updatedby=-, createDate=2015-02-16 19:11:24.0, updatedDate=null,subStatus=New]
InventoryDetailVO [wareHouseName=WHCode, warehouseId=342, batchId=BT0000132, inventoryId=INV00000200124, status=Available, distributorNumber=null, customerRefNumber=null, orderNumber=null, attribute={Serial Number=TestValue4}, transferStatus=null, remark=null, resourceType=DemoTest, resourceSubType=DemoTest, createdby=Admin Admin, updatedby=-, createDate=2015-02-16 19:11:24.0, updatedDate=null,subStatus=New]
InventoryDetailVO [wareHouseName=WHCode, warehouseId=342, batchId=BT0000132, inventoryId=INV00000200125, status=Available, distributorNumber=null, customerRefNumber=null, orderNumber=null, attribute={Serial Number=TestValue5}, transferStatus=null, remark=null, resourceType=DemoTest, resourceSubType=DemoTest, createdby=Admin Admin, updatedby=-, createDate=2015-02-16 19:11:24.0, updatedDate=null,subStatus=New]
InventoryDetailVO [wareHouseName=Central, warehouseId=21, batchId=BT0000133, inventoryId=INV000001331, status=Available, distributorNumber=null, customerRefNumber=null, orderNumber=null, attribute={Serial Number=TestValue1}, transferStatus=null, remark=null, resourceType=DemoTest, resourceSubType=DemoTest, createdby=Admin Admin, updatedby=-, createDate=2015-03-13 09:52:17.0, updatedDate=null,subStatus=New]
InventoryDetailVO [wareHouseName=Central, warehouseId=21, batchId=BT0000133, inventoryId=INV000001332, status=Available, distributorNumber=null, customerRefNumber=null, orderNumber=null, attribute={Serial Number=TestValue2}, transferStatus=null, remark=null, resourceType=DemoTest, resourceSubType=DemoTest, createdby=Admin Admin, updatedby=-, createDate=2015-03-13 09:52:17.0, updatedDate=null,subStatus=New]
InventoryDetailVO [wareHouseName=Central, warehouseId=21, batchId=BT0000133, inventoryId=INV000001333, status=Available, distributorNumber=null, customerRefNumber=null, orderNumber=null, attribute={Serial Number=TestValue3}, transferStatus=null, remark=null, resourceType=DemoTest, resourceSubType=DemoTest, createdby=Admin Admin, updatedby=-, createDate=2015-03-13 09:52:17.0, updatedDate=null,subStatus=New]
InventoryDetailVO [wareHouseName=Central, warehouseId=21, batchId=BT0000133, inventoryId=INV000001334, status=Available, distributorNumber=null, customerRefNumber=null, orderNumber=null, attribute={Serial Number=TestValue4}, transferStatus=null, remark=null, resourceType=DemoTest, resourceSubType=DemoTest, createdby=Admin Admin, updatedby=-, createDate=2015-03-13 09:52:17.0, updatedDate=null,subStatus=New]
InventoryDetailVO [wareHouseName=Central, warehouseId=21, batchId=BT0000133, inventoryId=INV000001335, status=Available, distributorNumber=null, customerRefNumber=null, orderNumber=null, attribute={Serial Number=TestValue5}, transferStatus=null, remark=null, resourceType=DemoTest, resourceSubType=DemoTest, createdby=Admin Admin, updatedby=-, createDate=2015-03-13 09:52:17.0, updatedDate=null,subStatus=New]
InventoryDetailVO [wareHouseName=Central, warehouseId=21, batchId=BT0000133, inventoryId=INV000001336, status=Available, distributorNumber=null, customerRefNumber=null, orderNumber=null, attribute={Serial Number=TestValue1}, transferStatus=null, remark=null, resourceType=DemoTest, resourceSubType=DemoTest, createdby=Admin Admin, updatedby=-, createDate=2015-03-13 09:52:17.0, updatedDate=null,subStatus=New]
InventoryDetailVO [wareHouseName=Central, warehouseId=21, batchId=BT0000133, inventoryId=INV000001337, status=Available, distributorNumber=null, customerRefNumber=null, orderNumber=null, attribute={Serial Number=TestValue2}, transferStatus=null, remark=null, resourceType=DemoTest, resourceSubType=DemoTest, createdby=Admin Admin, updatedby=-, createDate=2015-03-13 09:52:17.0, updatedDate=null,subStatus=New]
InventoryDetailVO [wareHouseName=Central, warehouseId=21, batchId=BT0000133, inventoryId=INV000001338, status=Available, distributorNumber=null, customerRefNumber=null, orderNumber=null, attribute={Serial Number=TestValue3}, transferStatus=null, remark=null, resourceType=DemoTest, resourceSubType=DemoTest, createdby=Admin Admin, updatedby=-, createDate=2015-03-13 09:52:17.0, updatedDate=null,subStatus=New]
InventoryDetailVO [wareHouseName=Central, warehouseId=21, batchId=BT0000133, inventoryId=INV000001339, status=Available, distributorNumber=null, customerRefNumber=null, orderNumber=null, attribute={Serial Number=TestValue4}, transferStatus=null, remark=null, resourceType=DemoTest, resourceSubType=DemoTest, createdby=Admin Admin, updatedby=-, createDate=2015-03-13 09:52:17.0, updatedDate=null,subStatus=New]
[...]
	at $Proxy8.invoke(Unknown Source)
	at org.jboss.ejb3.proxy.impl.handler.session.SessionProxyInvocationHandlerBase.invoke(SessionProxyInvocationHandlerBase.java:185)
	at $Proxy7.doLogin(Unknown Source)
	at com.elitecore.cpe.bl.delegates.system.user.UserBD.doLogin(Unknown Source)
	at com.elitecore.test.base.BaseTestCase.getBDSessionContext(Unknown Source)
	at com.elitecore.test.inventorymgt.InventoryTestCase.setUp(Unknown Source)
	at junit.framework.TestCase.runBare(TestCase.java:139)
	at junit.framework.TestResult$1.protect(TestResult.java:122)
	at junit.framework.TestResult.runProtected(TestResult.java:142)
	at junit.framework.TestResult.run(TestResult.java:125)
	at junit.framework.TestCase.run(TestCase.java:129)
	at junit.framework.TestSuite.runTest(TestSuite.java:255)
	at junit.framework.TestSuite.run(TestSuite.java:250)
	at org.apache.tools.ant.taskdefs.optional.junit.JUnitTestRunner.run(JUnitTestRunner.java:532)
	at org.apache.tools.ant.taskdefs.optional.junit.JUnitTestRunner.launch(JUnitTestRunner.java:1179)
	at org.apache.tools.ant.taskdefs.optional.junit.JUnitTestRunner.main(JUnitTestRunner.java:1030)
	at org.jboss.aspects.remoting.InvokeRemoteInterceptor.invoke(InvokeRemoteInterceptor.java:72)
	at org.jboss.aop.joinpoint.MethodInvocation.invokeNext(MethodInvocation.java:102)
	at org.jboss.aspects.tx.ClientTxPropagationInterceptor.invoke(ClientTxPropagationInterceptor.java:61)
	at org.jboss.aop.joinpoint.MethodInvocation.invokeNext(MethodInvocation.java:102)
	at org.jboss.ejb3.security.client.SecurityClientInterceptor.invoke(SecurityClientInterceptor.java:65)
	at org.jboss.aop.joinpoint.MethodInvocation.invokeNext(MethodInvocation.java:102)
	at org.jboss.ejb3.remoting.IsLocalInterceptor.invoke(IsLocalInterceptor.java:77)
	at org.jboss.aop.joinpoint.MethodInvocation.invokeNext(MethodInvocation.java:102)
	at org.jboss.ejb3.async.impl.interceptor.AsynchronousClientInterceptor.invoke(AsynchronousClientInterceptor.java:143)
	at org.jboss.aop.joinpoint.MethodInvocation.invokeNext(MethodInvocation.java:102)
	at org.jboss.aspects.remoting.PojiProxy.invoke(PojiProxy.java:62)
	at $Proxy8.invoke(Unknown Source)
	at org.jboss.ejb3.proxy.impl.handler.session.SessionProxyInvocationHandlerBase.invoke(SessionProxyInvocationHandlerBase.java:185)
	at $Proxy7.doLogin(Unknown Source)
	at com.elitecore.cpe.bl.delegates.system.user.UserBD.doLogin(Unknown Source)
	at com.elitecore.test.base.BaseTestCase.getBDSessionContext(Unknown Source)
	at com.elitecore.test.inventorymgt.InventoryTestCase.setUp(Unknown Source)
	at junit.framework.TestCase.runBare(TestCase.java:139)
	at junit.framework.TestResult$1.protect(TestResult.java:122)
	at junit.framework.TestResult.runProtected(TestResult.java:142)
	at junit.framework.TestResult.run(TestResult.java:125)
	at junit.framework.TestCase.run(TestCase.java:129)
	at junit.framework.TestSuite.runTest(TestSuite.java:255)
	at junit.framework.TestSuite.run(TestSuite.java:250)
	at org.apache.tools.ant.taskdefs.optional.junit.JUnitTestRunner.run(JUnitTestRunner.java:532)
	at org.apache.tools.ant.taskdefs.optional.junit.JUnitTestRunner.launch(JUnitTestRunner.java:1179)
	at org.apache.tools.ant.taskdefs.optional.junit.JUnitTestRunner.main(JUnitTestRunner.java:1030)
com.elitecore.cpe.bl.exception.AccessDeniedException: Invalid Userame / Password
	at com.elitecore.cpe.bl.facade.bss.user.BSSUserFacade.doLogin(BSSUserFacade.java:152)
	at sun.reflect.GeneratedMethodAccessor440.invoke(Unknown Source)
	at sun.reflect.DelegatingMethodAccessorImpl.invoke(DelegatingMethodAccessorImpl.java:25)
	at java.lang.reflect.Method.invoke(Method.java:597)
	at org.jboss.aop.joinpoint.MethodInvocation.invokeTarget(MethodInvocation.java:122)
	at org.jboss.aop.joinpoint.MethodInvocation.invokeNext(MethodInvocation.java:111)
	at org.jboss.ejb3.interceptors.container.ContainerMethodInvocationWrapper.invokeNext(ContainerMethodInvocationWrapper.java:72)
	at org.jboss.ejb3.interceptors.aop.InterceptorSequencer.invoke(InterceptorSequencer.java:76)
	at org.jboss.ejb3.interceptors.aop.InterceptorSequencer.aroundInvoke(InterceptorSequencer.java:62)
	at sun.reflect.GeneratedMethodAccessor365.invoke(Unknown Source)
	at sun.reflect.DelegatingMethodAccessorImpl.invoke(DelegatingMethodAccessorImpl.java:25)
	at java.lang.reflect.Method.invoke(Method.java:597)
	at org.jboss.aop.advice.PerJoinpointAdvice.invoke(PerJoinpointAdvice.java:174)
	at org.jboss.aop.joinpoint.MethodInvocation.invokeNext(MethodInvocation.java:102)
	at org.jboss.ejb3.interceptors.aop.InvocationContextInterceptor.fillMethod(InvocationContextInterceptor.java:74)
	at org.jboss.aop.advice.org.jboss.ejb3.interceptors.aop.InvocationContextInterceptor_z_fillMethod_1773080527.invoke(InvocationContextInterceptor_z_fillMethod_1773080527.java)
	at org.jboss.aop.joinpoint.MethodInvocation.invokeNext(MethodInvocation.java:102)
	at org.jboss.ejb3.interceptors.aop.InvocationContextInterceptor.setup(InvocationContextInterceptor.java:90)
	at org.jboss.aop.advice.org.jboss.ejb3.interceptors.aop.InvocationContextInterceptor_z_setup_1773080527.invoke(InvocationContextInterceptor_z_setup_1773080527.java)
	at org.jboss.aop.joinpoint.MethodInvocation.invokeNext(MethodInvocation.java:102)
	at org.jboss.ejb3.async.impl.interceptor.AsynchronousServerInterceptor.invoke(AsynchronousServerInterceptor.java:128)
	at org.jboss.aop.joinpoint.MethodInvocation.invokeNext(MethodInvocation.java:102)
	at org.jboss.ejb3.connectionmanager.CachedConnectionInterceptor.invoke(CachedConnectionInterceptor.java:62)
	at org.jboss.aop.joinpoint.MethodInvocation.invokeNext(MethodInvocation.java:102)
	at org.jboss.ejb3.entity.TransactionScopedEntityManagerInterceptor.invoke(TransactionScopedEntityManagerInterceptor.java:56)
	at org.jboss.aop.joinpoint.MethodInvocation.invokeNext(MethodInvocation.java:102)
	at org.jboss.ejb3.AllowedOperationsInterceptor.invoke(AllowedOperationsInterceptor.java:47)
	at org.jboss.aop.joinpoint.MethodInvocation.invokeNext(MethodInvocation.java:102)
	at org.jboss.ejb3.tx.NullInterceptor.invoke(NullInterceptor.java:42)
	at org.jboss.aop.joinpoint.MethodInvocation.invokeNext(MethodInvocation.java:102)
	at org.jboss.ejb3.stateless.StatelessInstanceInterceptor.invoke(StatelessInstanceInterceptor.java:68)
	at org.jboss.aop.joinpoint.MethodInvocation.invokeNext(MethodInvocation.java:102)
	at org.jboss.ejb3.core.context.SessionInvocationContextAdapter.proceed(SessionInvocationContextAdapter.java:95)
	at org.jboss.ejb3.tx2.impl.CMTTxInterceptor.invokeInCallerTx(CMTTxInterceptor.java:223)
	at org.jboss.ejb3.tx2.impl.CMTTxInterceptor.required(CMTTxInterceptor.java:353)
	at org.jboss.ejb3.tx2.impl.CMTTxInterceptor.invoke(CMTTxInterceptor.java:209)
	at org.jboss.ejb3.tx2.aop.CMTTxInterceptorWrapper.invoke(CMTTxInterceptorWrapper.java:52)
	at org.jboss.aop.joinpoint.MethodInvocation.invokeNext(MethodInvocation.java:102)
	at org.jboss.aspects.tx.TxPropagationInterceptor.invoke(TxPropagationInterceptor.java:76)
	at org.jboss.aop.joinpoint.MethodInvocation.invokeNext(MethodInvocation.java:102)
	at org.jboss.ejb3.tx.NullInterceptor.invoke(NullInterceptor.java:42)
	at org.jboss.aop.joinpoint.MethodInvocation.invokeNext(MethodInvocation.java:102)
	at org.jboss.ejb3.security.Ejb3AuthenticationInterceptorv2.invoke(Ejb3AuthenticationInterceptorv2.java:182)
	at org.jboss.aop.joinpoint.MethodInvocation.invokeNext(MethodInvocation.java:102)
	at org.jboss.ejb3.ENCPropagationInterceptor.invoke(ENCPropagationInterceptor.java:41)
	at org.jboss.aop.joinpoint.MethodInvocation.invokeNext(MethodInvocation.java:102)
	at org.jboss.ejb3.BlockContainerShutdownInterceptor.invoke(BlockContainerShutdownInterceptor.java:67)
	at org.jboss.aop.joinpoint.MethodInvocation.invokeNext(MethodInvocation.java:102)
	at org.jboss.ejb3.core.context.CurrentInvocationContextInterceptor.invoke(CurrentInvocationContextInterceptor.java:47)
	at org.jboss.aop.joinpoint.MethodInvocation.invokeNext(MethodInvocation.java:102)
	at org.jboss.aspects.currentinvocation.CurrentInvocationInterceptor.invoke(CurrentInvocationInterceptor.java:67)
	at org.jboss.aop.joinpoint.MethodInvocation.invokeNext(MethodInvocation.java:102)
	at org.jboss.ejb3.interceptor.EJB3TCCLInterceptor.invoke(EJB3TCCLInterceptor.java:86)
	at org.jboss.aop.joinpoint.MethodInvocation.invokeNext(MethodInvocation.java:102)
	at org.jboss.ejb3.session.SessionSpecContainer.invoke(SessionSpecContainer.java:333)
	at org.jboss.ejb3.session.SessionSpecContainer.invoke(SessionSpecContainer.java:390)
	at sun.reflect.GeneratedMethodAccessor802.invoke(Unknown Source)
	at sun.reflect.DelegatingMethodAccessorImpl.invoke(DelegatingMethodAccessorImpl.java:25)
	at java.lang.reflect.Method.invoke(Method.java:597)
	at org.jboss.ejb3.proxy.impl.handler.session.SessionLocalProxyInvocationHandler$LocalContainerInvocation.invokeTarget(SessionLocalProxyInvocationHandler.java:184)
	at org.jboss.aop.joinpoint.MethodInvocation.invokeNext(MethodInvocation.java:111)
	at org.jboss.ejb3.async.impl.interceptor.AsynchronousClientInterceptor.invoke(AsynchronousClientInterceptor.java:143)
	at org.jboss.aop.joinpoint.MethodInvocation.invokeNext(MethodInvocation.java:102)
	at org.jboss.ejb3.proxy.impl.handler.session.SessionLocalProxyInvocationHandler$LocalInvokableContextHandler.invoke(SessionLocalProxyInvocationHandler.java:159)
	at $Proxy212.invoke(Unknown Source)
	at org.jboss.ejb3.proxy.impl.handler.session.SessionProxyInvocationHandlerBase.invoke(SessionProxyInvocationHandlerBase.java:185)
	at $Proxy207.doLogin(Unknown Source)
	at com.elitecore.cpe.bl.controller.system.BSSUserAuthController.doLogin(BSSUserAuthController.java:35)
	at com.elitecore.cpe.bl.factory.system.user.UserFactory.doLogin(UserFactory.java:49)
	at com.elitecore.cpe.bl.factory.system.user.UserFactory.doLogin(UserFactory.java:57)
	at com.elitecore.cpe.bl.facade.system.user.UserFacade.doLogin(UserFacade.java:53)
	at sun.reflect.GeneratedMethodAccessor439.invoke(Unknown Source)
	at sun.reflect.DelegatingMethodAccessorImpl.invoke(DelegatingMethodAccessorImpl.java:25)
	at java.lang.reflect.Method.invoke(Method.java:597)
	at org.jboss.aop.joinpoint.MethodInvocation.invokeTarget(MethodInvocation.java:122)
	at org.jboss.aop.joinpoint.MethodInvocation.invokeNext(MethodInvocation.java:111)
	at org.jboss.ejb3.interceptors.container.ContainerMethodInvocationWrapper.invokeNext(ContainerMethodInvocationWrapper.java:72)
	at org.jboss.ejb3.interceptors.aop.InterceptorSequencer.invoke(InterceptorSequencer.java:76)
	at org.jboss.ejb3.interceptors.aop.InterceptorSequencer.aroundInvoke(InterceptorSequencer.java:62)
	at sun.reflect.GeneratedMethodAccessor365.invoke(Unknown Source)
	at sun.reflect.DelegatingMethodAccessorImpl.invoke(DelegatingMethodAccessorImpl.java:25)
	at java.lang.reflect.Method.invoke(Method.java:597)
	at org.jboss.aop.advice.PerJoinpointAdvice.invoke(PerJoinpointAdvice.java:174)
	at org.jboss.aop.joinpoint.MethodInvocation.invokeNext(MethodInvocation.java:102)
	at org.jboss.ejb3.interceptors.aop.InvocationContextInterceptor.fillMethod(InvocationContextInterceptor.java:74)
	at org.jboss.aop.advice.org.jboss.ejb3.interceptors.aop.InvocationContextInterceptor_z_fillMethod_1773080527.invoke(InvocationContextInterceptor_z_fillMethod_1773080527.java)
	at org.jboss.aop.joinpoint.MethodInvocation.invokeNext(MethodInvocation.java:102)
	at org.jboss.ejb3.interceptors.aop.InvocationContextInterceptor.setup(InvocationContextInterceptor.java:90)
	at org.jboss.aop.advice.org.jboss.ejb3.interceptors.aop.InvocationContextInterceptor_z_setup_1773080527.invoke(InvocationContextInterceptor_z_setup_1773080527.java)
	at org.jboss.aop.joinpoint.MethodInvocation.invokeNext(MethodInvocation.java:102)
	at org.jboss.ejb3.async.impl.interceptor.AsynchronousServerInterceptor.invoke(AsynchronousServerInterceptor.java:128)
	at org.jboss.aop.joinpoint.MethodInvocation.invokeNext(MethodInvocation.java:102)
	at org.jboss.ejb3.connectionmanager.CachedConnectionInterceptor.invoke(CachedConnectionInterceptor.java:62)
	at org.jboss.aop.joinpoint.MethodInvocation.invokeNext(MethodInvocation.java:102)
	at org.jboss.ejb3.entity.TransactionScopedEntityManagerInterceptor.invoke(TransactionScopedEntityManagerInterceptor.java:56)
	at org.jboss.aop.joinpoint.MethodInvocation.invokeNext(MethodInvocation.java:102)
	at org.jboss.ejb3.AllowedOperationsInterceptor.invoke(AllowedOperationsInterceptor.java:47)
	at org.jboss.aop.joinpoint.MethodInvocation.invokeNext(MethodInvocation.java:102)
	at org.jboss.ejb3.tx.NullInterceptor.invoke(NullInterceptor.java:42)
	at org.jboss.aop.joinpoint.MethodInvocation.invokeNext(MethodInvocation.java:102)
	at org.jboss.ejb3.stateless.StatelessInstanceInterceptor.invoke(StatelessInstanceInterceptor.java:68)
	at org.jboss.aop.joinpoint.MethodInvocation.invokeNext(MethodInvocation.java:102)
	at org.jboss.ejb3.core.context.SessionInvocationContextAdapter.proceed(SessionInvocationContextAdapter.java:95)
	at org.jboss.ejb3.tx2.impl.CMTTxInterceptor.invokeInOurTx(CMTTxInterceptor.java:247)
	at org.jboss.ejb3.tx2.impl.CMTTxInterceptor.required(CMTTxInterceptor.java:349)
	at org.jboss.ejb3.tx2.impl.CMTTxInterceptor.invoke(CMTTxInterceptor.java:209)
	at org.jboss.ejb3.tx2.aop.CMTTxInterceptorWrapper.invoke(CMTTxInterceptorWrapper.java:52)
	at org.jboss.aop.joinpoint.MethodInvocation.invokeNext(MethodInvocation.java:102)
	at org.jboss.aspects.tx.TxPropagationInterceptor.invoke(TxPropagationInterceptor.java:76)
	at org.jboss.aop.joinpoint.MethodInvocation.invokeNext(MethodInvocation.java:102)
	at org.jboss.ejb3.tx.NullInterceptor.invoke(NullInterceptor.java:42)
	at org.jboss.aop.joinpoint.MethodInvocation.invokeNext(MethodInvocation.java:102)
	at org.jboss.ejb3.security.Ejb3AuthenticationInterceptorv2.invoke(Ejb3AuthenticationInterceptorv2.java:182)
	at org.jboss.aop.joinpoint.MethodInvocation.invokeNext(MethodInvocation.java:102)
	at org.jboss.ejb3.ENCPropagationInterceptor.invoke(ENCPropagationInterceptor.java:41)
	at org.jboss.aop.joinpoint.MethodInvocation.invokeNext(MethodInvocation.java:102)
	at org.jboss.ejb3.BlockContainerShutdownInterceptor.invoke(BlockContainerShutdownInterceptor.java:67)
	at org.jboss.aop.joinpoint.MethodInvocation.invokeNext(MethodInvocation.java:102)
	at org.jboss.ejb3.core.context.CurrentInvocationContextInterceptor.invoke(CurrentInvocationContextInterceptor.java:47)
	at org.jboss.aop.joinpoint.MethodInvocation.invokeNext(MethodInvocation.java:102)
	at org.jboss.aspects.currentinvocation.CurrentInvocationInterceptor.invoke(CurrentInvocationInterceptor.java:67)
	at org.jboss.aop.joinpoint.MethodInvocation.invokeNext(MethodInvocation.java:102)
	at org.jboss.ejb3.interceptor.EJB3TCCLInterceptor.invoke(EJB3TCCLInterceptor.java:86)
	at org.jboss.aop.joinpoint.MethodInvocation.invokeNext(MethodInvocation.java:102)
	at org.jboss.ejb3.stateless.StatelessContainer.dynamicInvoke(StatelessContainer.java:392)
	at org.jboss.ejb3.session.InvokableContextClassProxyHack._dynamicInvoke(InvokableContextClassProxyHack.java:53)
	at org.jboss.aop.Dispatcher.invoke(Dispatcher.java:91)
	at org.jboss.aspects.remoting.AOPRemotingInvocationHandler.invoke(AOPRemotingInvocationHandler.java:82)
	at org.jboss.remoting.ServerInvoker.invoke(ServerInvoker.java:967)
	at org.jboss.remoting.transport.socket.ServerThread.completeInvocation(ServerThread.java:791)
	at org.jboss.remoting.transport.socket.ServerThread.processInvocation(ServerThread.java:744)
	at org.jboss.remoting.transport.socket.ServerThread.dorun(ServerThread.java:548)
	at org.jboss.remoting.transport.socket.ServerThread.run(ServerThread.java:234)
	at org.jboss.remoting.MicroRemoteClientInvoker.invoke(MicroRemoteClientInvoker.java:218)
	at org.jboss.remoting.Client.invoke(Client.java:2070)
	at org.jboss.remoting.Client.invoke(Client.java:879)
	at org.jboss.aspects.remoting.InvokeRemoteInterceptor.invoke(InvokeRemoteInterceptor.java:60)
	at org.jboss.aop.joinpoint.MethodInvocation.invokeNext(MethodInvocation.java:102)
	at org.jboss.aspects.tx.ClientTxPropagationInterceptor.invoke(ClientTxPropagationInterceptor.java:61)
	at org.jboss.aop.joinpoint.MethodInvocation.invokeNext(MethodInvocation.java:102)
	at org.jboss.ejb3.security.client.SecurityClientInterceptor.invoke(SecurityClientInterceptor.java:65)
	at org.jboss.aop.joinpoint.MethodInvocation.invokeNext(MethodInvocation.java:102)
	at org.jboss.ejb3.remoting.IsLocalInterceptor.invoke(IsLocalInterceptor.java:77)
	at org.jboss.aop.joinpoint.MethodInvocation.invokeNext(MethodInvocation.java:102)
	at org.jboss.ejb3.async.impl.interceptor.AsynchronousClientInterceptor.invoke(AsynchronousClientInterceptor.java:143)
	at org.jboss.aop.joinpoint.MethodInvocation.invokeNext(MethodInvocation.java:102)
	at org.jboss.aspects.remoting.PojiProxy.invoke(PojiProxy.java:62)
	at $Proxy8.invoke(Unknown Source)
	at org.jboss.ejb3.proxy.impl.handler.session.SessionProxyInvocationHandlerBase.invoke(SessionProxyInvocationHandlerBase.java:185)
	at $Proxy7.doLogin(Unknown Source)
	at com.elitecore.cpe.bl.delegates.system.user.UserBD.doLogin(Unknown Source)
	at com.elitecore.test.base.BaseTestCase.getBDSessionContext(Unknown Source)
	at com.elitecore.test.inventorymgt.InventoryTestCase.setUp(Unknown Source)
	at junit.framework.TestCase.runBare(TestCase.java:139)
	at junit.framework.TestResult$1.protect(TestResult.java:122)
	at junit.framework.TestResult.runProtected(TestResult.java:142)
	at junit.framework.TestResult.run(TestResult.java:125)
	at junit.framework.TestCase.run(TestCase.java:129)
	at junit.framework.TestSuite.runTest(TestSuite.java:255)
	at junit.framework.TestSuite.run(TestSuite.java:250)
	at org.apache.tools.ant.taskdefs.optional.junit.JUnitTestRunner.run(JUnitTestRunner.java:532)
	at org.apache.tools.ant.taskdefs.optional.junit.JUnitTestRunner.launch(JUnitTestRunner.java:1179)
	at org.apache.tools.ant.taskdefs.optional.junit.JUnitTestRunner.main(JUnitTestRunner.java:1030)
	at org.jboss.aspects.remoting.InvokeRemoteInterceptor.invoke(InvokeRemoteInterceptor.java:72)
	at org.jboss.aop.joinpoint.MethodInvocation.invokeNext(MethodInvocation.java:102)
	at org.jboss.aspects.tx.ClientTxPropagationInterceptor.invoke(ClientTxPropagationInterceptor.java:61)
	at org.jboss.aop.joinpoint.MethodInvocation.invokeNext(MethodInvocation.java:102)
	at org.jboss.ejb3.security.client.SecurityClientInterceptor.invoke(SecurityClientInterceptor.java:65)
	at org.jboss.aop.joinpoint.MethodInvocation.invokeNext(MethodInvocation.java:102)
	at org.jboss.ejb3.remoting.IsLocalInterceptor.invoke(IsLocalInterceptor.java:77)
	at org.jboss.aop.joinpoint.MethodInvocation.invokeNext(MethodInvocation.java:102)
	at org.jboss.ejb3.async.impl.interceptor.AsynchronousClientInterceptor.invoke(AsynchronousClientInterceptor.java:143)
	at org.jboss.aop.joinpoint.MethodInvocation.invokeNext(MethodInvocation.java:102)
	at org.jboss.aspects.remoting.PojiProxy.invoke(PojiProxy.java:62)
	at $Proxy8.invoke(Unknown Source)
	at org.jboss.ejb3.proxy.impl.handler.session.SessionProxyInvocationHandlerBase.invoke(SessionProxyInvocationHandlerBase.java:185)
	at $Proxy7.doLogin(Unknown Source)
	at com.elitecore.cpe.bl.delegates.system.user.UserBD.doLogin(Unknown Source)
	at com.elitecore.test.base.BaseTestCase.getBDSessionContext(Unknown Source)
	at com.elitecore.test.inventorymgt.InventoryTestCase.setUp(Unknown Source)
	at junit.framework.TestCase.runBare(TestCase.java:139)
	at junit.framework.TestResult$1.protect(TestResult.java:122)
	at junit.framework.TestResult.runProtected(TestResult.java:142)
	at junit.framework.TestResult.run(TestResult.java:125)
	at junit.framework.TestCase.run(TestCase.java:129)
	at junit.framework.TestSuite.runTest(TestSuite.java:255)
	at junit.framework.TestSuite.run(TestSuite.java:250)
	at org.apache.tools.ant.taskdefs.optional.junit.JUnitTestRunner.run(JUnitTestRunner.java:532)
	at org.apache.tools.ant.taskdefs.optional.junit.JUnitTestRunner.launch(JUnitTestRunner.java:1179)
	at org.apache.tools.ant.taskdefs.optional.junit.JUnitTestRunner.main(JUnitTestRunner.java:1030)
]]></system-err>
</testsuite>
