<?xml version="1.0" encoding="UTF-8" ?>
<testsuite errors="0" failures="2" hostname="localhost.localdomain" name="com.elitecore.test.attributemgt.AttributeTestCase" skipped="0" tests="4" time="1.429" timestamp="2015-03-16T08:37:15">
  <properties>
[...]
</properties>
  <testcase classname="com.elitecore.test.attributemgt.AttributeTestCase" name="testAttributeCreate" time="0.692">
    <failure type="junit.framework.AssertionFailedError">junit.framework.AssertionFailedError
	at com.elitecore.test.attributemgt.AttributeTestCase.testAttributeCreate(Unknown Source)
</failure>
  </testcase>
  <testcase classname="com.elitecore.test.attributemgt.AttributeTestCase" name="testAttributeSearch" time="0.416" />
  <testcase classname="com.elitecore.test.attributemgt.AttributeTestCase" name="testAttributeUpdate" time="0.115">
    <failure type="junit.framework.AssertionFailedError">junit.framework.AssertionFailedError
	at com.elitecore.test.attributemgt.AttributeTestCase.testAttributeUpdate(Unknown Source)
</failure>
  </testcase>
  <testcase classname="com.elitecore.test.attributemgt.AttributeTestCase" name="testBaseTestCase" time="0.051" />
  <system-out><![CDATA[Load from properties file.
************* inside lookup - start *****************
************* inside lookup - start *****************
AttributeVO [attributeId=2, name=Serial Number, usedBy=Resource, createdate=2014-09-04 16:51:12.0, updatedate=2014-10-16 17:22:59.0, createdby=Admin Admin, updatedby=Admin Admin, systemgenerated=N, mandatory=Y, unique=N, dataType=String, dataValue=null, reason=null]
AttributeVO [attributeId=1, name=MAC Address, usedBy=Resource, createdate=2014-09-04 16:27:26.0, updatedate=2015-01-09 16:39:03.0, createdby=Admin Admin, updatedby=Admin Admin, systemgenerated=N, mandatory=Y, unique=Y, dataType=String, dataValue=null, reason=null]
Junit Start
]]></system-out>
  <system-err><![CDATA[log4j:WARN No appenders could be found for logger (org.jnp.interfaces.TimedSocketFactory).
log4j:WARN Please initialize the log4j system properly.
log4j:WARN See http://logging.apache.org/log4j/1.2/faq.html#noconfig for more info.
com.elitecore.cpe.bl.exception.AccessDeniedException: Invalid Userame / Password
	at com.elitecore.cpe.bl.facade.bss.user.BSSUserFacade.doLogin(BSSUserFacade.java:152)
	at sun.reflect.GeneratedMethodAccessor440.invoke(Unknown Source)
	at sun.reflect.DelegatingMethodAccessorImpl.invoke(DelegatingMethodAccessorImpl.java:25)
	at java.lang.reflect.Method.invoke(Method.java:597)
	at org.jboss.aop.joinpoint.MethodInvocation.invokeTarget(MethodInvocation.java:122)
	at org.jboss.aop.joinpoint.MethodInvocation.invokeNext(MethodInvocation.java:111)
	at org.jboss.ejb3.interceptors.container.ContainerMethodInvocationWrapper.invokeNext(ContainerMethodInvocationWrapper.java:72)
	at org.jboss.ejb3.interceptors.aop.InterceptorSequencer.invoke(InterceptorSequencer.java:76)
	at org.jboss.ejb3.interceptors.aop.InterceptorSequencer.aroundInvoke(InterceptorSequencer.java:62)
	at sun.reflect.GeneratedMethodAccessor365.invoke(Unknown Source)
	at sun.reflect.DelegatingMethodAccessorImpl.invoke(DelegatingMethodAccessorImpl.java:25)
	at java.lang.reflect.Method.invoke(Method.java:597)
	at org.jboss.aop.advice.PerJoinpointAdvice.invoke(PerJoinpointAdvice.java:174)
	at org.jboss.aop.joinpoint.MethodInvocation.invokeNext(MethodInvocation.java:102)
	at org.jboss.ejb3.interceptors.aop.InvocationContextInterceptor.fillMethod(InvocationContextInterceptor.java:74)
	at org.jboss.aop.advice.org.jboss.ejb3.interceptors.aop.InvocationContextInterceptor_z_fillMethod_1773080527.invoke(InvocationContextInterceptor_z_fillMethod_1773080527.java)
	at org.jboss.aop.joinpoint.MethodInvocation.invokeNext(MethodInvocation.java:102)
	at org.jboss.ejb3.interceptors.aop.InvocationContextInterceptor.setup(InvocationContextInterceptor.java:90)
	at org.jboss.aop.advice.org.jboss.ejb3.interceptors.aop.InvocationContextInterceptor_z_setup_1773080527.invoke(InvocationContextInterceptor_z_setup_1773080527.java)
	at org.jboss.aop.joinpoint.MethodInvocation.invokeNext(MethodInvocation.java:102)
	at org.jboss.ejb3.async.impl.interceptor.AsynchronousServerInterceptor.invoke(AsynchronousServerInterceptor.java:128)
	at org.jboss.aop.joinpoint.MethodInvocation.invokeNext(MethodInvocation.java:102)
	at org.jboss.ejb3.connectionmanager.CachedConnectionInterceptor.invoke(CachedConnectionInterceptor.java:62)
	at org.jboss.aop.joinpoint.MethodInvocation.invokeNext(MethodInvocation.java:102)
	at org.jboss.ejb3.entity.TransactionScopedEntityManagerInterceptor.invoke(TransactionScopedEntityManagerInterceptor.java:56)
	at org.jboss.aop.joinpoint.MethodInvocation.invokeNext(MethodInvocation.java:102)
	at org.jboss.ejb3.AllowedOperationsInterceptor.invoke(AllowedOperationsInterceptor.java:47)
	at org.jboss.aop.joinpoint.MethodInvocation.invokeNext(MethodInvocation.java:102)
	at org.jboss.ejb3.tx.NullInterceptor.invoke(NullInterceptor.java:42)
	at org.jboss.aop.joinpoint.MethodInvocation.invokeNext(MethodInvocation.java:102)
	at org.jboss.ejb3.stateless.StatelessInstanceInterceptor.invoke(StatelessInstanceInterceptor.java:68)
	at org.jboss.aop.joinpoint.MethodInvocation.invokeNext(MethodInvocation.java:102)
	at org.jboss.ejb3.core.context.SessionInvocationContextAdapter.proceed(SessionInvocationContextAdapter.java:95)
	at org.jboss.ejb3.tx2.impl.CMTTxInterceptor.invokeInCallerTx(CMTTxInterceptor.java:223)
	at org.jboss.ejb3.tx2.impl.CMTTxInterceptor.required(CMTTxInterceptor.java:353)
	at org.jboss.ejb3.tx2.impl.CMTTxInterceptor.invoke(CMTTxInterceptor.java:209)
	at org.jboss.ejb3.tx2.aop.CMTTxInterceptorWrapper.invoke(CMTTxInterceptorWrapper.java:52)
	at org.jboss.aop.joinpoint.MethodInvocation.invokeNext(MethodInvocation.java:102)
	at org.jboss.aspects.tx.TxPropagationInterceptor.invoke(TxPropagationInterceptor.java:76)
	at org.jboss.aop.joinpoint.MethodInvocation.invokeNext(MethodInvocation.java:102)
	at org.jboss.ejb3.tx.NullInterceptor.invoke(NullInterceptor.java:42)
	at org.jboss.aop.joinpoint.MethodInvocation.invokeNext(MethodInvocation.java:102)
	at org.jboss.ejb3.security.Ejb3AuthenticationInterceptorv2.invoke(Ejb3AuthenticationInterceptorv2.java:182)
	at org.jboss.aop.joinpoint.MethodInvocation.invokeNext(MethodInvocation.java:102)
	at org.jboss.ejb3.ENCPropagationInterceptor.invoke(ENCPropagationInterceptor.java:41)
	at org.jboss.aop.joinpoint.MethodInvocation.invokeNext(MethodInvocation.java:102)
	at org.jboss.ejb3.BlockContainerShutdownInterceptor.invoke(BlockContainerShutdownInterceptor.java:67)
	at org.jboss.aop.joinpoint.MethodInvocation.invokeNext(MethodInvocation.java:102)
	at org.jboss.ejb3.core.context.CurrentInvocationContextInterceptor.invoke(CurrentInvocationContextInterceptor.java:47)
	at org.jboss.aop.joinpoint.MethodInvocation.invokeNext(MethodInvocation.java:102)
	at org.jboss.aspects.currentinvocation.CurrentInvocationInterceptor.invoke(CurrentInvocationInterceptor.java:67)
	at org.jboss.aop.joinpoint.MethodInvocation.invokeNext(MethodInvocation.java:102)
	at org.jboss.ejb3.interceptor.EJB3TCCLInterceptor.invoke(EJB3TCCLInterceptor.java:86)
	at org.jboss.aop.joinpoint.MethodInvocation.invokeNext(MethodInvocation.java:102)
	at org.jboss.ejb3.session.SessionSpecContainer.invoke(SessionSpecContainer.java:333)
	at org.jboss.ejb3.session.SessionSpecContainer.invoke(SessionSpecContainer.java:390)
	at sun.reflect.GeneratedMethodAccessor802.invoke(Unknown Source)
	at sun.reflect.DelegatingMethodAccessorImpl.invoke(DelegatingMethodAccessorImpl.java:25)
	at java.lang.reflect.Method.invoke(Method.java:597)
	at org.jboss.ejb3.proxy.impl.handler.session.SessionLocalProxyInvocationHandler$LocalContainerInvocation.invokeTarget(SessionLocalProxyInvocationHandler.java:184)
	at org.jboss.aop.joinpoint.MethodInvocation.invokeNext(MethodInvocation.java:111)
	at org.jboss.ejb3.async.impl.interceptor.AsynchronousClientInterceptor.invoke(AsynchronousClientInterceptor.java:143)
	at org.jboss.aop.joinpoint.MethodInvocation.invokeNext(MethodInvocation.java:102)
	at org.jboss.ejb3.proxy.impl.handler.session.SessionLocalProxyInvocationHandler$LocalInvokableContextHandler.invoke(SessionLocalProxyInvocationHandler.java:159)
	at $Proxy212.invoke(Unknown Source)
	at org.jboss.ejb3.proxy.impl.handler.session.SessionProxyInvocationHandlerBase.invoke(SessionProxyInvocationHandlerBase.java:185)
	at $Proxy207.doLogin(Unknown Source)
	at com.elitecore.cpe.bl.controller.system.BSSUserAuthController.doLogin(BSSUserAuthController.java:35)
	at com.elitecore.cpe.bl.factory.system.user.UserFactory.doLogin(UserFactory.java:49)
	at com.elitecore.cpe.bl.factory.system.user.UserFactory.doLogin(UserFactory.java:57)
	at com.elitecore.cpe.bl.facade.system.user.UserFacade.doLogin(UserFacade.java:53)
	at sun.reflect.GeneratedMethodAccessor439.invoke(Unknown Source)
	at sun.reflect.DelegatingMethodAccessorImpl.invoke(DelegatingMethodAccessorImpl.java:25)
	at java.lang.reflect.Method.invoke(Method.java:597)
	at org.jboss.aop.joinpoint.MethodInvocation.invokeTarget(MethodInvocation.java:122)
	at org.jboss.aop.joinpoint.MethodInvocation.invokeNext(MethodInvocation.java:111)
	at org.jboss.ejb3.interceptors.container.ContainerMethodInvocationWrapper.invokeNext(ContainerMethodInvocationWrapper.java:72)
	at org.jboss.ejb3.interceptors.aop.InterceptorSequencer.invoke(InterceptorSequencer.java:76)
	at org.jboss.ejb3.interceptors.aop.InterceptorSequencer.aroundInvoke(InterceptorSequencer.java:62)
	at sun.reflect.GeneratedMethodAccessor365.invoke(Unknown Source)
	at sun.reflect.DelegatingMethodAccessorImpl.invoke(DelegatingMethodAccessorImpl.java:25)
	at java.lang.reflect.Method.invoke(Method.java:597)
	at org.jboss.aop.advice.PerJoinpointAdvice.invoke(PerJoinpointAdvice.java:174)
	at org.jboss.aop.joinpoint.MethodInvocation.invokeNext(MethodInvocation.java:102)
	at org.jboss.ejb3.interceptors.aop.InvocationContextInterceptor.fillMethod(InvocationContextInterceptor.java:74)
	at org.jboss.aop.advice.org.jboss.ejb3.interceptors.aop.InvocationContextInterceptor_z_fillMethod_1773080527.invoke(InvocationContextInterceptor_z_fillMethod_1773080527.java)
	at org.jboss.aop.joinpoint.MethodInvocation.invokeNext(MethodInvocation.java:102)
	at org.jboss.ejb3.interceptors.aop.InvocationContextInterceptor.setup(InvocationContextInterceptor.java:90)
	at org.jboss.aop.advice.org.jboss.ejb3.interceptors.aop.InvocationContextInterceptor_z_setup_1773080527.invoke(InvocationContextInterceptor_z_setup_1773080527.java)
	at org.jboss.aop.joinpoint.MethodInvocation.invokeNext(MethodInvocation.java:102)
	at org.jboss.ejb3.async.impl.interceptor.AsynchronousServerInterceptor.invoke(AsynchronousServerInterceptor.java:128)
	at org.jboss.aop.joinpoint.MethodInvocation.invokeNext(MethodInvocation.java:102)
	at org.jboss.ejb3.connectionmanager.CachedConnectionInterceptor.invoke(CachedConnectionInterceptor.java:62)
	at org.jboss.aop.joinpoint.MethodInvocation.invokeNext(MethodInvocation.java:102)
	at org.jboss.ejb3.entity.TransactionScopedEntityManagerInterceptor.invoke(TransactionScopedEntityManagerInterceptor.java:56)
	at org.jboss.aop.joinpoint.MethodInvocation.invokeNext(MethodInvocation.java:102)
	at org.jboss.ejb3.AllowedOperationsInterceptor.invoke(AllowedOperationsInterceptor.java:47)
	at org.jboss.aop.joinpoint.MethodInvocation.invokeNext(MethodInvocation.java:102)
	at org.jboss.ejb3.tx.NullInterceptor.invoke(NullInterceptor.java:42)
	at org.jboss.aop.joinpoint.MethodInvocation.invokeNext(MethodInvocation.java:102)
	at org.jboss.ejb3.stateless.StatelessInstanceInterceptor.invoke(StatelessInstanceInterceptor.java:68)
	at org.jboss.aop.joinpoint.MethodInvocation.invokeNext(MethodInvocation.java:102)
	at org.jboss.ejb3.core.context.SessionInvocationContextAdapter.proceed(SessionInvocationContextAdapter.java:95)
	at org.jboss.ejb3.tx2.impl.CMTTxInterceptor.invokeInOurTx(CMTTxInterceptor.java:247)
	at org.jboss.ejb3.tx2.impl.CMTTxInterceptor.required(CMTTxInterceptor.java:349)
	at org.jboss.ejb3.tx2.impl.CMTTxInterceptor.invoke(CMTTxInterceptor.java:209)
	at org.jboss.ejb3.tx2.aop.CMTTxInterceptorWrapper.invoke(CMTTxInterceptorWrapper.java:52)
	at org.jboss.aop.joinpoint.MethodInvocation.invokeNext(MethodInvocation.java:102)
	at org.jboss.aspects.tx.TxPropagationInterceptor.invoke(TxPropagationInterceptor.java:76)
	at org.jboss.aop.joinpoint.MethodInvocation.invokeNext(MethodInvocation.java:102)
	at org.jboss.ejb3.tx.NullInterceptor.invoke(NullInterceptor.java:42)
	at org.jboss.aop.joinpoint.MethodInvocation.invokeNext(MethodInvocation.java:102)
	at org.jboss.ejb3.security.Ejb3AuthenticationInterceptorv2.invoke(Ejb3AuthenticationInterceptorv2.java:182)
	at org.jboss.aop.joinpoint.MethodInvocation.invokeNext(MethodInvocation.java:102)
	at org.jboss.ejb3.ENCPropagationInterceptor.invoke(ENCPropagationInterceptor.java:41)
	at org.jboss.aop.joinpoint.MethodInvocation.invokeNext(MethodInvocation.java:102)
	at org.jboss.ejb3.BlockContainerShutdownInterceptor.invoke(BlockContainerShutdownInterceptor.java:67)
	at org.jboss.aop.joinpoint.MethodInvocation.invokeNext(MethodInvocation.java:102)
	at org.jboss.ejb3.core.context.CurrentInvocationContextInterceptor.invoke(CurrentInvocationContextInterceptor.java:47)
	at org.jboss.aop.joinpoint.MethodInvocation.invokeNext(MethodInvocation.java:102)
	at org.jboss.aspects.currentinvocation.CurrentInvocationInterceptor.invoke(CurrentInvocationInterceptor.java:67)
	at org.jboss.aop.joinpoint.MethodInvocation.invokeNext(MethodInvocation.java:102)
	at org.jboss.ejb3.interceptor.EJB3TCCLInterceptor.invoke(EJB3TCCLInterceptor.java:86)
	at org.jboss.aop.joinpoint.MethodInvocation.invokeNext(MethodInvocation.java:102)
	at org.jboss.ejb3.stateless.StatelessContainer.dynamicInvoke(StatelessContainer.java:392)
	at org.jboss.ejb3.session.InvokableContextClassProxyHack._dynamicInvoke(InvokableContextClassProxyHack.java:53)
	at org.jboss.aop.Dispatcher.invoke(Dispatcher.java:91)
	at org.jboss.aspects.remoting.AOPRemotingInvocationHandler.invoke(AOPRemotingInvocationHandler.java:82)
	at org.jboss.remoting.ServerInvoker.invoke(ServerInvoker.java:967)
	at org.jboss.remoting.transport.socket.ServerThread.completeInvocation(ServerThread.java:791)
	at org.jboss.remoting.transport.socket.ServerThread.processInvocation(ServerThread.java:744)
	at org.jboss.remoting.transport.socket.ServerThread.dorun(ServerThread.java:548)
	at org.jboss.remoting.transport.socket.ServerThread.run(ServerThread.java:234)
	at org.jboss.remoting.MicroRemoteClientInvoker.invoke(MicroRemoteClientInvoker.java:218)
	at org.jboss.remoting.Client.invoke(Client.java:2070)
	at org.jboss.remoting.Client.invoke(Client.java:879)
	at org.jboss.aspects.remoting.InvokeRemoteInterceptor.invoke(InvokeRemoteInterceptor.java:60)
	at org.jboss.aop.joinpoint.MethodInvocation.invokeNext(MethodInvocation.java:102)
	at org.jboss.aspects.tx.ClientTxPropagationInterceptor.invoke(ClientTxPropagationInterceptor.java:61)
	at org.jboss.aop.joinpoint.MethodInvocation.invokeNext(MethodInvocation.java:102)
	at org.jboss.ejb3.security.client.SecurityClientInterceptor.invoke(SecurityClientInterceptor.java:65)
	at org.jboss.aop.joinpoint.MethodInvocation.invokeNext(MethodInvocation.java:102)
	at org.jboss.ejb3.remoting.IsLocalInterceptor.invoke(IsLocalInterceptor.java:77)
	at org.jboss.aop.joinpoint.MethodInvocation.invokeNext(MethodInvocation.java:102)
	at org.jboss.ejb3.async.impl.interceptor.AsynchronousClientInterceptor.invoke(AsynchronousClientInterceptor.java:143)
	at org.jboss.aop.joinpoint.MethodInvocation.invokeNext(MethodInvocation.java:102)
	at org.jboss.aspects.remoting.PojiProxy.invoke(PojiProxy.java:62)
	at $Proxy8.invoke(Unknown Source)
	at org.jboss.ejb3.proxy.impl.handler.session.SessionProxyInvocationHandlerBase.invoke(SessionProxyInvocationHandlerBase.java:185)
	at $Proxy7.doLogin(Unknown Source)
	at com.elitecore.cpe.bl.delegates.system.user.UserBD.doLogin(Unknown Source)
	at com.elitecore.test.base.BaseTestCase.getBDSessionContext(Unknown Source)
	at com.elitecore.test.attributemgt.AttributeTestCase.setUp(Unknown Source)
	at junit.framework.TestCase.runBare(TestCase.java:139)
	at junit.framework.TestResult$1.protect(TestResult.java:122)
	at junit.framework.TestResult.runProtected(TestResult.java:142)
	at junit.framework.TestResult.run(TestResult.java:125)
	at junit.framework.TestCase.run(TestCase.java:129)
	at junit.framework.TestSuite.runTest(TestSuite.java:255)
	at junit.framework.TestSuite.run(TestSuite.java:250)
	at org.apache.tools.ant.taskdefs.optional.junit.JUnitTestRunner.run(JUnitTestRunner.java:532)
	at org.apache.tools.ant.taskdefs.optional.junit.JUnitTestRunner.launch(JUnitTestRunner.java:1179)
	at org.apache.tools.ant.taskdefs.optional.junit.JUnitTestRunner.main(JUnitTestRunner.java:1030)
	at org.jboss.aspects.remoting.InvokeRemoteInterceptor.invoke(InvokeRemoteInterceptor.java:72)
	at org.jboss.aop.joinpoint.MethodInvocation.invokeNext(MethodInvocation.java:102)
	at org.jboss.aspects.tx.ClientTxPropagationInterceptor.invoke(ClientTxPropagationInterceptor.java:61)
	at org.jboss.aop.joinpoint.MethodInvocation.invokeNext(MethodInvocation.java:102)
	at org.jboss.ejb3.security.client.SecurityClientInterceptor.invoke(SecurityClientInterceptor.java:65)
	at org.jboss.aop.joinpoint.MethodInvocation.invokeNext(MethodInvocation.java:102)
	at org.jboss.ejb3.remoting.IsLocalInterceptor.invoke(IsLocalInterceptor.java:77)
	at org.jboss.aop.joinpoint.MethodInvocation.invokeNext(MethodInvocation.java:102)
	at org.jboss.ejb3.async.impl.interceptor.AsynchronousClientInterceptor.invoke(AsynchronousClientInterceptor.java:143)
	at org.jboss.aop.joinpoint.MethodInvocation.invokeNext(MethodInvocation.java:102)
	at org.jboss.aspects.remoting.PojiProxy.invoke(PojiProxy.java:62)
	at $Proxy8.invoke(Unknown Source)
	at org.jboss.ejb3.proxy.impl.handler.session.SessionProxyInvocationHandlerBase.invoke(SessionProxyInvocationHandlerBase.java:185)
	at $Proxy7.doLogin(Unknown Source)
	at com.elitecore.cpe.bl.delegates.system.user.UserBD.doLogin(Unknown Source)
	at com.elitecore.test.base.BaseTestCase.getBDSessionContext(Unknown Source)
	at com.elitecore.test.attributemgt.AttributeTestCase.setUp(Unknown Source)
	at junit.framework.TestCase.runBare(TestCase.java:139)
	at junit.framework.TestResult$1.protect(TestResult.java:122)
	at junit.framework.TestResult.runProtected(TestResult.java:142)
	at junit.framework.TestResult.run(TestResult.java:125)
	at junit.framework.TestCase.run(TestCase.java:129)
	at junit.framework.TestSuite.runTest(TestSuite.java:255)
	at junit.framework.TestSuite.run(TestSuite.java:250)
	at org.apache.tools.ant.taskdefs.optional.junit.JUnitTestRunner.run(JUnitTestRunner.java:532)
	at org.apache.tools.ant.taskdefs.optional.junit.JUnitTestRunner.launch(JUnitTestRunner.java:1179)
	at org.apache.tools.ant.taskdefs.optional.junit.JUnitTestRunner.main(JUnitTestRunner.java:1030)
com.elitecore.cpe.bl.exception.AccessDeniedException: Invalid Userame / Password
	at com.elitecore.cpe.bl.facade.bss.user.BSSUserFacade.doLogin(BSSUserFacade.java:152)
	at sun.reflect.GeneratedMethodAccessor440.invoke(Unknown Source)
	at sun.reflect.DelegatingMethodAccessorImpl.invoke(DelegatingMethodAccessorImpl.java:25)
	at java.lang.reflect.Method.invoke(Method.java:597)
	at org.jboss.aop.joinpoint.MethodInvocation.invokeTarget(MethodInvocation.java:122)
	at org.jboss.aop.joinpoint.MethodInvocation.invokeNext(MethodInvocation.java:111)
	at org.jboss.ejb3.interceptors.container.ContainerMethodInvocationWrapper.invokeNext(ContainerMethodInvocationWrapper.java:72)
	at org.jboss.ejb3.interceptors.aop.InterceptorSequencer.invoke(InterceptorSequencer.java:76)
	at org.jboss.ejb3.interceptors.aop.InterceptorSequencer.aroundInvoke(InterceptorSequencer.java:62)
	at sun.reflect.GeneratedMethodAccessor365.invoke(Unknown Source)
	at sun.reflect.DelegatingMethodAccessorImpl.invoke(DelegatingMethodAccessorImpl.java:25)
	at java.lang.reflect.Method.invoke(Method.java:597)
	at org.jboss.aop.advice.PerJoinpointAdvice.invoke(PerJoinpointAdvice.java:174)
	at org.jboss.aop.joinpoint.MethodInvocation.invokeNext(MethodInvocation.java:102)
	at org.jboss.ejb3.interceptors.aop.InvocationContextInterceptor.fillMethod(InvocationContextInterceptor.java:74)
	at org.jboss.aop.advice.org.jboss.ejb3.interceptors.aop.InvocationContextInterceptor_z_fillMethod_1773080527.invoke(InvocationContextInterceptor_z_fillMethod_1773080527.java)
	at org.jboss.aop.joinpoint.MethodInvocation.invokeNext(MethodInvocation.java:102)
	at org.jboss.ejb3.interceptors.aop.InvocationContextInterceptor.setup(InvocationContextInterceptor.java:90)
	at org.jboss.aop.advice.org.jboss.ejb3.interceptors.aop.InvocationContextInterceptor_z_setup_1773080527.invoke(InvocationContextInterceptor_z_setup_1773080527.java)
	at org.jboss.aop.joinpoint.MethodInvocation.invokeNext(MethodInvocation.java:102)
	at org.jboss.ejb3.async.impl.interceptor.AsynchronousServerInterceptor.invoke(AsynchronousServerInterceptor.java:128)
	at org.jboss.aop.joinpoint.MethodInvocation.invokeNext(MethodInvocation.java:102)
	at org.jboss.ejb3.connectionmanager.CachedConnectionInterceptor.invoke(CachedConnectionInterceptor.java:62)
	at org.jboss.aop.joinpoint.MethodInvocation.invokeNext(MethodInvocation.java:102)
	at org.jboss.ejb3.entity.TransactionScopedEntityManagerInterceptor.invoke(TransactionScopedEntityManagerInterceptor.java:56)
	at org.jboss.aop.joinpoint.MethodInvocation.invokeNext(MethodInvocation.java:102)
	at org.jboss.ejb3.AllowedOperationsInterceptor.invoke(AllowedOperationsInterceptor.java:47)
	at org.jboss.aop.joinpoint.MethodInvocation.invokeNext(MethodInvocation.java:102)
	at org.jboss.ejb3.tx.NullInterceptor.invoke(NullInterceptor.java:42)
	at org.jboss.aop.joinpoint.MethodInvocation.invokeNext(MethodInvocation.java:102)
	at org.jboss.ejb3.stateless.StatelessInstanceInterceptor.invoke(StatelessInstanceInterceptor.java:68)
	at org.jboss.aop.joinpoint.MethodInvocation.invokeNext(MethodInvocation.java:102)
	at org.jboss.ejb3.core.context.SessionInvocationContextAdapter.proceed(SessionInvocationContextAdapter.java:95)
	at org.jboss.ejb3.tx2.impl.CMTTxInterceptor.invokeInCallerTx(CMTTxInterceptor.java:223)
	at org.jboss.ejb3.tx2.impl.CMTTxInterceptor.required(CMTTxInterceptor.java:353)
	at org.jboss.ejb3.tx2.impl.CMTTxInterceptor.invoke(CMTTxInterceptor.java:209)
	at org.jboss.ejb3.tx2.aop.CMTTxInterceptorWrapper.invoke(CMTTxInterceptorWrapper.java:52)
	at org.jboss.aop.joinpoint.MethodInvocation.invokeNext(MethodInvocation.java:102)
	at org.jboss.aspects.tx.TxPropagationInterceptor.invoke(TxPropagationInterceptor.java:76)
	at org.jboss.aop.joinpoint.MethodInvocation.invokeNext(MethodInvocation.java:102)
	at org.jboss.ejb3.tx.NullInterceptor.invoke(NullInterceptor.java:42)
	at org.jboss.aop.joinpoint.MethodInvocation.invokeNext(MethodInvocation.java:102)
	at org.jboss.ejb3.security.Ejb3AuthenticationInterceptorv2.invoke(Ejb3AuthenticationInterceptorv2.java:182)
	at org.jboss.aop.joinpoint.MethodInvocation.invokeNext(MethodInvocation.java:102)
	at org.jboss.ejb3.ENCPropagationInterceptor.invoke(ENCPropagationInterceptor.java:41)
	at org.jboss.aop.joinpoint.MethodInvocation.invokeNext(MethodInvocation.java:102)
	at org.jboss.ejb3.BlockContainerShutdownInterceptor.invoke(BlockContainerShutdownInterceptor.java:67)
	at org.jboss.aop.joinpoint.MethodInvocation.invokeNext(MethodInvocation.java:102)
	at org.jboss.ejb3.core.context.CurrentInvocationContextInterceptor.invoke(CurrentInvocationContextInterceptor.java:47)
	at org.jboss.aop.joinpoint.MethodInvocation.invokeNext(MethodInvocation.java:102)
	at org.jboss.aspects.currentinvocation.CurrentInvocationInterceptor.invoke(CurrentInvocationInterceptor.java:67)
	at org.jboss.aop.joinpoint.MethodInvocation.invokeNext(MethodInvocation.java:102)
	at org.jboss.ejb3.interceptor.EJB3TCCLInterceptor.invoke(EJB3TCCLInterceptor.java:86)
	at org.jboss.aop.joinpoint.MethodInvocation.invokeNext(MethodInvocation.java:102)
	at org.jboss.ejb3.session.SessionSpecContainer.invoke(SessionSpecContainer.java:333)
	at org.jboss.ejb3.session.SessionSpecContainer.invoke(SessionSpecContainer.java:390)
	at sun.reflect.GeneratedMethodAccessor802.invoke(Unknown Source)
	at sun.reflect.DelegatingMethodAccessorImpl.invoke(DelegatingMethodAccessorImpl.java:25)
	at java.lang.reflect.Method.invoke(Method.java:597)
	at org.jboss.ejb3.proxy.impl.handler.session.SessionLocalProxyInvocationHandler$LocalContainerInvocation.invokeTarget(SessionLocalProxyInvocationHandler.java:184)
	at org.jboss.aop.joinpoint.MethodInvocation.invokeNext(MethodInvocation.java:111)
	at org.jboss.ejb3.async.impl.interceptor.AsynchronousClientInterceptor.invoke(AsynchronousClientInterceptor.java:143)
	at org.jboss.aop.joinpoint.MethodInvocation.invokeNext(MethodInvocation.java:102)
	at org.jboss.ejb3.proxy.impl.handler.session.SessionLocalProxyInvocationHandler$LocalInvokableContextHandler.invoke(SessionLocalProxyInvocationHandler.java:159)
	at $Proxy212.invoke(Unknown Source)
	at org.jboss.ejb3.proxy.impl.handler.session.SessionProxyInvocationHandlerBase.invoke(SessionProxyInvocationHandlerBase.java:185)
	at $Proxy207.doLogin(Unknown Source)
	at com.elitecore.cpe.bl.controller.system.BSSUserAuthController.doLogin(BSSUserAuthController.java:35)
	at com.elitecore.cpe.bl.factory.system.user.UserFactory.doLogin(UserFactory.java:49)
	at com.elitecore.cpe.bl.factory.system.user.UserFactory.doLogin(UserFactory.java:57)
	at com.elitecore.cpe.bl.facade.system.user.UserFacade.doLogin(UserFacade.java:53)
	at sun.reflect.GeneratedMethodAccessor439.invoke(Unknown Source)
	at sun.reflect.DelegatingMethodAccessorImpl.invoke(DelegatingMethodAccessorImpl.java:25)
	at java.lang.reflect.Method.invoke(Method.java:597)
	at org.jboss.aop.joinpoint.MethodInvocation.invokeTarget(MethodInvocation.java:122)
	at org.jboss.aop.joinpoint.MethodInvocation.invokeNext(MethodInvocation.java:111)
	at org.jboss.ejb3.interceptors.container.ContainerMethodInvocationWrapper.invokeNext(ContainerMethodInvocationWrapper.java:72)
	at org.jboss.ejb3.interceptors.aop.InterceptorSequencer.invoke(InterceptorSequencer.java:76)
	at org.jboss.ejb3.interceptors.aop.InterceptorSequencer.aroundInvoke(InterceptorSequencer.java:62)
	at sun.reflect.GeneratedMethodAccessor365.invoke(Unknown Source)
	at sun.reflect.DelegatingMethodAccessorImpl.invoke(DelegatingMethodAccessorImpl.java:25)
	at java.lang.reflect.Method.invoke(Method.java:597)
	at org.jboss.aop.advice.PerJoinpointAdvice.invoke(PerJoinpointAdvice.java:174)
	at org.jboss.aop.joinpoint.MethodInvocation.invokeNext(MethodInvocation.java:102)
	at org.jboss.ejb3.interceptors.aop.InvocationContextInterceptor.fillMethod(InvocationContextInterceptor.java:74)
	at org.jboss.aop.advice.org.jboss.ejb3.interceptors.aop.InvocationContextInterceptor_z_fillMethod_1773080527.invoke(InvocationContextInterceptor_z_fillMethod_1773080527.java)
	at org.jboss.aop.joinpoint.MethodInvocation.invokeNext(MethodInvocation.java:102)
	at org.jboss.ejb3.interceptors.aop.InvocationContextInterceptor.setup(InvocationContextInterceptor.java:90)
	at org.jboss.aop.advice.org.jboss.ejb3.interceptors.aop.InvocationContextInterceptor_z_setup_1773080527.invoke(InvocationContextInterceptor_z_setup_1773080527.java)
	at org.jboss.aop.joinpoint.MethodInvocation.invokeNext(MethodInvocation.java:102)
	at org.jboss.ejb3.async.impl.interceptor.AsynchronousServerInterceptor.invoke(AsynchronousServerInterceptor.java:128)
	at org.jboss.aop.joinpoint.MethodInvocation.invokeNext(MethodInvocation.java:102)
	at org.jboss.ejb3.connectionmanager.CachedConnectionInterceptor.invoke(CachedConnectionInterceptor.java:62)
	at org.jboss.aop.joinpoint.MethodInvocation.invokeNext(MethodInvocation.java:102)
	at org.jboss.ejb3.entity.TransactionScopedEntityManagerInterceptor.invoke(TransactionScopedEntityManagerInterceptor.java:56)
	at org.jboss.aop.joinpoint.MethodInvocation.invokeNext(MethodInvocation.java:102)
	at org.jboss.ejb3.AllowedOperationsInterceptor.invoke(AllowedOperationsInterceptor.java:47)
	at org.jboss.aop.joinpoint.MethodInvocation.invokeNext(MethodInvocation.java:102)
	at org.jboss.ejb3.tx.NullInterceptor.invoke(NullInterceptor.java:42)
	at org.jboss.aop.joinpoint.MethodInvocation.invokeNext(MethodInvocation.java:102)
	at org.jboss.ejb3.stateless.StatelessInstanceInterceptor.invoke(StatelessInstanceInterceptor.java:68)
	at org.jboss.aop.joinpoint.MethodInvocation.invokeNext(MethodInvocation.java:102)
	at org.jboss.ejb3.core.context.SessionInvocationContextAdapter.proceed(SessionInvocationContextAdapter.java:95)
	at org.jboss.ejb3.tx2.impl.CMTTxInterceptor.invokeInOurTx(CMTTxInterceptor.java:247)
	at org.jboss.ejb3.tx2.impl.CMTTxInterceptor.required(CMTTxInterceptor.java:349)
	at org.jboss.ejb3.tx2.impl.CMTTxInterceptor.invoke(CMTTxInterceptor.java:209)
	at org.jboss.ejb3.tx2.aop.CMTTxInterceptorWrapper.invoke(CMTTxInterceptorWrapper.java:52)
	at org.jboss.aop.joinpoint.MethodInvocation.invokeNext(MethodInvocation.java:102)
	at org.jboss.aspects.tx.TxPropagationInterceptor.invoke(TxPropagationInterceptor.java:76)
	at org.jboss.aop.joinpoint.MethodInvocation.invokeNext(MethodInvocation.java:102)
	at org.jboss.ejb3.tx.NullInterceptor.invoke(NullInterceptor.java:42)
	at org.jboss.aop.joinpoint.MethodInvocation.invokeNext(MethodInvocation.java:102)
	at org.jboss.ejb3.security.Ejb3AuthenticationInterceptorv2.invoke(Ejb3AuthenticationInterceptorv2.java:182)
	at org.jboss.aop.joinpoint.MethodInvocation.invokeNext(MethodInvocation.java:102)
	at org.jboss.ejb3.ENCPropagationInterceptor.invoke(ENCPropagationInterceptor.java:41)
	at org.jboss.aop.joinpoint.MethodInvocation.invokeNext(MethodInvocation.java:102)
	at org.jboss.ejb3.BlockContainerShutdownInterceptor.invoke(BlockContainerShutdownInterceptor.java:67)
	at org.jboss.aop.joinpoint.MethodInvocation.invokeNext(MethodInvocation.java:102)
	at org.jboss.ejb3.core.context.CurrentInvocationContextInterceptor.invoke(CurrentInvocationContextInterceptor.java:47)
	at org.jboss.aop.joinpoint.MethodInvocation.invokeNext(MethodInvocation.java:102)
	at org.jboss.aspects.currentinvocation.CurrentInvocationInterceptor.invoke(CurrentInvocationInterceptor.java:67)
	at org.jboss.aop.joinpoint.MethodInvocation.invokeNext(MethodInvocation.java:102)
	at org.jboss.ejb3.interceptor.EJB3TCCLInterceptor.invoke(EJB3TCCLInterceptor.java:86)
	at org.jboss.aop.joinpoint.MethodInvocation.invokeNext(MethodInvocation.java:102)
	at org.jboss.ejb3.stateless.StatelessContainer.dynamicInvoke(StatelessContainer.java:392)
	at org.jboss.ejb3.session.InvokableContextClassProxyHack._dynamicInvoke(InvokableContextClassProxyHack.java:53)
	at org.jboss.aop.Dispatcher.invoke(Dispatcher.java:91)
	at org.jboss.aspects.remoting.AOPRemotingInvocationHandler.invoke(AOPRemotingInvocationHandler.java:82)
	at org.jboss.remoting.ServerInvoker.invoke(ServerInvoker.java:967)
	at org.jboss.remoting.transport.socket.ServerThread.completeInvocation(ServerThread.java:791)
	at org.jboss.remoting.transport.socket.ServerThread.processInvocation(ServerThread.java:744)
	at org.jboss.remoting.transport.socket.ServerThread.dorun(ServerThread.java:548)
	at org.jboss.remoting.transport.socket.ServerThread.run(ServerThread.java:234)
	at org.jboss.remoting.MicroRemoteClientInvoker.invoke(MicroRemoteClientInvoker.java:218)
	at org.jboss.remoting.Client.invoke(Client.java:2070)
	at org.jboss.remoting.Client.invoke(Client.java:879)
	at org.jboss.aspects.remoting.InvokeRemoteInterceptor.invoke(InvokeRemoteInterceptor.java:60)
	at org.jboss.aop.joinpoint.MethodInvocation.invokeNext(MethodInvocation.java:102)
	at org.jboss.aspects.tx.ClientTxPropagationInterceptor.invoke(ClientTxPropagationInterceptor.java:61)
	at org.jboss.aop.joinpoint.MethodInvocation.invokeNext(MethodInvocation.java:102)
	at org.jboss.ejb3.security.client.SecurityClientInterceptor.invoke(SecurityClientInterceptor.java:65)
	at org.jboss.aop.joinpoint.MethodInvocation.invokeNext(MethodInvocation.java:102)
	at org.jboss.ejb3.remoting.IsLocalInterceptor.invoke(IsLocalInterceptor.java:77)
	at org.jboss.aop.joinpoint.MethodInvocation.invokeNext(MethodInvocation.java:102)
	at org.jboss.ejb3.async.impl.interceptor.AsynchronousClientInterceptor.invoke(AsynchronousClientInterceptor.java:143)
	at org.jboss.aop.joinpoint.MethodInvocation.invokeNext(MethodInvocation.java:102)
	at org.jboss.aspects.remoting.PojiProxy.invoke(PojiProxy.java:62)
	at $Proxy8.invoke(Unknown Source)
	at org.jboss.ejb3.proxy.impl.handler.session.SessionProxyInvocationHandlerBase.invoke(SessionProxyInvocationHandlerBase.java:185)
	at $Proxy7.doLogin(Unknown Source)
	at com.elitecore.cpe.bl.delegates.system.user.UserBD.doLogin(Unknown Source)
	at com.elitecore.test.base.BaseTestCase.getBDSessionContext(Unknown Source)
	at com.elitecore.test.attributemgt.AttributeTestCase.testAttributeCreate(Unknown Source)
	at sun.reflect.NativeMethodAccessorImpl.invoke0(Native Method)
	at sun.reflect.NativeMethodAccessorImpl.invoke(NativeMethodAccessorImpl.java:39)
	at sun.reflect.DelegatingMethodAccessorImpl.invoke(DelegatingMethodAccessorImpl.java:25)
	at java.lang.reflect.Method.invoke(Method.java:597)
	at junit.framework.TestCase.runTest(TestCase.java:176)
	at junit.framework.TestCase.runBare(TestCase.java:141)
	at junit.framework.TestResult$1.protect(TestResult.java:122)
	at junit.framework.TestResult.runProtected(TestResult.java:142)
	at junit.framework.TestResult.run(TestResult.java:125)
	at junit.framework.TestCase.run(TestCase.java:129)
	at junit.framework.TestSuite.runTest(TestSuite.java:255)
	at junit.framework.TestSuite.run(TestSuite.java:250)
	at org.apache.tools.ant.taskdefs.optional.junit.JUnitTestRunner.run(JUnitTestRunner.java:532)
	at org.apache.tools.ant.taskdefs.optional.junit.JUnitTestRunner.launch(JUnitTestRunner.java:1179)
	at org.apache.tools.ant.taskdefs.optional.junit.JUnitTestRunner.main(JUnitTestRunner.java:1030)
	at org.jboss.aspects.remoting.InvokeRemoteInterceptor.invoke(InvokeRemoteInterceptor.java:72)
	at org.jboss.aop.joinpoint.MethodInvocation.invokeNext(MethodInvocation.java:102)
	at org.jboss.aspects.tx.ClientTxPropagationInterceptor.invoke(ClientTxPropagationInterceptor.java:61)
	at org.jboss.aop.joinpoint.MethodInvocation.invokeNext(MethodInvocation.java:102)
	at org.jboss.ejb3.security.client.SecurityClientInterceptor.invoke(SecurityClientInterceptor.java:65)
	at org.jboss.aop.joinpoint.MethodInvocation.invokeNext(MethodInvocation.java:102)
	at org.jboss.ejb3.remoting.IsLocalInterceptor.invoke(IsLocalInterceptor.java:77)
	at org.jboss.aop.joinpoint.MethodInvocation.invokeNext(MethodInvocation.java:102)
	at org.jboss.ejb3.async.impl.interceptor.AsynchronousClientInterceptor.invoke(AsynchronousClientInterceptor.java:143)
	at org.jboss.aop.joinpoint.MethodInvocation.invokeNext(MethodInvocation.java:102)
	at org.jboss.aspects.remoting.PojiProxy.invoke(PojiProxy.java:62)
	at $Proxy8.invoke(Unknown Source)
	at org.jboss.ejb3.proxy.impl.handler.session.SessionProxyInvocationHandlerBase.invoke(SessionProxyInvocationHandlerBase.java:185)
	at $Proxy7.doLogin(Unknown Source)
	at com.elitecore.cpe.bl.delegates.system.user.UserBD.doLogin(Unknown Source)
	at com.elitecore.test.base.BaseTestCase.getBDSessionContext(Unknown Source)
	at com.elitecore.test.attributemgt.AttributeTestCase.testAttributeCreate(Unknown Source)
	at sun.reflect.NativeMethodAccessorImpl.invoke0(Native Method)
	at sun.reflect.NativeMethodAccessorImpl.invoke(NativeMethodAccessorImpl.java:39)
	at sun.reflect.DelegatingMethodAccessorImpl.invoke(DelegatingMethodAccessorImpl.java:25)
	at java.lang.reflect.Method.invoke(Method.java:597)
	at junit.framework.TestCase.runTest(TestCase.java:176)
	at junit.framework.TestCase.runBare(TestCase.java:141)
	at junit.framework.TestResult$1.protect(TestResult.java:122)
	at junit.framework.TestResult.runProtected(TestResult.java:142)
	at junit.framework.TestResult.run(TestResult.java:125)
	at junit.framework.TestCase.run(TestCase.java:129)
	at junit.framework.TestSuite.runTest(TestSuite.java:255)
	at junit.framework.TestSuite.run(TestSuite.java:250)
	at org.apache.tools.ant.taskdefs.optional.junit.JUnitTestRunner.run(JUnitTestRunner.java:532)
	at org.apache.tools.ant.taskdefs.optional.junit.JUnitTestRunner.launch(JUnitTestRunner.java:1179)
	at org.apache.tools.ant.taskdefs.optional.junit.JUnitTestRunner.main(JUnitTestRunner.java:1030)
java.lang.NullPointerException
	at com.elitecore.test.attributemgt.AttributeTestCase.testAttributeCreate(Unknown Source)
	at sun.reflect.NativeMethodAccessorImpl.invoke0(Native Method)
	at sun.reflect.NativeMethodAccessorImpl.invoke(NativeMethodAccessorImpl.java:39)
	at sun.reflect.DelegatingMethodAccessorImpl.invoke(DelegatingMethodAccessorImpl.java:25)
	at java.lang.reflect.Method.invoke(Method.java:597)
	at junit.framework.TestCase.runTest(TestCase.java:176)
	at junit.framework.TestCase.runBare(TestCase.java:141)
	at junit.framework.TestResult$1.protect(TestResult.java:122)
	at junit.framework.TestResult.runProtected(TestResult.java:142)
	at junit.framework.TestResult.run(TestResult.java:125)
	at junit.framework.TestCase.run(TestCase.java:129)
	at junit.framework.TestSuite.runTest(TestSuite.java:255)
	at junit.framework.TestSuite.run(TestSuite.java:250)
	at org.apache.tools.ant.taskdefs.optional.junit.JUnitTestRunner.run(JUnitTestRunner.java:532)
	at org.apache.tools.ant.taskdefs.optional.junit.JUnitTestRunner.launch(JUnitTestRunner.java:1179)
	at org.apache.tools.ant.taskdefs.optional.junit.JUnitTestRunner.main(JUnitTestRunner.java:1030)
com.elitecore.cpe.bl.exception.AccessDeniedException: Invalid Userame / Password
	at com.elitecore.cpe.bl.facade.bss.user.BSSUserFacade.doLogin(BSSUserFacade.java:152)
	at sun.reflect.GeneratedMethodAccessor440.invoke(Unknown Source)
	at sun.reflect.DelegatingMethodAccessorImpl.invoke(DelegatingMethodAccessorImpl.java:25)
	at java.lang.reflect.Method.invoke(Method.java:597)
	at org.jboss.aop.joinpoint.MethodInvocation.invokeTarget(MethodInvocation.java:122)
	at org.jboss.aop.joinpoint.MethodInvocation.invokeNext(MethodInvocation.java:111)
	at org.jboss.ejb3.interceptors.container.ContainerMethodInvocationWrapper.invokeNext(ContainerMethodInvocationWrapper.java:72)
	at org.jboss.ejb3.interceptors.aop.InterceptorSequencer.invoke(InterceptorSequencer.java:76)
	at org.jboss.ejb3.interceptors.aop.InterceptorSequencer.aroundInvoke(InterceptorSequencer.java:62)
	at sun.reflect.GeneratedMethodAccessor365.invoke(Unknown Source)
	at sun.reflect.DelegatingMethodAccessorImpl.invoke(DelegatingMethodAccessorImpl.java:25)
	at java.lang.reflect.Method.invoke(Method.java:597)
	at org.jboss.aop.advice.PerJoinpointAdvice.invoke(PerJoinpointAdvice.java:174)
	at org.jboss.aop.joinpoint.MethodInvocation.invokeNext(MethodInvocation.java:102)
	at org.jboss.ejb3.interceptors.aop.InvocationContextInterceptor.fillMethod(InvocationContextInterceptor.java:74)
	at org.jboss.aop.advice.org.jboss.ejb3.interceptors.aop.InvocationContextInterceptor_z_fillMethod_1773080527.invoke(InvocationContextInterceptor_z_fillMethod_1773080527.java)
	at org.jboss.aop.joinpoint.MethodInvocation.invokeNext(MethodInvocation.java:102)
	at org.jboss.ejb3.interceptors.aop.InvocationContextInterceptor.setup(InvocationContextInterceptor.java:90)
	at org.jboss.aop.advice.org.jboss.ejb3.interceptors.aop.InvocationContextInterceptor_z_setup_1773080527.invoke(InvocationContextInterceptor_z_setup_1773080527.java)
	at org.jboss.aop.joinpoint.MethodInvocation.invokeNext(MethodInvocation.java:102)
	at org.jboss.ejb3.async.impl.interceptor.AsynchronousServerInterceptor.invoke(AsynchronousServerInterceptor.java:128)
	at org.jboss.aop.joinpoint.MethodInvocation.invokeNext(MethodInvocation.java:102)
	at org.jboss.ejb3.connectionmanager.CachedConnectionInterceptor.invoke(CachedConnectionInterceptor.java:62)
	at org.jboss.aop.joinpoint.MethodInvocation.invokeNext(MethodInvocation.java:102)
	at org.jboss.ejb3.entity.TransactionScopedEntityManagerInterceptor.invoke(TransactionScopedEntityManagerInterceptor.java:56)
	at org.jboss.aop.joinpoint.MethodInvocation.invokeNext(MethodInvocation.java:102)
	at org.jboss.ejb3.AllowedOperationsInterceptor.invoke(AllowedOperationsInterceptor.java:47)
	at org.jboss.aop.joinpoint.MethodInvocation.invokeNext(MethodInvocation.java:102)
	at org.jboss.ejb3.tx.NullInterceptor.invoke(NullInterceptor.java:42)
	at org.jboss.aop.joinpoint.MethodInvocation.invokeNext(MethodInvocation.java:102)
	at org.jboss.ejb3.stateless.StatelessInstanceInterceptor.invoke(StatelessInstanceInterceptor.java:68)
	at org.jboss.aop.joinpoint.MethodInvocation.invokeNext(MethodInvocation.java:102)
	at org.jboss.ejb3.core.context.SessionInvocationContextAdapter.proceed(SessionInvocationContextAdapter.java:95)
	at org.jboss.ejb3.tx2.impl.CMTTxInterceptor.invokeInCallerTx(CMTTxInterceptor.java:223)
	at org.jboss.ejb3.tx2.impl.CMTTxInterceptor.required(CMTTxInterceptor.java:353)
	at org.jboss.ejb3.tx2.impl.CMTTxInterceptor.invoke(CMTTxInterceptor.java:209)
	at org.jboss.ejb3.tx2.aop.CMTTxInterceptorWrapper.invoke(CMTTxInterceptorWrapper.java:52)
	at org.jboss.aop.joinpoint.MethodInvocation.invokeNext(MethodInvocation.java:102)
	at org.jboss.aspects.tx.TxPropagationInterceptor.invoke(TxPropagationInterceptor.java:76)
	at org.jboss.aop.joinpoint.MethodInvocation.invokeNext(MethodInvocation.java:102)
	at org.jboss.ejb3.tx.NullInterceptor.invoke(NullInterceptor.java:42)
	at org.jboss.aop.joinpoint.MethodInvocation.invokeNext(MethodInvocation.java:102)
	at org.jboss.ejb3.security.Ejb3AuthenticationInterceptorv2.invoke(Ejb3AuthenticationInterceptorv2.java:182)
	at org.jboss.aop.joinpoint.MethodInvocation.invokeNext(MethodInvocation.java:102)
	at org.jboss.ejb3.ENCPropagationInterceptor.invoke(ENCPropagationInterceptor.java:41)
	at org.jboss.aop.joinpoint.MethodInvocation.invokeNext(MethodInvocation.java:102)
	at org.jboss.ejb3.BlockContainerShutdownInterceptor.invoke(BlockContainerShutdownInterceptor.java:67)
	at org.jboss.aop.joinpoint.MethodInvocation.invokeNext(MethodInvocation.java:102)
	at org.jboss.ejb3.core.context.CurrentInvocationContextInterceptor.invoke(CurrentInvocationContextInterceptor.java:47)
	at org.jboss.aop.joinpoint.MethodInvocation.invokeNext(MethodInvocation.java:102)
	at org.jboss.aspects.currentinvocation.CurrentInvocationInterceptor.invoke(CurrentInvocationInterceptor.java:67)
	at org.jboss.aop.joinpoint.MethodInvocation.invokeNext(MethodInvocation.java:102)
	at org.jboss.ejb3.interceptor.EJB3TCCLInterceptor.invoke(EJB3TCCLInterceptor.java:86)
	at org.jboss.aop.joinpoint.MethodInvocation.invokeNext(MethodInvocation.java:102)
	at org.jboss.ejb3.session.SessionSpecContainer.invoke(SessionSpecContainer.java:333)
	at org.jboss.ejb3.session.SessionSpecContainer.invoke(SessionSpecContainer.java:390)
	at sun.reflect.GeneratedMethodAccessor802.invoke(Unknown Source)
	at sun.reflect.DelegatingMethodAccessorImpl.invoke(DelegatingMethodAccessorImpl.java:25)
	at java.lang.reflect.Method.invoke(Method.java:597)
	at org.jboss.ejb3.proxy.impl.handler.session.SessionLocalProxyInvocationHandler$LocalContainerInvocation.invokeTarget(SessionLocalProxyInvocationHandler.java:184)
	at org.jboss.aop.joinpoint.MethodInvocation.invokeNext(MethodInvocation.java:111)
	at org.jboss.ejb3.async.impl.interceptor.AsynchronousClientInterceptor.invoke(AsynchronousClientInterceptor.java:143)
	at org.jboss.aop.joinpoint.MethodInvocation.invokeNext(MethodInvocation.java:102)
	at org.jboss.ejb3.proxy.impl.handler.session.SessionLocalProxyInvocationHandler$LocalInvokableContextHandler.invoke(SessionLocalProxyInvocationHandler.java:159)
	at $Proxy212.invoke(Unknown Source)
	at org.jboss.ejb3.proxy.impl.handler.session.SessionProxyInvocationHandlerBase.invoke(SessionProxyInvocationHandlerBase.java:185)
	at $Proxy207.doLogin(Unknown Source)
	at com.elitecore.cpe.bl.controller.system.BSSUserAuthController.doLogin(BSSUserAuthController.java:35)
	at com.elitecore.cpe.bl.factory.system.user.UserFactory.doLogin(UserFactory.java:49)
	at com.elitecore.cpe.bl.factory.system.user.UserFactory.doLogin(UserFactory.java:57)
	at com.elitecore.cpe.bl.facade.system.user.UserFacade.doLogin(UserFacade.java:53)
	at sun.reflect.GeneratedMethodAccessor439.invoke(Unknown Source)
	at sun.reflect.DelegatingMethodAccessorImpl.invoke(DelegatingMethodAccessorImpl.java:25)
	at java.lang.reflect.Method.invoke(Method.java:597)
	at org.jboss.aop.joinpoint.MethodInvocation.invokeTarget(MethodInvocation.java:122)
	at org.jboss.aop.joinpoint.MethodInvocation.invokeNext(MethodInvocation.java:111)
	at org.jboss.ejb3.interceptors.container.ContainerMethodInvocationWrapper.invokeNext(ContainerMethodInvocationWrapper.java:72)
	at org.jboss.ejb3.interceptors.aop.InterceptorSequencer.invoke(InterceptorSequencer.java:76)
	at org.jboss.ejb3.interceptors.aop.InterceptorSequencer.aroundInvoke(InterceptorSequencer.java:62)
	at sun.reflect.GeneratedMethodAccessor365.invoke(Unknown Source)
	at sun.reflect.DelegatingMethodAccessorImpl.invoke(DelegatingMethodAccessorImpl.java:25)
	at java.lang.reflect.Method.invoke(Method.java:597)
	at org.jboss.aop.advice.PerJoinpointAdvice.invoke(PerJoinpointAdvice.java:174)
	at org.jboss.aop.joinpoint.MethodInvocation.invokeNext(MethodInvocation.java:102)
	at org.jboss.ejb3.interceptors.aop.InvocationContextInterceptor.fillMethod(InvocationContextInterceptor.java:74)
	at org.jboss.aop.advice.org.jboss.ejb3.interceptors.aop.InvocationContextInterceptor_z_fillMethod_1773080527.invoke(InvocationContextInterceptor_z_fillMethod_1773080527.java)
	at org.jboss.aop.joinpoint.MethodInvocation.invokeNext(MethodInvocation.java:102)
	at org.jboss.ejb3.interceptors.aop.InvocationContextInterceptor.setup(InvocationContextInterceptor.java:90)
	at org.jboss.aop.advice.org.jboss.ejb3.interceptors.aop.InvocationContextInterceptor_z_setup_1773080527.invoke(InvocationContextInterceptor_z_setup_1773080527.java)
	at org.jboss.aop.joinpoint.MethodInvocation.invokeNext(MethodInvocation.java:102)
	at org.jboss.ejb3.async.impl.interceptor.AsynchronousServerInterceptor.invoke(AsynchronousServerInterceptor.java:128)
	at org.jboss.aop.joinpoint.MethodInvocation.invokeNext(MethodInvocation.java:102)
	at org.jboss.ejb3.connectionmanager.CachedConnectionInterceptor.invoke(CachedConnectionInterceptor.java:62)
	at org.jboss.aop.joinpoint.MethodInvocation.invokeNext(MethodInvocation.java:102)
	at org.jboss.ejb3.entity.TransactionScopedEntityManagerInterceptor.invoke(TransactionScopedEntityManagerInterceptor.java:56)
	at org.jboss.aop.joinpoint.MethodInvocation.invokeNext(MethodInvocation.java:102)
	at org.jboss.ejb3.AllowedOperationsInterceptor.invoke(AllowedOperationsInterceptor.java:47)
	at org.jboss.aop.joinpoint.MethodInvocation.invokeNext(MethodInvocation.java:102)
	at org.jboss.ejb3.tx.NullInterceptor.invoke(NullInterceptor.java:42)
	at org.jboss.aop.joinpoint.MethodInvocation.invokeNext(MethodInvocation.java:102)
	at org.jboss.ejb3.stateless.StatelessInstanceInterceptor.invoke(StatelessInstanceInterceptor.java:68)
	at org.jboss.aop.joinpoint.MethodInvocation.invokeNext(MethodInvocation.java:102)
	at org.jboss.ejb3.core.context.SessionInvocationContextAdapter.proceed(SessionInvocationContextAdapter.java:95)
	at org.jboss.ejb3.tx2.impl.CMTTxInterceptor.invokeInOurTx(CMTTxInterceptor.java:247)
	at org.jboss.ejb3.tx2.impl.CMTTxInterceptor.required(CMTTxInterceptor.java:349)
	at org.jboss.ejb3.tx2.impl.CMTTxInterceptor.invoke(CMTTxInterceptor.java:209)
	at org.jboss.ejb3.tx2.aop.CMTTxInterceptorWrapper.invoke(CMTTxInterceptorWrapper.java:52)
	at org.jboss.aop.joinpoint.MethodInvocation.invokeNext(MethodInvocation.java:102)
	at org.jboss.aspects.tx.TxPropagationInterceptor.invoke(TxPropagationInterceptor.java:76)
	at org.jboss.aop.joinpoint.MethodInvocation.invokeNext(MethodInvocation.java:102)
	at org.jboss.ejb3.tx.NullInterceptor.invoke(NullInterceptor.java:42)
	at org.jboss.aop.joinpoint.MethodInvocation.invokeNext(MethodInvocation.java:102)
	at org.jboss.ejb3.security.Ejb3AuthenticationInterceptorv2.invoke(Ejb3AuthenticationInterceptorv2.java:182)
	at org.jboss.aop.joinpoint.MethodInvocation.invokeNext(MethodInvocation.java:102)
	at org.jboss.ejb3.ENCPropagationInterceptor.invoke(ENCPropagationInterceptor.java:41)
	at org.jboss.aop.joinpoint.MethodInvocation.invokeNext(MethodInvocation.java:102)
	at org.jboss.ejb3.BlockContainerShutdownInterceptor.invoke(BlockContainerShutdownInterceptor.java:67)
	at org.jboss.aop.joinpoint.MethodInvocation.invokeNext(MethodInvocation.java:102)
	at org.jboss.ejb3.core.context.CurrentInvocationContextInterceptor.invoke(CurrentInvocationContextInterceptor.java:47)
	at org.jboss.aop.joinpoint.MethodInvocation.invokeNext(MethodInvocation.java:102)
	at org.jboss.aspects.currentinvocation.CurrentInvocationInterceptor.invoke(CurrentInvocationInterceptor.java:67)
	at org.jboss.aop.joinpoint.MethodInvocation.invokeNext(MethodInvocation.java:102)
	at org.jboss.ejb3.interceptor.EJB3TCCLInterceptor.invoke(EJB3TCCLInterceptor.java:86)
	at org.jboss.aop.joinpoint.MethodInvocation.invokeNext(MethodInvocation.java:102)
	at org.jboss.ejb3.stateless.StatelessContainer.dynamicInvoke(StatelessContainer.java:392)
	at org.jboss.ejb3.session.InvokableContextClassProxyHack._dynamicInvoke(InvokableContextClassProxyHack.java:53)
	at org.jboss.aop.Dispatcher.invoke(Dispatcher.java:91)
	at org.jboss.aspects.remoting.AOPRemotingInvocationHandler.invoke(AOPRemotingInvocationHandler.java:82)
	at org.jboss.remoting.ServerInvoker.invoke(ServerInvoker.java:967)
	at org.jboss.remoting.transport.socket.ServerThread.completeInvocation(ServerThread.java:791)
	at org.jboss.remoting.transport.socket.ServerThread.processInvocation(ServerThread.java:744)
	at org.jboss.remoting.transport.socket.ServerThread.dorun(ServerThread.java:548)
	at org.jboss.remoting.transport.socket.ServerThread.run(ServerThread.java:234)
	at org.jboss.remoting.MicroRemoteClientInvoker.invoke(MicroRemoteClientInvoker.java:218)
	at org.jboss.remoting.Client.invoke(Client.java:2070)
	at org.jboss.remoting.Client.invoke(Client.java:879)
	at org.jboss.aspects.remoting.InvokeRemoteInterceptor.invoke(InvokeRemoteInterceptor.java:60)
	at org.jboss.aop.joinpoint.MethodInvocation.invokeNext(MethodInvocation.java:102)
	at org.jboss.aspects.tx.ClientTxPropagationInterceptor.invoke(ClientTxPropagationInterceptor.java:61)
	at org.jboss.aop.joinpoint.MethodInvocation.invokeNext(MethodInvocation.java:102)
	at org.jboss.ejb3.security.client.SecurityClientInterceptor.invoke(SecurityClientInterceptor.java:65)
	at org.jboss.aop.joinpoint.MethodInvocation.invokeNext(MethodInvocation.java:102)
	at org.jboss.ejb3.remoting.IsLocalInterceptor.invoke(IsLocalInterceptor.java:77)
	at org.jboss.aop.joinpoint.MethodInvocation.invokeNext(MethodInvocation.java:102)
	at org.jboss.ejb3.async.impl.interceptor.AsynchronousClientInterceptor.invoke(AsynchronousClientInterceptor.java:143)
	at org.jboss.aop.joinpoint.MethodInvocation.invokeNext(MethodInvocation.java:102)
	at org.jboss.aspects.remoting.PojiProxy.invoke(PojiProxy.java:62)
	at $Proxy8.invoke(Unknown Source)
	at org.jboss.ejb3.proxy.impl.handler.session.SessionProxyInvocationHandlerBase.invoke(SessionProxyInvocationHandlerBase.java:185)
	at $Proxy7.doLogin(Unknown Source)
	at com.elitecore.cpe.bl.delegates.system.user.UserBD.doLogin(Unknown Source)
	at com.elitecore.test.base.BaseTestCase.getBDSessionContext(Unknown Source)
	at com.elitecore.test.attributemgt.AttributeTestCase.setUp(Unknown Source)
	at junit.framework.TestCase.runBare(TestCase.java:139)
	at junit.framework.TestResult$1.protect(TestResult.java:122)
	at junit.framework.TestResult.runProtected(TestResult.java:142)
	at junit.framework.TestResult.run(TestResult.java:125)
	at junit.framework.TestCase.run(TestCase.java:129)
	at junit.framework.TestSuite.runTest(TestSuite.java:255)
	at junit.framework.TestSuite.run(TestSuite.java:250)
	at org.apache.tools.ant.taskdefs.optional.junit.JUnitTestRunner.run(JUnitTestRunner.java:532)
	at org.apache.tools.ant.taskdefs.optional.junit.JUnitTestRunner.launch(JUnitTestRunner.java:1179)
	at org.apache.tools.ant.taskdefs.optional.junit.JUnitTestRunner.main(JUnitTestRunner.java:1030)
	at org.jboss.aspects.remoting.InvokeRemoteInterceptor.invoke(InvokeRemoteInterceptor.java:72)
	at org.jboss.aop.joinpoint.MethodInvocation.invokeNext(MethodInvocation.java:102)
	at org.jboss.aspects.tx.ClientTxPropagationInterceptor.invoke(ClientTxPropagationInterceptor.java:61)
	at org.jboss.aop.joinpoint.MethodInvocation.invokeNext(MethodInvocation.java:102)
	at org.jboss.ejb3.security.client.SecurityClientInterceptor.invoke(SecurityClientInterceptor.java:65)
	at org.jboss.aop.joinpoint.MethodInvocation.invokeNext(MethodInvocation.java:102)
	at org.jboss.ejb3.remoting.IsLocalInterceptor.invoke(IsLocalInterceptor.java:77)
	at org.jboss.aop.joinpoint.MethodInvocation.invokeNext(MethodInvocation.java:102)
	at org.jboss.ejb3.async.impl.interceptor.AsynchronousClientInterceptor.invoke(AsynchronousClientInterceptor.java:143)
	at org.jboss.aop.joinpoint.MethodInvocation.invokeNext(MethodInvocation.java:102)
	at org.jboss.aspects.remoting.PojiProxy.invoke(PojiProxy.java:62)
	at $Proxy8.invoke(Unknown Source)
	at org.jboss.ejb3.proxy.impl.handler.session.SessionProxyInvocationHandlerBase.invoke(SessionProxyInvocationHandlerBase.java:185)
	at $Proxy7.doLogin(Unknown Source)
	at com.elitecore.cpe.bl.delegates.system.user.UserBD.doLogin(Unknown Source)
	at com.elitecore.test.base.BaseTestCase.getBDSessionContext(Unknown Source)
	at com.elitecore.test.attributemgt.AttributeTestCase.setUp(Unknown Source)
	at junit.framework.TestCase.runBare(TestCase.java:139)
	at junit.framework.TestResult$1.protect(TestResult.java:122)
	at junit.framework.TestResult.runProtected(TestResult.java:142)
	at junit.framework.TestResult.run(TestResult.java:125)
	at junit.framework.TestCase.run(TestCase.java:129)
	at junit.framework.TestSuite.runTest(TestSuite.java:255)
	at junit.framework.TestSuite.run(TestSuite.java:250)
	at org.apache.tools.ant.taskdefs.optional.junit.JUnitTestRunner.run(JUnitTestRunner.java:532)
	at org.apache.tools.ant.taskdefs.optional.junit.JUnitTestRunner.launch(JUnitTestRunner.java:1179)
	at org.apache.tools.ant.taskdefs.optional.junit.JUnitTestRunner.main(JUnitTestRunner.java:1030)
com.elitecore.cpe.bl.exception.AccessDeniedException: Invalid Userame / Password
	at com.elitecore.cpe.bl.facade.bss.user.BSSUserFacade.doLogin(BSSUserFacade.java:152)
	at sun.reflect.GeneratedMethodAccessor440.invoke(Unknown Source)
	at sun.reflect.DelegatingMethodAccessorImpl.invoke(DelegatingMethodAccessorImpl.java:25)
	at java.lang.reflect.Method.invoke(Method.java:597)
	at org.jboss.aop.joinpoint.MethodInvocation.invokeTarget(MethodInvocation.java:122)
	at org.jboss.aop.joinpoint.MethodInvocation.invokeNext(MethodInvocation.java:111)
	at org.jboss.ejb3.interceptors.container.ContainerMethodInvocationWrapper.invokeNext(ContainerMethodInvocationWrapper.java:72)
	at org.jboss.ejb3.interceptors.aop.InterceptorSequencer.invoke(InterceptorSequencer.java:76)
	at org.jboss.ejb3.interceptors.aop.InterceptorSequencer.aroundInvoke(InterceptorSequencer.java:62)
	at sun.reflect.GeneratedMethodAccessor365.invoke(Unknown Source)
	at sun.reflect.DelegatingMethodAccessorImpl.invoke(DelegatingMethodAccessorImpl.java:25)
	at java.lang.reflect.Method.invoke(Method.java:597)
	at org.jboss.aop.advice.PerJoinpointAdvice.invoke(PerJoinpointAdvice.java:174)
	at org.jboss.aop.joinpoint.MethodInvocation.invokeNext(MethodInvocation.java:102)
	at org.jboss.ejb3.interceptors.aop.InvocationContextInterceptor.fillMethod(InvocationContextInterceptor.java:74)
	at org.jboss.aop.advice.org.jboss.ejb3.interceptors.aop.InvocationContextInterceptor_z_fillMethod_1773080527.invoke(InvocationContextInterceptor_z_fillMethod_1773080527.java)
	at org.jboss.aop.joinpoint.MethodInvocation.invokeNext(MethodInvocation.java:102)
	at org.jboss.ejb3.interceptors.aop.InvocationContextInterceptor.setup(InvocationContextInterceptor.java:90)
	at org.jboss.aop.advice.org.jboss.ejb3.interceptors.aop.InvocationContextInterceptor_z_setup_1773080527.invoke(InvocationContextInterceptor_z_setup_1773080527.java)
	at org.jboss.aop.joinpoint.MethodInvocation.invokeNext(MethodInvocation.java:102)
	at org.jboss.ejb3.async.impl.interceptor.AsynchronousServerInterceptor.invoke(AsynchronousServerInterceptor.java:128)
	at org.jboss.aop.joinpoint.MethodInvocation.invokeNext(MethodInvocation.java:102)
	at org.jboss.ejb3.connectionmanager.CachedConnectionInterceptor.invoke(CachedConnectionInterceptor.java:62)
	at org.jboss.aop.joinpoint.MethodInvocation.invokeNext(MethodInvocation.java:102)
	at org.jboss.ejb3.entity.TransactionScopedEntityManagerInterceptor.invoke(TransactionScopedEntityManagerInterceptor.java:56)
	at org.jboss.aop.joinpoint.MethodInvocation.invokeNext(MethodInvocation.java:102)
	at org.jboss.ejb3.AllowedOperationsInterceptor.invoke(AllowedOperationsInterceptor.java:47)
	at org.jboss.aop.joinpoint.MethodInvocation.invokeNext(MethodInvocation.java:102)
	at org.jboss.ejb3.tx.NullInterceptor.invoke(NullInterceptor.java:42)
	at org.jboss.aop.joinpoint.MethodInvocation.invokeNext(MethodInvocation.java:102)
	at org.jboss.ejb3.stateless.StatelessInstanceInterceptor.invoke(StatelessInstanceInterceptor.java:68)
	at org.jboss.aop.joinpoint.MethodInvocation.invokeNext(MethodInvocation.java:102)
	at org.jboss.ejb3.core.context.SessionInvocationContextAdapter.proceed(SessionInvocationContextAdapter.java:95)
	at org.jboss.ejb3.tx2.impl.CMTTxInterceptor.invokeInCallerTx(CMTTxInterceptor.java:223)
	at org.jboss.ejb3.tx2.impl.CMTTxInterceptor.required(CMTTxInterceptor.java:353)
	at org.jboss.ejb3.tx2.impl.CMTTxInterceptor.invoke(CMTTxInterceptor.java:209)
	at org.jboss.ejb3.tx2.aop.CMTTxInterceptorWrapper.invoke(CMTTxInterceptorWrapper.java:52)
	at org.jboss.aop.joinpoint.MethodInvocation.invokeNext(MethodInvocation.java:102)
	at org.jboss.aspects.tx.TxPropagationInterceptor.invoke(TxPropagationInterceptor.java:76)
	at org.jboss.aop.joinpoint.MethodInvocation.invokeNext(MethodInvocation.java:102)
	at org.jboss.ejb3.tx.NullInterceptor.invoke(NullInterceptor.java:42)
	at org.jboss.aop.joinpoint.MethodInvocation.invokeNext(MethodInvocation.java:102)
	at org.jboss.ejb3.security.Ejb3AuthenticationInterceptorv2.invoke(Ejb3AuthenticationInterceptorv2.java:182)
	at org.jboss.aop.joinpoint.MethodInvocation.invokeNext(MethodInvocation.java:102)
	at org.jboss.ejb3.ENCPropagationInterceptor.invoke(ENCPropagationInterceptor.java:41)
	at org.jboss.aop.joinpoint.MethodInvocation.invokeNext(MethodInvocation.java:102)
	at org.jboss.ejb3.BlockContainerShutdownInterceptor.invoke(BlockContainerShutdownInterceptor.java:67)
	at org.jboss.aop.joinpoint.MethodInvocation.invokeNext(MethodInvocation.java:102)
	at org.jboss.ejb3.core.context.CurrentInvocationContextInterceptor.invoke(CurrentInvocationContextInterceptor.java:47)
	at org.jboss.aop.joinpoint.MethodInvocation.invokeNext(MethodInvocation.java:102)
	at org.jboss.aspects.currentinvocation.CurrentInvocationInterceptor.invoke(CurrentInvocationInterceptor.java:67)
	at org.jboss.aop.joinpoint.MethodInvocation.invokeNext(MethodInvocation.java:102)
	at org.jboss.ejb3.interceptor.EJB3TCCLInterceptor.invoke(EJB3TCCLInterceptor.java:86)
	at org.jboss.aop.joinpoint.MethodInvocation.invokeNext(MethodInvocation.java:102)
	at org.jboss.ejb3.session.SessionSpecContainer.invoke(SessionSpecContainer.java:333)
	at org.jboss.ejb3.session.SessionSpecContainer.invoke(SessionSpecContainer.java:390)
	at sun.reflect.GeneratedMethodAccessor802.invoke(Unknown Source)
	at sun.reflect.DelegatingMethodAccessorImpl.invoke(DelegatingMethodAccessorImpl.java:25)
	at java.lang.reflect.Method.invoke(Method.java:597)
	at org.jboss.ejb3.proxy.impl.handler.session.SessionLocalProxyInvocationHandler$LocalContainerInvocation.invokeTarget(SessionLocalProxyInvocationHandler.java:184)
	at org.jboss.aop.joinpoint.MethodInvocation.invokeNext(MethodInvocation.java:111)
	at org.jboss.ejb3.async.impl.interceptor.AsynchronousClientInterceptor.invoke(AsynchronousClientInterceptor.java:143)
	at org.jboss.aop.joinpoint.MethodInvocation.invokeNext(MethodInvocation.java:102)
	at org.jboss.ejb3.proxy.impl.handler.session.SessionLocalProxyInvocationHandler$LocalInvokableContextHandler.invoke(SessionLocalProxyInvocationHandler.java:159)
	at $Proxy212.invoke(Unknown Source)
	at org.jboss.ejb3.proxy.impl.handler.session.SessionProxyInvocationHandlerBase.invoke(SessionProxyInvocationHandlerBase.java:185)
	at $Proxy207.doLogin(Unknown Source)
	at com.elitecore.cpe.bl.controller.system.BSSUserAuthController.doLogin(BSSUserAuthController.java:35)
	at com.elitecore.cpe.bl.factory.system.user.UserFactory.doLogin(UserFactory.java:49)
	at com.elitecore.cpe.bl.factory.system.user.UserFactory.doLogin(UserFactory.java:57)
	at com.elitecore.cpe.bl.facade.system.user.UserFacade.doLogin(UserFacade.java:53)
	at sun.reflect.GeneratedMethodAccessor439.invoke(Unknown Source)
	at sun.reflect.DelegatingMethodAccessorImpl.invoke(DelegatingMethodAccessorImpl.java:25)
	at java.lang.reflect.Method.invoke(Method.java:597)
	at org.jboss.aop.joinpoint.MethodInvocation.invokeTarget(MethodInvocation.java:122)
	at org.jboss.aop.joinpoint.MethodInvocation.invokeNext(MethodInvocation.java:111)
	at org.jboss.ejb3.interceptors.container.ContainerMethodInvocationWrapper.invokeNext(ContainerMethodInvocationWrapper.java:72)
	at org.jboss.ejb3.interceptors.aop.InterceptorSequencer.invoke(InterceptorSequencer.java:76)
	at org.jboss.ejb3.interceptors.aop.InterceptorSequencer.aroundInvoke(InterceptorSequencer.java:62)
	at sun.reflect.GeneratedMethodAccessor365.invoke(Unknown Source)
	at sun.reflect.DelegatingMethodAccessorImpl.invoke(DelegatingMethodAccessorImpl.java:25)
	at java.lang.reflect.Method.invoke(Method.java:597)
	at org.jboss.aop.advice.PerJoinpointAdvice.invoke(PerJoinpointAdvice.java:174)
	at org.jboss.aop.joinpoint.MethodInvocation.invokeNext(MethodInvocation.java:102)
	at org.jboss.ejb3.interceptors.aop.InvocationContextInterceptor.fillMethod(InvocationContextInterceptor.java:74)
	at org.jboss.aop.advice.org.jboss.ejb3.interceptors.aop.InvocationContextInterceptor_z_fillMethod_1773080527.invoke(InvocationContextInterceptor_z_fillMethod_1773080527.java)
	at org.jboss.aop.joinpoint.MethodInvocation.invokeNext(MethodInvocation.java:102)
	at org.jboss.ejb3.interceptors.aop.InvocationContextInterceptor.setup(InvocationContextInterceptor.java:90)
	at org.jboss.aop.advice.org.jboss.ejb3.interceptors.aop.InvocationContextInterceptor_z_setup_1773080527.invoke(InvocationContextInterceptor_z_setup_1773080527.java)
	at org.jboss.aop.joinpoint.MethodInvocation.invokeNext(MethodInvocation.java:102)
	at org.jboss.ejb3.async.impl.interceptor.AsynchronousServerInterceptor.invoke(AsynchronousServerInterceptor.java:128)
	at org.jboss.aop.joinpoint.MethodInvocation.invokeNext(MethodInvocation.java:102)
	at org.jboss.ejb3.connectionmanager.CachedConnectionInterceptor.invoke(CachedConnectionInterceptor.java:62)
	at org.jboss.aop.joinpoint.MethodInvocation.invokeNext(MethodInvocation.java:102)
	at org.jboss.ejb3.entity.TransactionScopedEntityManagerInterceptor.invoke(TransactionScopedEntityManagerInterceptor.java:56)
	at org.jboss.aop.joinpoint.MethodInvocation.invokeNext(MethodInvocation.java:102)
	at org.jboss.ejb3.AllowedOperationsInterceptor.invoke(AllowedOperationsInterceptor.java:47)
	at org.jboss.aop.joinpoint.MethodInvocation.invokeNext(MethodInvocation.java:102)
	at org.jboss.ejb3.tx.NullInterceptor.invoke(NullInterceptor.java:42)
	at org.jboss.aop.joinpoint.MethodInvocation.invokeNext(MethodInvocation.java:102)
	at org.jboss.ejb3.stateless.StatelessInstanceInterceptor.invoke(StatelessInstanceInterceptor.java:68)
	at org.jboss.aop.joinpoint.MethodInvocation.invokeNext(MethodInvocation.java:102)
	at org.jboss.ejb3.core.context.SessionInvocationContextAdapter.proceed(SessionInvocationContextAdapter.java:95)
	at org.jboss.ejb3.tx2.impl.CMTTxInterceptor.invokeInOurTx(CMTTxInterceptor.java:247)
	at org.jboss.ejb3.tx2.impl.CMTTxInterceptor.required(CMTTxInterceptor.java:349)
	at org.jboss.ejb3.tx2.impl.CMTTxInterceptor.invoke(CMTTxInterceptor.java:209)
	at org.jboss.ejb3.tx2.aop.CMTTxInterceptorWrapper.invoke(CMTTxInterceptorWrapper.java:52)
	at org.jboss.aop.joinpoint.MethodInvocation.invokeNext(MethodInvocation.java:102)
	at org.jboss.aspects.tx.TxPropagationInterceptor.invoke(TxPropagationInterceptor.java:76)
	at org.jboss.aop.joinpoint.MethodInvocation.invokeNext(MethodInvocation.java:102)
	at org.jboss.ejb3.tx.NullInterceptor.invoke(NullInterceptor.java:42)
	at org.jboss.aop.joinpoint.MethodInvocation.invokeNext(MethodInvocation.java:102)
	at org.jboss.ejb3.security.Ejb3AuthenticationInterceptorv2.invoke(Ejb3AuthenticationInterceptorv2.java:182)
	at org.jboss.aop.joinpoint.MethodInvocation.invokeNext(MethodInvocation.java:102)
	at org.jboss.ejb3.ENCPropagationInterceptor.invoke(ENCPropagationInterceptor.java:41)
	at org.jboss.aop.joinpoint.MethodInvocation.invokeNext(MethodInvocation.java:102)
	at org.jboss.ejb3.BlockContainerShutdownInterceptor.invoke(BlockContainerShutdownInterceptor.java:67)
	at org.jboss.aop.joinpoint.MethodInvocation.invokeNext(MethodInvocation.java:102)
	at org.jboss.ejb3.core.context.CurrentInvocationContextInterceptor.invoke(CurrentInvocationContextInterceptor.java:47)
	at org.jboss.aop.joinpoint.MethodInvocation.invokeNext(MethodInvocation.java:102)
	at org.jboss.aspects.currentinvocation.CurrentInvocationInterceptor.invoke(CurrentInvocationInterceptor.java:67)
	at org.jboss.aop.joinpoint.MethodInvocation.invokeNext(MethodInvocation.java:102)
	at org.jboss.ejb3.interceptor.EJB3TCCLInterceptor.invoke(EJB3TCCLInterceptor.java:86)
	at org.jboss.aop.joinpoint.MethodInvocation.invokeNext(MethodInvocation.java:102)
	at org.jboss.ejb3.stateless.StatelessContainer.dynamicInvoke(StatelessContainer.java:392)
	at org.jboss.ejb3.session.InvokableContextClassProxyHack._dynamicInvoke(InvokableContextClassProxyHack.java:53)
	at org.jboss.aop.Dispatcher.invoke(Dispatcher.java:91)
	at org.jboss.aspects.remoting.AOPRemotingInvocationHandler.invoke(AOPRemotingInvocationHandler.java:82)
	at org.jboss.remoting.ServerInvoker.invoke(ServerInvoker.java:967)
	at org.jboss.remoting.transport.socket.ServerThread.completeInvocation(ServerThread.java:791)
	at org.jboss.remoting.transport.socket.ServerThread.processInvocation(ServerThread.java:744)
	at org.jboss.remoting.transport.socket.ServerThread.dorun(ServerThread.java:548)
	at org.jboss.remoting.transport.socket.ServerThread.run(ServerThread.java:234)
	at org.jboss.remoting.MicroRemoteClientInvoker.invoke(MicroRemoteClientInvoker.java:218)
	at org.jboss.remoting.Client.invoke(Client.java:2070)
	at org.jboss.remoting.Client.invoke(Client.java:879)
	at org.jboss.aspects.remoting.InvokeRemoteInterceptor.invoke(InvokeRemoteInterceptor.java:60)
	at org.jboss.aop.joinpoint.MethodInvocation.invokeNext(MethodInvocation.java:102)
	at org.jboss.aspects.tx.ClientTxPropagationInterceptor.invoke(ClientTxPropagationInterceptor.java:61)
	at org.jboss.aop.joinpoint.MethodInvocation.invokeNext(MethodInvocation.java:102)
	at org.jboss.ejb3.security.client.SecurityClientInterceptor.invoke(SecurityClientInterceptor.java:65)
	at org.jboss.aop.joinpoint.MethodInvocation.invokeNext(MethodInvocation.java:102)
	at org.jboss.ejb3.remoting.IsLocalInterceptor.invoke(IsLocalInterceptor.java:77)
	at org.jboss.aop.joinpoint.MethodInvocation.invokeNext(MethodInvocation.java:102)
	at org.jboss.ejb3.async.impl.interceptor.AsynchronousClientInterceptor.invoke(AsynchronousClientInterceptor.java:143)
	at org.jboss.aop.joinpoint.MethodInvocation.invokeNext(MethodInvocation.java:102)
	at org.jboss.aspects.remoting.PojiProxy.invoke(PojiProxy.java:62)
	at $Proxy8.invoke(Unknown Source)
	at org.jboss.ejb3.proxy.impl.handler.session.SessionProxyInvocationHandlerBase.invoke(SessionProxyInvocationHandlerBase.java:185)
	at $Proxy7.doLogin(Unknown Source)
	at com.elitecore.cpe.bl.delegates.system.user.UserBD.doLogin(Unknown Source)
	at com.elitecore.test.base.BaseTestCase.getBDSessionContext(Unknown Source)
	at com.elitecore.test.attributemgt.AttributeTestCase.setUp(Unknown Source)
	at junit.framework.TestCase.runBare(TestCase.java:139)
	at junit.framework.TestResult$1.protect(TestResult.java:122)
	at junit.framework.TestResult.runProtected(TestResult.java:142)
	at junit.framework.TestResult.run(TestResult.java:125)
	at junit.framework.TestCase.run(TestCase.java:129)
	at junit.framework.TestSuite.runTest(TestSuite.java:255)
	at junit.framework.TestSuite.run(TestSuite.java:250)
	at org.apache.tools.ant.taskdefs.optional.junit.JUnitTestRunner.run(JUnitTestRunner.java:532)
	at org.apache.tools.ant.taskdefs.optional.junit.JUnitTestRunner.launch(JUnitTestRunner.java:1179)
	at org.apache.tools.ant.taskdefs.optional.junit.JUnitTestRunner.main(JUnitTestRunner.java:1030)
	at org.jboss.aspects.remoting.InvokeRemoteInterceptor.invoke(InvokeRemoteInterceptor.java:72)
	at org.jboss.aop.joinpoint.MethodInvocation.invokeNext(MethodInvocation.java:102)
	at org.jboss.aspects.tx.ClientTxPropagationInterceptor.invoke(ClientTxPropagationInterceptor.java:61)
	at org.jboss.aop.joinpoint.MethodInvocation.invokeNext(MethodInvocation.java:102)
	at org.jboss.ejb3.security.client.SecurityClientInterceptor.invoke(SecurityClientInterceptor.java:65)
	at org.jboss.aop.joinpoint.MethodInvocation.invokeNext(MethodInvocation.java:102)
	at org.jboss.ejb3.remoting.IsLocalInterceptor.invoke(IsLocalInterceptor.java:77)
	at org.jboss.aop.joinpoint.MethodInvocation.invokeNext(MethodInvocation.java:102)
	at org.jboss.ejb3.async.impl.interceptor.AsynchronousClientInterceptor.invoke(AsynchronousClientInterceptor.java:143)
	at org.jboss.aop.joinpoint.MethodInvocation.invokeNext(MethodInvocation.java:102)
	at org.jboss.aspects.remoting.PojiProxy.invoke(PojiProxy.java:62)
	at $Proxy8.invoke(Unknown Source)
	at org.jboss.ejb3.proxy.impl.handler.session.SessionProxyInvocationHandlerBase.invoke(SessionProxyInvocationHandlerBase.java:185)
	at $Proxy7.doLogin(Unknown Source)
	at com.elitecore.cpe.bl.delegates.system.user.UserBD.doLogin(Unknown Source)
	at com.elitecore.test.base.BaseTestCase.getBDSessionContext(Unknown Source)
	at com.elitecore.test.attributemgt.AttributeTestCase.setUp(Unknown Source)
	at junit.framework.TestCase.runBare(TestCase.java:139)
	at junit.framework.TestResult$1.protect(TestResult.java:122)
	at junit.framework.TestResult.runProtected(TestResult.java:142)
	at junit.framework.TestResult.run(TestResult.java:125)
	at junit.framework.TestCase.run(TestCase.java:129)
	at junit.framework.TestSuite.runTest(TestSuite.java:255)
	at junit.framework.TestSuite.run(TestSuite.java:250)
	at org.apache.tools.ant.taskdefs.optional.junit.JUnitTestRunner.run(JUnitTestRunner.java:532)
	at org.apache.tools.ant.taskdefs.optional.junit.JUnitTestRunner.launch(JUnitTestRunner.java:1179)
	at org.apache.tools.ant.taskdefs.optional.junit.JUnitTestRunner.main(JUnitTestRunner.java:1030)
com.elitecore.cpe.bl.exception.AccessDeniedException: Invalid Userame / Password
	at com.elitecore.cpe.bl.facade.bss.user.BSSUserFacade.doLogin(BSSUserFacade.java:152)
	at sun.reflect.GeneratedMethodAccessor440.invoke(Unknown Source)
	at sun.reflect.DelegatingMethodAccessorImpl.invoke(DelegatingMethodAccessorImpl.java:25)
	at java.lang.reflect.Method.invoke(Method.java:597)
	at org.jboss.aop.joinpoint.MethodInvocation.invokeTarget(MethodInvocation.java:122)
	at org.jboss.aop.joinpoint.MethodInvocation.invokeNext(MethodInvocation.java:111)
	at org.jboss.ejb3.interceptors.container.ContainerMethodInvocationWrapper.invokeNext(ContainerMethodInvocationWrapper.java:72)
	at org.jboss.ejb3.interceptors.aop.InterceptorSequencer.invoke(InterceptorSequencer.java:76)
	at org.jboss.ejb3.interceptors.aop.InterceptorSequencer.aroundInvoke(InterceptorSequencer.java:62)
	at sun.reflect.GeneratedMethodAccessor365.invoke(Unknown Source)
	at sun.reflect.DelegatingMethodAccessorImpl.invoke(DelegatingMethodAccessorImpl.java:25)
	at java.lang.reflect.Method.invoke(Method.java:597)
	at org.jboss.aop.advice.PerJoinpointAdvice.invoke(PerJoinpointAdvice.java:174)
	at org.jboss.aop.joinpoint.MethodInvocation.invokeNext(MethodInvocation.java:102)
	at org.jboss.ejb3.interceptors.aop.InvocationContextInterceptor.fillMethod(InvocationContextInterceptor.java:74)
	at org.jboss.aop.advice.org.jboss.ejb3.interceptors.aop.InvocationContextInterceptor_z_fillMethod_1773080527.invoke(InvocationContextInterceptor_z_fillMethod_1773080527.java)
	at org.jboss.aop.joinpoint.MethodInvocation.invokeNext(MethodInvocation.java:102)
	at org.jboss.ejb3.interceptors.aop.InvocationContextInterceptor.setup(InvocationContextInterceptor.java:90)
	at org.jboss.aop.advice.org.jboss.ejb3.interceptors.aop.InvocationContextInterceptor_z_setup_1773080527.invoke(InvocationContextInterceptor_z_setup_1773080527.java)
	at org.jboss.aop.joinpoint.MethodInvocation.invokeNext(MethodInvocation.java:102)
	at org.jboss.ejb3.async.impl.interceptor.AsynchronousServerInterceptor.invoke(AsynchronousServerInterceptor.java:128)
	at org.jboss.aop.joinpoint.MethodInvocation.invokeNext(MethodInvocation.java:102)
	at org.jboss.ejb3.connectionmanager.CachedConnectionInterceptor.invoke(CachedConnectionInterceptor.java:62)
	at org.jboss.aop.joinpoint.MethodInvocation.invokeNext(MethodInvocation.java:102)
	at org.jboss.ejb3.entity.TransactionScopedEntityManagerInterceptor.invoke(TransactionScopedEntityManagerInterceptor.java:56)
	at org.jboss.aop.joinpoint.MethodInvocation.invokeNext(MethodInvocation.java:102)
	at org.jboss.ejb3.AllowedOperationsInterceptor.invoke(AllowedOperationsInterceptor.java:47)
	at org.jboss.aop.joinpoint.MethodInvocation.invokeNext(MethodInvocation.java:102)
	at org.jboss.ejb3.tx.NullInterceptor.invoke(NullInterceptor.java:42)
	at org.jboss.aop.joinpoint.MethodInvocation.invokeNext(MethodInvocation.java:102)
	at org.jboss.ejb3.stateless.StatelessInstanceInterceptor.invoke(StatelessInstanceInterceptor.java:68)
	at org.jboss.aop.joinpoint.MethodInvocation.invokeNext(MethodInvocation.java:102)
	at org.jboss.ejb3.core.context.SessionInvocationContextAdapter.proceed(SessionInvocationContextAdapter.java:95)
	at org.jboss.ejb3.tx2.impl.CMTTxInterceptor.invokeInCallerTx(CMTTxInterceptor.java:223)
	at org.jboss.ejb3.tx2.impl.CMTTxInterceptor.required(CMTTxInterceptor.java:353)
	at org.jboss.ejb3.tx2.impl.CMTTxInterceptor.invoke(CMTTxInterceptor.java:209)
	at org.jboss.ejb3.tx2.aop.CMTTxInterceptorWrapper.invoke(CMTTxInterceptorWrapper.java:52)
	at org.jboss.aop.joinpoint.MethodInvocation.invokeNext(MethodInvocation.java:102)
	at org.jboss.aspects.tx.TxPropagationInterceptor.invoke(TxPropagationInterceptor.java:76)
	at org.jboss.aop.joinpoint.MethodInvocation.invokeNext(MethodInvocation.java:102)
	at org.jboss.ejb3.tx.NullInterceptor.invoke(NullInterceptor.java:42)
	at org.jboss.aop.joinpoint.MethodInvocation.invokeNext(MethodInvocation.java:102)
	at org.jboss.ejb3.security.Ejb3AuthenticationInterceptorv2.invoke(Ejb3AuthenticationInterceptorv2.java:182)
	at org.jboss.aop.joinpoint.MethodInvocation.invokeNext(MethodInvocation.java:102)
	at org.jboss.ejb3.ENCPropagationInterceptor.invoke(ENCPropagationInterceptor.java:41)
	at org.jboss.aop.joinpoint.MethodInvocation.invokeNext(MethodInvocation.java:102)
	at org.jboss.ejb3.BlockContainerShutdownInterceptor.invoke(BlockContainerShutdownInterceptor.java:67)
	at org.jboss.aop.joinpoint.MethodInvocation.invokeNext(MethodInvocation.java:102)
	at org.jboss.ejb3.core.context.CurrentInvocationContextInterceptor.invoke(CurrentInvocationContextInterceptor.java:47)
	at org.jboss.aop.joinpoint.MethodInvocation.invokeNext(MethodInvocation.java:102)
	at org.jboss.aspects.currentinvocation.CurrentInvocationInterceptor.invoke(CurrentInvocationInterceptor.java:67)
	at org.jboss.aop.joinpoint.MethodInvocation.invokeNext(MethodInvocation.java:102)
	at org.jboss.ejb3.interceptor.EJB3TCCLInterceptor.invoke(EJB3TCCLInterceptor.java:86)
	at org.jboss.aop.joinpoint.MethodInvocation.invokeNext(MethodInvocation.java:102)
	at org.jboss.ejb3.session.SessionSpecContainer.invoke(SessionSpecContainer.java:333)
	at org.jboss.ejb3.session.SessionSpecContainer.invoke(SessionSpecContainer.java:390)
	at sun.reflect.GeneratedMethodAccessor802.invoke(Unknown Source)
	at sun.reflect.DelegatingMethodAccessorImpl.invoke(DelegatingMethodAccessorImpl.java:25)
	at java.lang.reflect.Method.invoke(Method.java:597)
	at org.jboss.ejb3.proxy.impl.handler.session.SessionLocalProxyInvocationHandler$LocalContainerInvocation.invokeTarget(SessionLocalProxyInvocationHandler.java:184)
	at org.jboss.aop.joinpoint.MethodInvocation.invokeNext(MethodInvocation.java:111)
	at org.jboss.ejb3.async.impl.interceptor.AsynchronousClientInterceptor.invoke(AsynchronousClientInterceptor.java:143)
	at org.jboss.aop.joinpoint.MethodInvocation.invokeNext(MethodInvocation.java:102)
	at org.jboss.ejb3.proxy.impl.handler.session.SessionLocalProxyInvocationHandler$LocalInvokableContextHandler.invoke(SessionLocalProxyInvocationHandler.java:159)
	at $Proxy212.invoke(Unknown Source)
	at org.jboss.ejb3.proxy.impl.handler.session.SessionProxyInvocationHandlerBase.invoke(SessionProxyInvocationHandlerBase.java:185)
	at $Proxy207.doLogin(Unknown Source)
	at com.elitecore.cpe.bl.controller.system.BSSUserAuthController.doLogin(BSSUserAuthController.java:35)
	at com.elitecore.cpe.bl.factory.system.user.UserFactory.doLogin(UserFactory.java:49)
	at com.elitecore.cpe.bl.factory.system.user.UserFactory.doLogin(UserFactory.java:57)
	at com.elitecore.cpe.bl.facade.system.user.UserFacade.doLogin(UserFacade.java:53)
	at sun.reflect.GeneratedMethodAccessor439.invoke(Unknown Source)
	at sun.reflect.DelegatingMethodAccessorImpl.invoke(DelegatingMethodAccessorImpl.java:25)
	at java.lang.reflect.Method.invoke(Method.java:597)
	at org.jboss.aop.joinpoint.MethodInvocation.invokeTarget(MethodInvocation.java:122)
	at org.jboss.aop.joinpoint.MethodInvocation.invokeNext(MethodInvocation.java:111)
	at org.jboss.ejb3.interceptors.container.ContainerMethodInvocationWrapper.invokeNext(ContainerMethodInvocationWrapper.java:72)
	at org.jboss.ejb3.interceptors.aop.InterceptorSequencer.invoke(InterceptorSequencer.java:76)
	at org.jboss.ejb3.interceptors.aop.InterceptorSequencer.aroundInvoke(InterceptorSequencer.java:62)
	at sun.reflect.GeneratedMethodAccessor365.invoke(Unknown Source)
	at sun.reflect.DelegatingMethodAccessorImpl.invoke(DelegatingMethodAccessorImpl.java:25)
	at java.lang.reflect.Method.invoke(Method.java:597)
	at org.jboss.aop.advice.PerJoinpointAdvice.invoke(PerJoinpointAdvice.java:174)
	at org.jboss.aop.joinpoint.MethodInvocation.invokeNext(MethodInvocation.java:102)
	at org.jboss.ejb3.interceptors.aop.InvocationContextInterceptor.fillMethod(InvocationContextInterceptor.java:74)
	at org.jboss.aop.advice.org.jboss.ejb3.interceptors.aop.InvocationContextInterceptor_z_fillMethod_1773080527.invoke(InvocationContextInterceptor_z_fillMethod_1773080527.java)
	at org.jboss.aop.joinpoint.MethodInvocation.invokeNext(MethodInvocation.java:102)
	at org.jboss.ejb3.interceptors.aop.InvocationContextInterceptor.setup(InvocationContextInterceptor.java:90)
	at org.jboss.aop.advice.org.jboss.ejb3.interceptors.aop.InvocationContextInterceptor_z_setup_1773080527.invoke(InvocationContextInterceptor_z_setup_1773080527.java)
	at org.jboss.aop.joinpoint.MethodInvocation.invokeNext(MethodInvocation.java:102)
	at org.jboss.ejb3.async.impl.interceptor.AsynchronousServerInterceptor.invoke(AsynchronousServerInterceptor.java:128)
	at org.jboss.aop.joinpoint.MethodInvocation.invokeNext(MethodInvocation.java:102)
	at org.jboss.ejb3.connectionmanager.CachedConnectionInterceptor.invoke(CachedConnectionInterceptor.java:62)
	at org.jboss.aop.joinpoint.MethodInvocation.invokeNext(MethodInvocation.java:102)
	at org.jboss.ejb3.entity.TransactionScopedEntityManagerInterceptor.invoke(TransactionScopedEntityManagerInterceptor.java:56)
	at org.jboss.aop.joinpoint.MethodInvocation.invokeNext(MethodInvocation.java:102)
[...]
	at org.jboss.aop.joinpoint.MethodInvocation.invokeNext(MethodInvocation.java:102)
	at org.jboss.ejb3.remoting.IsLocalInterceptor.invoke(IsLocalInterceptor.java:77)
	at org.jboss.aop.joinpoint.MethodInvocation.invokeNext(MethodInvocation.java:102)
	at org.jboss.ejb3.async.impl.interceptor.AsynchronousClientInterceptor.invoke(AsynchronousClientInterceptor.java:143)
	at org.jboss.aop.joinpoint.MethodInvocation.invokeNext(MethodInvocation.java:102)
	at org.jboss.aspects.remoting.PojiProxy.invoke(PojiProxy.java:62)
	at $Proxy8.invoke(Unknown Source)
	at org.jboss.ejb3.proxy.impl.handler.session.SessionProxyInvocationHandlerBase.invoke(SessionProxyInvocationHandlerBase.java:185)
	at $Proxy7.doLogin(Unknown Source)
	at com.elitecore.cpe.bl.delegates.system.user.UserBD.doLogin(Unknown Source)
	at com.elitecore.test.base.BaseTestCase.getBDSessionContext(Unknown Source)
	at com.elitecore.test.attributemgt.AttributeTestCase.testAttributeUpdate(Unknown Source)
	at sun.reflect.NativeMethodAccessorImpl.invoke0(Native Method)
	at sun.reflect.NativeMethodAccessorImpl.invoke(NativeMethodAccessorImpl.java:39)
	at sun.reflect.DelegatingMethodAccessorImpl.invoke(DelegatingMethodAccessorImpl.java:25)
	at java.lang.reflect.Method.invoke(Method.java:597)
	at junit.framework.TestCase.runTest(TestCase.java:176)
	at junit.framework.TestCase.runBare(TestCase.java:141)
	at junit.framework.TestResult$1.protect(TestResult.java:122)
	at junit.framework.TestResult.runProtected(TestResult.java:142)
	at junit.framework.TestResult.run(TestResult.java:125)
	at junit.framework.TestCase.run(TestCase.java:129)
	at junit.framework.TestSuite.runTest(TestSuite.java:255)
	at junit.framework.TestSuite.run(TestSuite.java:250)
	at org.apache.tools.ant.taskdefs.optional.junit.JUnitTestRunner.run(JUnitTestRunner.java:532)
	at org.apache.tools.ant.taskdefs.optional.junit.JUnitTestRunner.launch(JUnitTestRunner.java:1179)
	at org.apache.tools.ant.taskdefs.optional.junit.JUnitTestRunner.main(JUnitTestRunner.java:1030)
java.lang.NullPointerException
	at com.elitecore.test.attributemgt.AttributeTestCase.testAttributeUpdate(Unknown Source)
	at sun.reflect.NativeMethodAccessorImpl.invoke0(Native Method)
	at sun.reflect.NativeMethodAccessorImpl.invoke(NativeMethodAccessorImpl.java:39)
	at sun.reflect.DelegatingMethodAccessorImpl.invoke(DelegatingMethodAccessorImpl.java:25)
	at java.lang.reflect.Method.invoke(Method.java:597)
	at junit.framework.TestCase.runTest(TestCase.java:176)
	at junit.framework.TestCase.runBare(TestCase.java:141)
	at junit.framework.TestResult$1.protect(TestResult.java:122)
	at junit.framework.TestResult.runProtected(TestResult.java:142)
	at junit.framework.TestResult.run(TestResult.java:125)
	at junit.framework.TestCase.run(TestCase.java:129)
	at junit.framework.TestSuite.runTest(TestSuite.java:255)
	at junit.framework.TestSuite.run(TestSuite.java:250)
	at org.apache.tools.ant.taskdefs.optional.junit.JUnitTestRunner.run(JUnitTestRunner.java:532)
	at org.apache.tools.ant.taskdefs.optional.junit.JUnitTestRunner.launch(JUnitTestRunner.java:1179)
	at org.apache.tools.ant.taskdefs.optional.junit.JUnitTestRunner.main(JUnitTestRunner.java:1030)
com.elitecore.cpe.bl.exception.AccessDeniedException: Invalid Userame / Password
	at com.elitecore.cpe.bl.facade.bss.user.BSSUserFacade.doLogin(BSSUserFacade.java:152)
	at sun.reflect.GeneratedMethodAccessor440.invoke(Unknown Source)
	at sun.reflect.DelegatingMethodAccessorImpl.invoke(DelegatingMethodAccessorImpl.java:25)
	at java.lang.reflect.Method.invoke(Method.java:597)
	at org.jboss.aop.joinpoint.MethodInvocation.invokeTarget(MethodInvocation.java:122)
	at org.jboss.aop.joinpoint.MethodInvocation.invokeNext(MethodInvocation.java:111)
	at org.jboss.ejb3.interceptors.container.ContainerMethodInvocationWrapper.invokeNext(ContainerMethodInvocationWrapper.java:72)
	at org.jboss.ejb3.interceptors.aop.InterceptorSequencer.invoke(InterceptorSequencer.java:76)
	at org.jboss.ejb3.interceptors.aop.InterceptorSequencer.aroundInvoke(InterceptorSequencer.java:62)
	at sun.reflect.GeneratedMethodAccessor365.invoke(Unknown Source)
	at sun.reflect.DelegatingMethodAccessorImpl.invoke(DelegatingMethodAccessorImpl.java:25)
	at java.lang.reflect.Method.invoke(Method.java:597)
	at org.jboss.aop.advice.PerJoinpointAdvice.invoke(PerJoinpointAdvice.java:174)
	at org.jboss.aop.joinpoint.MethodInvocation.invokeNext(MethodInvocation.java:102)
	at org.jboss.ejb3.interceptors.aop.InvocationContextInterceptor.fillMethod(InvocationContextInterceptor.java:74)
	at org.jboss.aop.advice.org.jboss.ejb3.interceptors.aop.InvocationContextInterceptor_z_fillMethod_1773080527.invoke(InvocationContextInterceptor_z_fillMethod_1773080527.java)
	at org.jboss.aop.joinpoint.MethodInvocation.invokeNext(MethodInvocation.java:102)
	at org.jboss.ejb3.interceptors.aop.InvocationContextInterceptor.setup(InvocationContextInterceptor.java:90)
	at org.jboss.aop.advice.org.jboss.ejb3.interceptors.aop.InvocationContextInterceptor_z_setup_1773080527.invoke(InvocationContextInterceptor_z_setup_1773080527.java)
	at org.jboss.aop.joinpoint.MethodInvocation.invokeNext(MethodInvocation.java:102)
	at org.jboss.ejb3.async.impl.interceptor.AsynchronousServerInterceptor.invoke(AsynchronousServerInterceptor.java:128)
	at org.jboss.aop.joinpoint.MethodInvocation.invokeNext(MethodInvocation.java:102)
	at org.jboss.ejb3.connectionmanager.CachedConnectionInterceptor.invoke(CachedConnectionInterceptor.java:62)
	at org.jboss.aop.joinpoint.MethodInvocation.invokeNext(MethodInvocation.java:102)
	at org.jboss.ejb3.entity.TransactionScopedEntityManagerInterceptor.invoke(TransactionScopedEntityManagerInterceptor.java:56)
	at org.jboss.aop.joinpoint.MethodInvocation.invokeNext(MethodInvocation.java:102)
	at org.jboss.ejb3.AllowedOperationsInterceptor.invoke(AllowedOperationsInterceptor.java:47)
	at org.jboss.aop.joinpoint.MethodInvocation.invokeNext(MethodInvocation.java:102)
	at org.jboss.ejb3.tx.NullInterceptor.invoke(NullInterceptor.java:42)
	at org.jboss.aop.joinpoint.MethodInvocation.invokeNext(MethodInvocation.java:102)
	at org.jboss.ejb3.stateless.StatelessInstanceInterceptor.invoke(StatelessInstanceInterceptor.java:68)
	at org.jboss.aop.joinpoint.MethodInvocation.invokeNext(MethodInvocation.java:102)
	at org.jboss.ejb3.core.context.SessionInvocationContextAdapter.proceed(SessionInvocationContextAdapter.java:95)
	at org.jboss.ejb3.tx2.impl.CMTTxInterceptor.invokeInCallerTx(CMTTxInterceptor.java:223)
	at org.jboss.ejb3.tx2.impl.CMTTxInterceptor.required(CMTTxInterceptor.java:353)
	at org.jboss.ejb3.tx2.impl.CMTTxInterceptor.invoke(CMTTxInterceptor.java:209)
	at org.jboss.ejb3.tx2.aop.CMTTxInterceptorWrapper.invoke(CMTTxInterceptorWrapper.java:52)
	at org.jboss.aop.joinpoint.MethodInvocation.invokeNext(MethodInvocation.java:102)
	at org.jboss.aspects.tx.TxPropagationInterceptor.invoke(TxPropagationInterceptor.java:76)
	at org.jboss.aop.joinpoint.MethodInvocation.invokeNext(MethodInvocation.java:102)
	at org.jboss.ejb3.tx.NullInterceptor.invoke(NullInterceptor.java:42)
	at org.jboss.aop.joinpoint.MethodInvocation.invokeNext(MethodInvocation.java:102)
	at org.jboss.ejb3.security.Ejb3AuthenticationInterceptorv2.invoke(Ejb3AuthenticationInterceptorv2.java:182)
	at org.jboss.aop.joinpoint.MethodInvocation.invokeNext(MethodInvocation.java:102)
	at org.jboss.ejb3.ENCPropagationInterceptor.invoke(ENCPropagationInterceptor.java:41)
	at org.jboss.aop.joinpoint.MethodInvocation.invokeNext(MethodInvocation.java:102)
	at org.jboss.ejb3.BlockContainerShutdownInterceptor.invoke(BlockContainerShutdownInterceptor.java:67)
	at org.jboss.aop.joinpoint.MethodInvocation.invokeNext(MethodInvocation.java:102)
	at org.jboss.ejb3.core.context.CurrentInvocationContextInterceptor.invoke(CurrentInvocationContextInterceptor.java:47)
	at org.jboss.aop.joinpoint.MethodInvocation.invokeNext(MethodInvocation.java:102)
	at org.jboss.aspects.currentinvocation.CurrentInvocationInterceptor.invoke(CurrentInvocationInterceptor.java:67)
	at org.jboss.aop.joinpoint.MethodInvocation.invokeNext(MethodInvocation.java:102)
	at org.jboss.ejb3.interceptor.EJB3TCCLInterceptor.invoke(EJB3TCCLInterceptor.java:86)
	at org.jboss.aop.joinpoint.MethodInvocation.invokeNext(MethodInvocation.java:102)
	at org.jboss.ejb3.session.SessionSpecContainer.invoke(SessionSpecContainer.java:333)
	at org.jboss.ejb3.session.SessionSpecContainer.invoke(SessionSpecContainer.java:390)
	at sun.reflect.GeneratedMethodAccessor802.invoke(Unknown Source)
	at sun.reflect.DelegatingMethodAccessorImpl.invoke(DelegatingMethodAccessorImpl.java:25)
	at java.lang.reflect.Method.invoke(Method.java:597)
	at org.jboss.ejb3.proxy.impl.handler.session.SessionLocalProxyInvocationHandler$LocalContainerInvocation.invokeTarget(SessionLocalProxyInvocationHandler.java:184)
	at org.jboss.aop.joinpoint.MethodInvocation.invokeNext(MethodInvocation.java:111)
	at org.jboss.ejb3.async.impl.interceptor.AsynchronousClientInterceptor.invoke(AsynchronousClientInterceptor.java:143)
	at org.jboss.aop.joinpoint.MethodInvocation.invokeNext(MethodInvocation.java:102)
	at org.jboss.ejb3.proxy.impl.handler.session.SessionLocalProxyInvocationHandler$LocalInvokableContextHandler.invoke(SessionLocalProxyInvocationHandler.java:159)
	at $Proxy212.invoke(Unknown Source)
	at org.jboss.ejb3.proxy.impl.handler.session.SessionProxyInvocationHandlerBase.invoke(SessionProxyInvocationHandlerBase.java:185)
	at $Proxy207.doLogin(Unknown Source)
	at com.elitecore.cpe.bl.controller.system.BSSUserAuthController.doLogin(BSSUserAuthController.java:35)
	at com.elitecore.cpe.bl.factory.system.user.UserFactory.doLogin(UserFactory.java:49)
	at com.elitecore.cpe.bl.factory.system.user.UserFactory.doLogin(UserFactory.java:57)
	at com.elitecore.cpe.bl.facade.system.user.UserFacade.doLogin(UserFacade.java:53)
	at sun.reflect.GeneratedMethodAccessor439.invoke(Unknown Source)
	at sun.reflect.DelegatingMethodAccessorImpl.invoke(DelegatingMethodAccessorImpl.java:25)
	at java.lang.reflect.Method.invoke(Method.java:597)
	at org.jboss.aop.joinpoint.MethodInvocation.invokeTarget(MethodInvocation.java:122)
	at org.jboss.aop.joinpoint.MethodInvocation.invokeNext(MethodInvocation.java:111)
	at org.jboss.ejb3.interceptors.container.ContainerMethodInvocationWrapper.invokeNext(ContainerMethodInvocationWrapper.java:72)
	at org.jboss.ejb3.interceptors.aop.InterceptorSequencer.invoke(InterceptorSequencer.java:76)
	at org.jboss.ejb3.interceptors.aop.InterceptorSequencer.aroundInvoke(InterceptorSequencer.java:62)
	at sun.reflect.GeneratedMethodAccessor365.invoke(Unknown Source)
	at sun.reflect.DelegatingMethodAccessorImpl.invoke(DelegatingMethodAccessorImpl.java:25)
	at java.lang.reflect.Method.invoke(Method.java:597)
	at org.jboss.aop.advice.PerJoinpointAdvice.invoke(PerJoinpointAdvice.java:174)
	at org.jboss.aop.joinpoint.MethodInvocation.invokeNext(MethodInvocation.java:102)
	at org.jboss.ejb3.interceptors.aop.InvocationContextInterceptor.fillMethod(InvocationContextInterceptor.java:74)
	at org.jboss.aop.advice.org.jboss.ejb3.interceptors.aop.InvocationContextInterceptor_z_fillMethod_1773080527.invoke(InvocationContextInterceptor_z_fillMethod_1773080527.java)
	at org.jboss.aop.joinpoint.MethodInvocation.invokeNext(MethodInvocation.java:102)
	at org.jboss.ejb3.interceptors.aop.InvocationContextInterceptor.setup(InvocationContextInterceptor.java:90)
	at org.jboss.aop.advice.org.jboss.ejb3.interceptors.aop.InvocationContextInterceptor_z_setup_1773080527.invoke(InvocationContextInterceptor_z_setup_1773080527.java)
	at org.jboss.aop.joinpoint.MethodInvocation.invokeNext(MethodInvocation.java:102)
	at org.jboss.ejb3.async.impl.interceptor.AsynchronousServerInterceptor.invoke(AsynchronousServerInterceptor.java:128)
	at org.jboss.aop.joinpoint.MethodInvocation.invokeNext(MethodInvocation.java:102)
	at org.jboss.ejb3.connectionmanager.CachedConnectionInterceptor.invoke(CachedConnectionInterceptor.java:62)
	at org.jboss.aop.joinpoint.MethodInvocation.invokeNext(MethodInvocation.java:102)
	at org.jboss.ejb3.entity.TransactionScopedEntityManagerInterceptor.invoke(TransactionScopedEntityManagerInterceptor.java:56)
	at org.jboss.aop.joinpoint.MethodInvocation.invokeNext(MethodInvocation.java:102)
	at org.jboss.ejb3.AllowedOperationsInterceptor.invoke(AllowedOperationsInterceptor.java:47)
	at org.jboss.aop.joinpoint.MethodInvocation.invokeNext(MethodInvocation.java:102)
	at org.jboss.ejb3.tx.NullInterceptor.invoke(NullInterceptor.java:42)
	at org.jboss.aop.joinpoint.MethodInvocation.invokeNext(MethodInvocation.java:102)
	at org.jboss.ejb3.stateless.StatelessInstanceInterceptor.invoke(StatelessInstanceInterceptor.java:68)
	at org.jboss.aop.joinpoint.MethodInvocation.invokeNext(MethodInvocation.java:102)
	at org.jboss.ejb3.core.context.SessionInvocationContextAdapter.proceed(SessionInvocationContextAdapter.java:95)
	at org.jboss.ejb3.tx2.impl.CMTTxInterceptor.invokeInOurTx(CMTTxInterceptor.java:247)
	at org.jboss.ejb3.tx2.impl.CMTTxInterceptor.required(CMTTxInterceptor.java:349)
	at org.jboss.ejb3.tx2.impl.CMTTxInterceptor.invoke(CMTTxInterceptor.java:209)
	at org.jboss.ejb3.tx2.aop.CMTTxInterceptorWrapper.invoke(CMTTxInterceptorWrapper.java:52)
	at org.jboss.aop.joinpoint.MethodInvocation.invokeNext(MethodInvocation.java:102)
	at org.jboss.aspects.tx.TxPropagationInterceptor.invoke(TxPropagationInterceptor.java:76)
	at org.jboss.aop.joinpoint.MethodInvocation.invokeNext(MethodInvocation.java:102)
	at org.jboss.ejb3.tx.NullInterceptor.invoke(NullInterceptor.java:42)
	at org.jboss.aop.joinpoint.MethodInvocation.invokeNext(MethodInvocation.java:102)
	at org.jboss.ejb3.security.Ejb3AuthenticationInterceptorv2.invoke(Ejb3AuthenticationInterceptorv2.java:182)
	at org.jboss.aop.joinpoint.MethodInvocation.invokeNext(MethodInvocation.java:102)
	at org.jboss.ejb3.ENCPropagationInterceptor.invoke(ENCPropagationInterceptor.java:41)
	at org.jboss.aop.joinpoint.MethodInvocation.invokeNext(MethodInvocation.java:102)
	at org.jboss.ejb3.BlockContainerShutdownInterceptor.invoke(BlockContainerShutdownInterceptor.java:67)
	at org.jboss.aop.joinpoint.MethodInvocation.invokeNext(MethodInvocation.java:102)
	at org.jboss.ejb3.core.context.CurrentInvocationContextInterceptor.invoke(CurrentInvocationContextInterceptor.java:47)
	at org.jboss.aop.joinpoint.MethodInvocation.invokeNext(MethodInvocation.java:102)
	at org.jboss.aspects.currentinvocation.CurrentInvocationInterceptor.invoke(CurrentInvocationInterceptor.java:67)
	at org.jboss.aop.joinpoint.MethodInvocation.invokeNext(MethodInvocation.java:102)
	at org.jboss.ejb3.interceptor.EJB3TCCLInterceptor.invoke(EJB3TCCLInterceptor.java:86)
	at org.jboss.aop.joinpoint.MethodInvocation.invokeNext(MethodInvocation.java:102)
	at org.jboss.ejb3.stateless.StatelessContainer.dynamicInvoke(StatelessContainer.java:392)
	at org.jboss.ejb3.session.InvokableContextClassProxyHack._dynamicInvoke(InvokableContextClassProxyHack.java:53)
	at org.jboss.aop.Dispatcher.invoke(Dispatcher.java:91)
	at org.jboss.aspects.remoting.AOPRemotingInvocationHandler.invoke(AOPRemotingInvocationHandler.java:82)
	at org.jboss.remoting.ServerInvoker.invoke(ServerInvoker.java:967)
	at org.jboss.remoting.transport.socket.ServerThread.completeInvocation(ServerThread.java:791)
	at org.jboss.remoting.transport.socket.ServerThread.processInvocation(ServerThread.java:744)
	at org.jboss.remoting.transport.socket.ServerThread.dorun(ServerThread.java:548)
	at org.jboss.remoting.transport.socket.ServerThread.run(ServerThread.java:234)
	at org.jboss.remoting.MicroRemoteClientInvoker.invoke(MicroRemoteClientInvoker.java:218)
	at org.jboss.remoting.Client.invoke(Client.java:2070)
	at org.jboss.remoting.Client.invoke(Client.java:879)
	at org.jboss.aspects.remoting.InvokeRemoteInterceptor.invoke(InvokeRemoteInterceptor.java:60)
	at org.jboss.aop.joinpoint.MethodInvocation.invokeNext(MethodInvocation.java:102)
	at org.jboss.aspects.tx.ClientTxPropagationInterceptor.invoke(ClientTxPropagationInterceptor.java:61)
	at org.jboss.aop.joinpoint.MethodInvocation.invokeNext(MethodInvocation.java:102)
	at org.jboss.ejb3.security.client.SecurityClientInterceptor.invoke(SecurityClientInterceptor.java:65)
	at org.jboss.aop.joinpoint.MethodInvocation.invokeNext(MethodInvocation.java:102)
	at org.jboss.ejb3.remoting.IsLocalInterceptor.invoke(IsLocalInterceptor.java:77)
	at org.jboss.aop.joinpoint.MethodInvocation.invokeNext(MethodInvocation.java:102)
	at org.jboss.ejb3.async.impl.interceptor.AsynchronousClientInterceptor.invoke(AsynchronousClientInterceptor.java:143)
	at org.jboss.aop.joinpoint.MethodInvocation.invokeNext(MethodInvocation.java:102)
	at org.jboss.aspects.remoting.PojiProxy.invoke(PojiProxy.java:62)
	at $Proxy8.invoke(Unknown Source)
	at org.jboss.ejb3.proxy.impl.handler.session.SessionProxyInvocationHandlerBase.invoke(SessionProxyInvocationHandlerBase.java:185)
	at $Proxy7.doLogin(Unknown Source)
	at com.elitecore.cpe.bl.delegates.system.user.UserBD.doLogin(Unknown Source)
	at com.elitecore.test.base.BaseTestCase.getBDSessionContext(Unknown Source)
	at com.elitecore.test.attributemgt.AttributeTestCase.setUp(Unknown Source)
	at junit.framework.TestCase.runBare(TestCase.java:139)
	at junit.framework.TestResult$1.protect(TestResult.java:122)
	at junit.framework.TestResult.runProtected(TestResult.java:142)
	at junit.framework.TestResult.run(TestResult.java:125)
	at junit.framework.TestCase.run(TestCase.java:129)
	at junit.framework.TestSuite.runTest(TestSuite.java:255)
	at junit.framework.TestSuite.run(TestSuite.java:250)
	at org.apache.tools.ant.taskdefs.optional.junit.JUnitTestRunner.run(JUnitTestRunner.java:532)
	at org.apache.tools.ant.taskdefs.optional.junit.JUnitTestRunner.launch(JUnitTestRunner.java:1179)
	at org.apache.tools.ant.taskdefs.optional.junit.JUnitTestRunner.main(JUnitTestRunner.java:1030)
	at org.jboss.aspects.remoting.InvokeRemoteInterceptor.invoke(InvokeRemoteInterceptor.java:72)
	at org.jboss.aop.joinpoint.MethodInvocation.invokeNext(MethodInvocation.java:102)
	at org.jboss.aspects.tx.ClientTxPropagationInterceptor.invoke(ClientTxPropagationInterceptor.java:61)
	at org.jboss.aop.joinpoint.MethodInvocation.invokeNext(MethodInvocation.java:102)
	at org.jboss.ejb3.security.client.SecurityClientInterceptor.invoke(SecurityClientInterceptor.java:65)
	at org.jboss.aop.joinpoint.MethodInvocation.invokeNext(MethodInvocation.java:102)
	at org.jboss.ejb3.remoting.IsLocalInterceptor.invoke(IsLocalInterceptor.java:77)
	at org.jboss.aop.joinpoint.MethodInvocation.invokeNext(MethodInvocation.java:102)
	at org.jboss.ejb3.async.impl.interceptor.AsynchronousClientInterceptor.invoke(AsynchronousClientInterceptor.java:143)
	at org.jboss.aop.joinpoint.MethodInvocation.invokeNext(MethodInvocation.java:102)
	at org.jboss.aspects.remoting.PojiProxy.invoke(PojiProxy.java:62)
	at $Proxy8.invoke(Unknown Source)
	at org.jboss.ejb3.proxy.impl.handler.session.SessionProxyInvocationHandlerBase.invoke(SessionProxyInvocationHandlerBase.java:185)
	at $Proxy7.doLogin(Unknown Source)
	at com.elitecore.cpe.bl.delegates.system.user.UserBD.doLogin(Unknown Source)
	at com.elitecore.test.base.BaseTestCase.getBDSessionContext(Unknown Source)
	at com.elitecore.test.attributemgt.AttributeTestCase.setUp(Unknown Source)
	at junit.framework.TestCase.runBare(TestCase.java:139)
	at junit.framework.TestResult$1.protect(TestResult.java:122)
	at junit.framework.TestResult.runProtected(TestResult.java:142)
	at junit.framework.TestResult.run(TestResult.java:125)
	at junit.framework.TestCase.run(TestCase.java:129)
	at junit.framework.TestSuite.runTest(TestSuite.java:255)
	at junit.framework.TestSuite.run(TestSuite.java:250)
	at org.apache.tools.ant.taskdefs.optional.junit.JUnitTestRunner.run(JUnitTestRunner.java:532)
	at org.apache.tools.ant.taskdefs.optional.junit.JUnitTestRunner.launch(JUnitTestRunner.java:1179)
	at org.apache.tools.ant.taskdefs.optional.junit.JUnitTestRunner.main(JUnitTestRunner.java:1030)
]]></system-err>
</testsuite>
